{"D:\\quan ly dang vien\\backend\\src\\domain\\constants\\member.constants.js": {"path":"D:\\quan ly dang vien\\backend\\src\\domain\\constants\\member.constants.js","statementMap":{"0":{"start":{"line":2,"column":14},"end":{"line":5,"column":2}},"1":{"start":{"line":8,"column":26},"end":{"line":13,"column":2}},"2":{"start":{"line":16,"column":22},"end":{"line":19,"column":2}},"3":{"start":{"line":21,"column":23},"end":{"line":50,"column":1}},"4":{"start":{"line":52,"column":0},"end":{"line":57,"column":2}}},"fnMap":{},"branchMap":{},"s":{"0":11,"1":11,"2":11,"3":11,"4":11},"f":{},"b":{},"_coverageSchema":"1a1c01bbd47fc00a2c39e90264f33305004495a9","hash":"682a1d82ba369f71287c629fa2661c70ab744d3c"}
,"D:\\quan ly dang vien\\backend\\src\\domain\\mappers\\decision.mapper.js": {"path":"D:\\quan ly dang vien\\backend\\src\\domain\\mappers\\decision.mapper.js","statementMap":{"0":{"start":{"line":6,"column":22},"end":{"line":19,"column":1}},"1":{"start":{"line":7,"column":2},"end":{"line":7,"column":23}},"2":{"start":{"line":7,"column":11},"end":{"line":7,"column":23}},"3":{"start":{"line":8,"column":2},"end":{"line":18,"column":4}},"4":{"start":{"line":26,"column":26},"end":{"line":26,"column":64}},"5":{"start":{"line":26,"column":41},"end":{"line":26,"column":64}},"6":{"start":{"line":33,"column":16},"end":{"line":39,"column":2}},"7":{"start":{"line":33,"column":29},"end":{"line":39,"column":1}},"8":{"start":{"line":41,"column":0},"end":{"line":41,"column":63}}},"fnMap":{"0":{"name":"(anonymous_0)","decl":{"start":{"line":6,"column":22},"end":{"line":6,"column":23}},"loc":{"start":{"line":6,"column":30},"end":{"line":19,"column":1}},"line":6},"1":{"name":"(anonymous_1)","decl":{"start":{"line":26,"column":26},"end":{"line":26,"column":27}},"loc":{"start":{"line":26,"column":41},"end":{"line":26,"column":64}},"line":26},"2":{"name":"(anonymous_2)","decl":{"start":{"line":33,"column":16},"end":{"line":33,"column":17}},"loc":{"start":{"line":33,"column":29},"end":{"line":39,"column":1}},"line":33}},"branchMap":{"0":{"loc":{"start":{"line":7,"column":2},"end":{"line":7,"column":23}},"type":"if","locations":[{"start":{"line":7,"column":2},"end":{"line":7,"column":23}},{"start":{},"end":{}}],"line":7},"1":{"loc":{"start":{"line":26,"column":27},"end":{"line":26,"column":36}},"type":"default-arg","locations":[{"start":{"line":26,"column":34},"end":{"line":26,"column":36}}],"line":26},"2":{"loc":{"start":{"line":33,"column":17},"end":{"line":33,"column":23}},"type":"default-arg","locations":[{"start":{"line":33,"column":21},"end":{"line":33,"column":23}}],"line":33}},"s":{"0":1,"1":5,"2":2,"3":3,"4":1,"5":3,"6":1,"7":2,"8":1},"f":{"0":5,"1":3,"2":2},"b":{"0":[2,3],"1":[1],"2":[1]},"_coverageSchema":"1a1c01bbd47fc00a2c39e90264f33305004495a9","hash":"eed6f118c7c86f0985ac8825dc1d6add7930f820"}
,"D:\\quan ly dang vien\\backend\\src\\domain\\mappers\\member.mapper.js": {"path":"D:\\quan ly dang vien\\backend\\src\\domain\\mappers\\member.mapper.js","statementMap":{"0":{"start":{"line":7,"column":24},"end":{"line":35,"column":1}},"1":{"start":{"line":8,"column":2},"end":{"line":8,"column":71}},"2":{"start":{"line":8,"column":25},"end":{"line":8,"column":71}},"3":{"start":{"line":9,"column":18},"end":{"line":9,"column":23}},"4":{"start":{"line":10,"column":18},"end":{"line":10,"column":20}},"5":{"start":{"line":11,"column":2},"end":{"line":16,"column":3}},"6":{"start":{"line":12,"column":16},"end":{"line":12,"column":37}},"7":{"start":{"line":13,"column":4},"end":{"line":13,"column":20}},"8":{"start":{"line":13,"column":14},"end":{"line":13,"column":20}},"9":{"start":{"line":14,"column":4},"end":{"line":14,"column":26}},"10":{"start":{"line":15,"column":4},"end":{"line":15,"column":79}},"11":{"start":{"line":17,"column":2},"end":{"line":17,"column":20}},"12":{"start":{"line":19,"column":15},"end":{"line":19,"column":17}},"13":{"start":{"line":20,"column":15},"end":{"line":20,"column":17}},"14":{"start":{"line":21,"column":15},"end":{"line":21,"column":17}},"15":{"start":{"line":23,"column":2},"end":{"line":32,"column":3}},"16":{"start":{"line":24,"column":4},"end":{"line":24,"column":24}},"17":{"start":{"line":25,"column":9},"end":{"line":32,"column":3}},"18":{"start":{"line":26,"column":4},"end":{"line":26,"column":24}},"19":{"start":{"line":27,"column":4},"end":{"line":27,"column":24}},"20":{"start":{"line":28,"column":9},"end":{"line":32,"column":3}},"21":{"start":{"line":29,"column":4},"end":{"line":29,"column":24}},"22":{"start":{"line":30,"column":4},"end":{"line":30,"column":24}},"23":{"start":{"line":31,"column":4},"end":{"line":31,"column":24}},"24":{"start":{"line":34,"column":2},"end":{"line":34,"column":36}},"25":{"start":{"line":43,"column":22},"end":{"line":144,"column":1}},"26":{"start":{"line":44,"column":2},"end":{"line":44,"column":23}},"27":{"start":{"line":44,"column":11},"end":{"line":44,"column":23}},"28":{"start":{"line":46,"column":17},"end":{"line":46,"column":38}},"29":{"start":{"line":47,"column":18},"end":{"line":47,"column":42}},"30":{"start":{"line":48,"column":17},"end":{"line":48,"column":39}},"31":{"start":{"line":49,"column":18},"end":{"line":49,"column":43}},"32":{"start":{"line":50,"column":18},"end":{"line":50,"column":43}},"33":{"start":{"line":51,"column":15},"end":{"line":51,"column":40}},"34":{"start":{"line":52,"column":18},"end":{"line":52,"column":40}},"35":{"start":{"line":54,"column":2},"end":{"line":143,"column":4}},"36":{"start":{"line":136,"column":61},"end":{"line":139,"column":5}},"37":{"start":{"line":146,"column":0},"end":{"line":149,"column":2}}},"fnMap":{"0":{"name":"(anonymous_0)","decl":{"start":{"line":7,"column":24},"end":{"line":7,"column":25}},"loc":{"start":{"line":7,"column":43},"end":{"line":35,"column":1}},"line":7},"1":{"name":"(anonymous_1)","decl":{"start":{"line":43,"column":22},"end":{"line":43,"column":23}},"loc":{"start":{"line":43,"column":45},"end":{"line":144,"column":1}},"line":43},"2":{"name":"(anonymous_2)","decl":{"start":{"line":136,"column":50},"end":{"line":136,"column":51}},"loc":{"start":{"line":136,"column":61},"end":{"line":139,"column":5}},"line":136}},"branchMap":{"0":{"loc":{"start":{"line":8,"column":2},"end":{"line":8,"column":71}},"type":"if","locations":[{"start":{"line":8,"column":2},"end":{"line":8,"column":71}},{"start":{},"end":{}}],"line":8},"1":{"loc":{"start":{"line":8,"column":6},"end":{"line":8,"column":23}},"type":"binary-expr","locations":[{"start":{"line":8,"column":6},"end":{"line":8,"column":12}},{"start":{"line":8,"column":16},"end":{"line":8,"column":23}}],"line":8},"2":{"loc":{"start":{"line":13,"column":4},"end":{"line":13,"column":20}},"type":"if","locations":[{"start":{"line":13,"column":4},"end":{"line":13,"column":20}},{"start":{},"end":{}}],"line":13},"3":{"loc":{"start":{"line":15,"column":16},"end":{"line":15,"column":78}},"type":"cond-expr","locations":[{"start":{"line":15,"column":48},"end":{"line":15,"column":63}},{"start":{"line":15,"column":66},"end":{"line":15,"column":78}}],"line":15},"4":{"loc":{"start":{"line":23,"column":2},"end":{"line":32,"column":3}},"type":"if","locations":[{"start":{"line":23,"column":2},"end":{"line":32,"column":3}},{"start":{"line":25,"column":9},"end":{"line":32,"column":3}}],"line":23},"5":{"loc":{"start":{"line":25,"column":9},"end":{"line":32,"column":3}},"type":"if","locations":[{"start":{"line":25,"column":9},"end":{"line":32,"column":3}},{"start":{"line":28,"column":9},"end":{"line":32,"column":3}}],"line":25},"6":{"loc":{"start":{"line":28,"column":9},"end":{"line":32,"column":3}},"type":"if","locations":[{"start":{"line":28,"column":9},"end":{"line":32,"column":3}},{"start":{},"end":{}}],"line":28},"7":{"loc":{"start":{"line":43,"column":27},"end":{"line":43,"column":40}},"type":"default-arg","locations":[{"start":{"line":43,"column":36},"end":{"line":43,"column":40}}],"line":43},"8":{"loc":{"start":{"line":44,"column":2},"end":{"line":44,"column":23}},"type":"if","locations":[{"start":{"line":44,"column":2},"end":{"line":44,"column":23}},{"start":{},"end":{}}],"line":44},"9":{"loc":{"start":{"line":46,"column":17},"end":{"line":46,"column":38}},"type":"binary-expr","locations":[{"start":{"line":46,"column":17},"end":{"line":46,"column":32}},{"start":{"line":46,"column":36},"end":{"line":46,"column":38}}],"line":46},"10":{"loc":{"start":{"line":47,"column":18},"end":{"line":47,"column":42}},"type":"binary-expr","locations":[{"start":{"line":47,"column":18},"end":{"line":47,"column":36}},{"start":{"line":47,"column":40},"end":{"line":47,"column":42}}],"line":47},"11":{"loc":{"start":{"line":48,"column":17},"end":{"line":48,"column":39}},"type":"binary-expr","locations":[{"start":{"line":48,"column":17},"end":{"line":48,"column":33}},{"start":{"line":48,"column":37},"end":{"line":48,"column":39}}],"line":48},"12":{"loc":{"start":{"line":49,"column":18},"end":{"line":49,"column":43}},"type":"binary-expr","locations":[{"start":{"line":49,"column":18},"end":{"line":49,"column":37}},{"start":{"line":49,"column":41},"end":{"line":49,"column":43}}],"line":49},"13":{"loc":{"start":{"line":50,"column":18},"end":{"line":50,"column":43}},"type":"binary-expr","locations":[{"start":{"line":50,"column":18},"end":{"line":50,"column":37}},{"start":{"line":50,"column":41},"end":{"line":50,"column":43}}],"line":50},"14":{"loc":{"start":{"line":51,"column":15},"end":{"line":51,"column":40}},"type":"binary-expr","locations":[{"start":{"line":51,"column":15},"end":{"line":51,"column":34}},{"start":{"line":51,"column":38},"end":{"line":51,"column":40}}],"line":51},"15":{"loc":{"start":{"line":52,"column":18},"end":{"line":52,"column":40}},"type":"binary-expr","locations":[{"start":{"line":52,"column":18},"end":{"line":52,"column":34}},{"start":{"line":52,"column":38},"end":{"line":52,"column":40}}],"line":52},"16":{"loc":{"start":{"line":57,"column":16},"end":{"line":64,"column":12}},"type":"cond-expr","locations":[{"start":{"line":58,"column":8},"end":{"line":63,"column":9}},{"start":{"line":64,"column":8},"end":{"line":64,"column":12}}],"line":57},"17":{"loc":{"start":{"line":72,"column":19},"end":{"line":72,"column":45}},"type":"binary-expr","locations":[{"start":{"line":72,"column":19},"end":{"line":72,"column":39}},{"start":{"line":72,"column":43},"end":{"line":72,"column":45}}],"line":72},"18":{"loc":{"start":{"line":73,"column":19},"end":{"line":73,"column":45}},"type":"binary-expr","locations":[{"start":{"line":73,"column":19},"end":{"line":73,"column":39}},{"start":{"line":73,"column":43},"end":{"line":73,"column":45}}],"line":73},"19":{"loc":{"start":{"line":74,"column":14},"end":{"line":74,"column":38}},"type":"binary-expr","locations":[{"start":{"line":74,"column":14},"end":{"line":74,"column":29}},{"start":{"line":74,"column":33},"end":{"line":74,"column":38}}],"line":74},"20":{"loc":{"start":{"line":76,"column":13},"end":{"line":76,"column":33}},"type":"binary-expr","locations":[{"start":{"line":76,"column":13},"end":{"line":76,"column":27}},{"start":{"line":76,"column":31},"end":{"line":76,"column":33}}],"line":76},"21":{"loc":{"start":{"line":77,"column":13},"end":{"line":77,"column":33}},"type":"binary-expr","locations":[{"start":{"line":77,"column":13},"end":{"line":77,"column":27}},{"start":{"line":77,"column":31},"end":{"line":77,"column":33}}],"line":77},"22":{"loc":{"start":{"line":78,"column":18},"end":{"line":78,"column":43}},"type":"binary-expr","locations":[{"start":{"line":78,"column":18},"end":{"line":78,"column":37}},{"start":{"line":78,"column":41},"end":{"line":78,"column":43}}],"line":78},"23":{"loc":{"start":{"line":79,"column":15},"end":{"line":79,"column":37}},"type":"binary-expr","locations":[{"start":{"line":79,"column":15},"end":{"line":79,"column":31}},{"start":{"line":79,"column":35},"end":{"line":79,"column":37}}],"line":79},"24":{"loc":{"start":{"line":80,"column":12},"end":{"line":80,"column":31}},"type":"binary-expr","locations":[{"start":{"line":80,"column":12},"end":{"line":80,"column":25}},{"start":{"line":80,"column":29},"end":{"line":80,"column":31}}],"line":80},"25":{"loc":{"start":{"line":81,"column":13},"end":{"line":81,"column":33}},"type":"binary-expr","locations":[{"start":{"line":81,"column":13},"end":{"line":81,"column":27}},{"start":{"line":81,"column":31},"end":{"line":81,"column":33}}],"line":81},"26":{"loc":{"start":{"line":82,"column":22},"end":{"line":82,"column":51}},"type":"binary-expr","locations":[{"start":{"line":82,"column":22},"end":{"line":82,"column":45}},{"start":{"line":82,"column":49},"end":{"line":82,"column":51}}],"line":82},"27":{"loc":{"start":{"line":83,"column":23},"end":{"line":83,"column":53}},"type":"binary-expr","locations":[{"start":{"line":83,"column":23},"end":{"line":83,"column":47}},{"start":{"line":83,"column":51},"end":{"line":83,"column":53}}],"line":83},"28":{"loc":{"start":{"line":84,"column":26},"end":{"line":84,"column":59}},"type":"binary-expr","locations":[{"start":{"line":84,"column":26},"end":{"line":84,"column":53}},{"start":{"line":84,"column":57},"end":{"line":84,"column":59}}],"line":84},"29":{"loc":{"start":{"line":87,"column":18},"end":{"line":87,"column":44}},"type":"binary-expr","locations":[{"start":{"line":87,"column":18},"end":{"line":87,"column":38}},{"start":{"line":87,"column":42},"end":{"line":87,"column":44}}],"line":87},"30":{"loc":{"start":{"line":88,"column":21},"end":{"line":88,"column":50}},"type":"binary-expr","locations":[{"start":{"line":88,"column":21},"end":{"line":88,"column":44}},{"start":{"line":88,"column":48},"end":{"line":88,"column":50}}],"line":88},"31":{"loc":{"start":{"line":89,"column":16},"end":{"line":89,"column":40}},"type":"binary-expr","locations":[{"start":{"line":89,"column":16},"end":{"line":89,"column":34}},{"start":{"line":89,"column":38},"end":{"line":89,"column":40}}],"line":89},"32":{"loc":{"start":{"line":90,"column":21},"end":{"line":90,"column":50}},"type":"binary-expr","locations":[{"start":{"line":90,"column":21},"end":{"line":90,"column":44}},{"start":{"line":90,"column":48},"end":{"line":90,"column":50}}],"line":90},"33":{"loc":{"start":{"line":91,"column":16},"end":{"line":91,"column":40}},"type":"binary-expr","locations":[{"start":{"line":91,"column":16},"end":{"line":91,"column":34}},{"start":{"line":91,"column":38},"end":{"line":91,"column":40}}],"line":91},"34":{"loc":{"start":{"line":94,"column":20},"end":{"line":94,"column":48}},"type":"binary-expr","locations":[{"start":{"line":94,"column":20},"end":{"line":94,"column":42}},{"start":{"line":94,"column":46},"end":{"line":94,"column":48}}],"line":94},"35":{"loc":{"start":{"line":95,"column":21},"end":{"line":95,"column":50}},"type":"binary-expr","locations":[{"start":{"line":95,"column":21},"end":{"line":95,"column":44}},{"start":{"line":95,"column":48},"end":{"line":95,"column":50}}],"line":95},"36":{"loc":{"start":{"line":96,"column":16},"end":{"line":96,"column":40}},"type":"binary-expr","locations":[{"start":{"line":96,"column":16},"end":{"line":96,"column":34}},{"start":{"line":96,"column":38},"end":{"line":96,"column":40}}],"line":96},"37":{"loc":{"start":{"line":98,"column":17},"end":{"line":98,"column":42}},"type":"binary-expr","locations":[{"start":{"line":98,"column":17},"end":{"line":98,"column":36}},{"start":{"line":98,"column":40},"end":{"line":98,"column":42}}],"line":98},"38":{"loc":{"start":{"line":101,"column":21},"end":{"line":101,"column":50}},"type":"binary-expr","locations":[{"start":{"line":101,"column":21},"end":{"line":101,"column":44}},{"start":{"line":101,"column":48},"end":{"line":101,"column":50}}],"line":101},"39":{"loc":{"start":{"line":105,"column":12},"end":{"line":105,"column":32}},"type":"binary-expr","locations":[{"start":{"line":105,"column":12},"end":{"line":105,"column":26}},{"start":{"line":105,"column":30},"end":{"line":105,"column":32}}],"line":105},"40":{"loc":{"start":{"line":106,"column":19},"end":{"line":106,"column":46}},"type":"binary-expr","locations":[{"start":{"line":106,"column":19},"end":{"line":106,"column":40}},{"start":{"line":106,"column":44},"end":{"line":106,"column":46}}],"line":106},"41":{"loc":{"start":{"line":108,"column":21},"end":{"line":108,"column":49}},"type":"binary-expr","locations":[{"start":{"line":108,"column":21},"end":{"line":108,"column":43}},{"start":{"line":108,"column":47},"end":{"line":108,"column":49}}],"line":108},"42":{"loc":{"start":{"line":109,"column":23},"end":{"line":109,"column":53}},"type":"binary-expr","locations":[{"start":{"line":109,"column":23},"end":{"line":109,"column":47}},{"start":{"line":109,"column":51},"end":{"line":109,"column":53}}],"line":109},"43":{"loc":{"start":{"line":110,"column":19},"end":{"line":110,"column":45}},"type":"binary-expr","locations":[{"start":{"line":110,"column":19},"end":{"line":110,"column":39}},{"start":{"line":110,"column":43},"end":{"line":110,"column":45}}],"line":110},"44":{"loc":{"start":{"line":111,"column":11},"end":{"line":111,"column":29}},"type":"binary-expr","locations":[{"start":{"line":111,"column":11},"end":{"line":111,"column":23}},{"start":{"line":111,"column":27},"end":{"line":111,"column":29}}],"line":111},"45":{"loc":{"start":{"line":112,"column":12},"end":{"line":112,"column":31}},"type":"binary-expr","locations":[{"start":{"line":112,"column":12},"end":{"line":112,"column":25}},{"start":{"line":112,"column":29},"end":{"line":112,"column":31}}],"line":112},"46":{"loc":{"start":{"line":113,"column":20},"end":{"line":113,"column":47}},"type":"binary-expr","locations":[{"start":{"line":113,"column":20},"end":{"line":113,"column":41}},{"start":{"line":113,"column":45},"end":{"line":113,"column":47}}],"line":113},"47":{"loc":{"start":{"line":114,"column":14},"end":{"line":114,"column":35}},"type":"binary-expr","locations":[{"start":{"line":114,"column":14},"end":{"line":114,"column":29}},{"start":{"line":114,"column":33},"end":{"line":114,"column":35}}],"line":114},"48":{"loc":{"start":{"line":115,"column":12},"end":{"line":115,"column":31}},"type":"binary-expr","locations":[{"start":{"line":115,"column":12},"end":{"line":115,"column":25}},{"start":{"line":115,"column":29},"end":{"line":115,"column":31}}],"line":115},"49":{"loc":{"start":{"line":117,"column":22},"end":{"line":117,"column":52}},"type":"binary-expr","locations":[{"start":{"line":117,"column":22},"end":{"line":117,"column":46}},{"start":{"line":117,"column":50},"end":{"line":117,"column":52}}],"line":117},"50":{"loc":{"start":{"line":118,"column":20},"end":{"line":118,"column":48}},"type":"binary-expr","locations":[{"start":{"line":118,"column":20},"end":{"line":118,"column":42}},{"start":{"line":118,"column":46},"end":{"line":118,"column":48}}],"line":118},"51":{"loc":{"start":{"line":119,"column":19},"end":{"line":119,"column":49}},"type":"binary-expr","locations":[{"start":{"line":119,"column":19},"end":{"line":119,"column":40}},{"start":{"line":119,"column":44},"end":{"line":119,"column":49}}],"line":119},"52":{"loc":{"start":{"line":120,"column":19},"end":{"line":120,"column":49}},"type":"binary-expr","locations":[{"start":{"line":120,"column":19},"end":{"line":120,"column":40}},{"start":{"line":120,"column":44},"end":{"line":120,"column":49}}],"line":120},"53":{"loc":{"start":{"line":121,"column":12},"end":{"line":121,"column":31}},"type":"binary-expr","locations":[{"start":{"line":121,"column":12},"end":{"line":121,"column":25}},{"start":{"line":121,"column":29},"end":{"line":121,"column":31}}],"line":121},"54":{"loc":{"start":{"line":122,"column":13},"end":{"line":122,"column":33}},"type":"binary-expr","locations":[{"start":{"line":122,"column":13},"end":{"line":122,"column":27}},{"start":{"line":122,"column":31},"end":{"line":122,"column":33}}],"line":122},"55":{"loc":{"start":{"line":125,"column":16},"end":{"line":125,"column":37}},"type":"binary-expr","locations":[{"start":{"line":125,"column":16},"end":{"line":125,"column":31}},{"start":{"line":125,"column":35},"end":{"line":125,"column":37}}],"line":125},"56":{"loc":{"start":{"line":126,"column":17},"end":{"line":126,"column":39}},"type":"binary-expr","locations":[{"start":{"line":126,"column":17},"end":{"line":126,"column":33}},{"start":{"line":126,"column":37},"end":{"line":126,"column":39}}],"line":126},"57":{"loc":{"start":{"line":127,"column":23},"end":{"line":127,"column":51}},"type":"binary-expr","locations":[{"start":{"line":127,"column":23},"end":{"line":127,"column":45}},{"start":{"line":127,"column":49},"end":{"line":127,"column":51}}],"line":127},"58":{"loc":{"start":{"line":128,"column":12},"end":{"line":128,"column":29}},"type":"binary-expr","locations":[{"start":{"line":128,"column":12},"end":{"line":128,"column":23}},{"start":{"line":128,"column":27},"end":{"line":128,"column":29}}],"line":128},"59":{"loc":{"start":{"line":130,"column":19},"end":{"line":130,"column":46}},"type":"binary-expr","locations":[{"start":{"line":130,"column":19},"end":{"line":130,"column":40}},{"start":{"line":130,"column":44},"end":{"line":130,"column":46}}],"line":130},"60":{"loc":{"start":{"line":131,"column":21},"end":{"line":131,"column":50}},"type":"binary-expr","locations":[{"start":{"line":131,"column":21},"end":{"line":131,"column":44}},{"start":{"line":131,"column":48},"end":{"line":131,"column":50}}],"line":131},"61":{"loc":{"start":{"line":132,"column":20},"end":{"line":132,"column":48}},"type":"binary-expr","locations":[{"start":{"line":132,"column":20},"end":{"line":132,"column":42}},{"start":{"line":132,"column":46},"end":{"line":132,"column":48}}],"line":132},"62":{"loc":{"start":{"line":134,"column":19},"end":{"line":134,"column":49}},"type":"binary-expr","locations":[{"start":{"line":134,"column":19},"end":{"line":134,"column":43}},{"start":{"line":134,"column":47},"end":{"line":134,"column":49}}],"line":134},"63":{"loc":{"start":{"line":135,"column":21},"end":{"line":135,"column":45}},"type":"binary-expr","locations":[{"start":{"line":135,"column":21},"end":{"line":135,"column":39}},{"start":{"line":135,"column":43},"end":{"line":135,"column":45}}],"line":135},"64":{"loc":{"start":{"line":136,"column":21},"end":{"line":136,"column":44}},"type":"binary-expr","locations":[{"start":{"line":136,"column":21},"end":{"line":136,"column":38}},{"start":{"line":136,"column":42},"end":{"line":136,"column":44}}],"line":136},"65":{"loc":{"start":{"line":140,"column":21},"end":{"line":140,"column":45}},"type":"binary-expr","locations":[{"start":{"line":140,"column":21},"end":{"line":140,"column":39}},{"start":{"line":140,"column":43},"end":{"line":140,"column":45}}],"line":140},"66":{"loc":{"start":{"line":141,"column":19},"end":{"line":141,"column":43}},"type":"binary-expr","locations":[{"start":{"line":141,"column":19},"end":{"line":141,"column":37}},{"start":{"line":141,"column":41},"end":{"line":141,"column":43}}],"line":141},"67":{"loc":{"start":{"line":142,"column":20},"end":{"line":142,"column":44}},"type":"binary-expr","locations":[{"start":{"line":142,"column":20},"end":{"line":142,"column":38}},{"start":{"line":142,"column":42},"end":{"line":142,"column":44}}],"line":142}},"s":{"0":2,"1":10,"2":2,"3":8,"4":8,"5":8,"6":18,"7":18,"8":1,"9":17,"10":17,"11":8,"12":8,"13":8,"14":8,"15":8,"16":2,"17":6,"18":1,"19":1,"20":5,"21":4,"22":4,"23":4,"24":8,"25":2,"26":8,"27":2,"28":6,"29":6,"30":6,"31":6,"32":6,"33":6,"34":6,"35":6,"36":4,"37":2},"f":{"0":10,"1":8,"2":4},"b":{"0":[2,8],"1":[10,9],"2":[1,17],"3":[16,1],"4":[2,6],"5":[1,5],"6":[4,1],"7":[3],"8":[2,6],"9":[6,2],"10":[6,2],"11":[6,2],"12":[6,2],"13":[6,2],"14":[6,2],"15":[6,2],"16":[3,3],"17":[6,2],"18":[6,2],"19":[6,2],"20":[6,2],"21":[6,2],"22":[6,2],"23":[6,2],"24":[6,2],"25":[6,2],"26":[6,2],"27":[6,2],"28":[6,2],"29":[6,2],"30":[6,2],"31":[6,2],"32":[6,2],"33":[6,2],"34":[6,2],"35":[6,2],"36":[6,2],"37":[6,2],"38":[6,2],"39":[6,2],"40":[6,2],"41":[6,2],"42":[6,5],"43":[6,2],"44":[6,2],"45":[6,5],"46":[6,2],"47":[6,2],"48":[6,2],"49":[6,3],"50":[6,5],"51":[6,4],"52":[6,5],"53":[6,2],"54":[6,5],"55":[6,2],"56":[6,2],"57":[6,5],"58":[6,5],"59":[6,5],"60":[6,5],"61":[6,5],"62":[6,1],"63":[6,1],"64":[6,1],"65":[6,1],"66":[6,1],"67":[6,5]},"_coverageSchema":"1a1c01bbd47fc00a2c39e90264f33305004495a9","hash":"414791f3674047af386f41cf52fb2825f964f608"}
,"D:\\quan ly dang vien\\backend\\src\\domain\\validators\\member.validation.js": {"path":"D:\\quan ly dang vien\\backend\\src\\domain\\validators\\member.validation.js","statementMap":{"0":{"start":{"line":6,"column":28},"end":{"line":121,"column":1}},"1":{"start":{"line":7,"column":19},"end":{"line":7,"column":83}},"2":{"start":{"line":8,"column":2},"end":{"line":10,"column":3}},"3":{"start":{"line":9,"column":4},"end":{"line":9,"column":45}},"4":{"start":{"line":12,"column":14},"end":{"line":12,"column":63}},"5":{"start":{"line":13,"column":2},"end":{"line":13,"column":53}},"6":{"start":{"line":13,"column":12},"end":{"line":13,"column":53}},"7":{"start":{"line":15,"column":18},"end":{"line":15,"column":31}},"8":{"start":{"line":16,"column":2},"end":{"line":18,"column":3}},"9":{"start":{"line":17,"column":4},"end":{"line":17,"column":68}},"10":{"start":{"line":20,"column":17},"end":{"line":20,"column":72}},"11":{"start":{"line":21,"column":2},"end":{"line":21,"column":56}},"12":{"start":{"line":21,"column":15},"end":{"line":21,"column":56}},"13":{"start":{"line":23,"column":22},"end":{"line":23,"column":90}},"14":{"start":{"line":24,"column":2},"end":{"line":62,"column":3}},"15":{"start":{"line":25,"column":28},"end":{"line":25,"column":49}},"16":{"start":{"line":26,"column":4},"end":{"line":28,"column":5}},"17":{"start":{"line":27,"column":6},"end":{"line":27,"column":59}},"18":{"start":{"line":31,"column":25},"end":{"line":31,"column":78}},"19":{"start":{"line":32,"column":22},"end":{"line":32,"column":69}},"20":{"start":{"line":33,"column":20},"end":{"line":33,"column":65}},"21":{"start":{"line":35,"column":6},"end":{"line":37,"column":60}},"22":{"start":{"line":38,"column":4},"end":{"line":42,"column":5}},"23":{"start":{"line":39,"column":6},"end":{"line":41,"column":8}},"24":{"start":{"line":44,"column":26},"end":{"line":44,"column":100}},"25":{"start":{"line":45,"column":4},"end":{"line":61,"column":5}},"26":{"start":{"line":46,"column":32},"end":{"line":46,"column":55}},"27":{"start":{"line":47,"column":6},"end":{"line":51,"column":7}},"28":{"start":{"line":48,"column":8},"end":{"line":50,"column":10}},"29":{"start":{"line":54,"column":23},"end":{"line":54,"column":68}},"30":{"start":{"line":55,"column":23},"end":{"line":55,"column":66}},"31":{"start":{"line":56,"column":6},"end":{"line":60,"column":7}},"32":{"start":{"line":57,"column":8},"end":{"line":59,"column":10}},"33":{"start":{"line":65,"column":24},"end":{"line":65,"column":98}},"34":{"start":{"line":66,"column":2},"end":{"line":77,"column":3}},"35":{"start":{"line":67,"column":19},"end":{"line":67,"column":47}},"36":{"start":{"line":68,"column":18},"end":{"line":68,"column":34}},"37":{"start":{"line":69,"column":4},"end":{"line":71,"column":5}},"38":{"start":{"line":70,"column":6},"end":{"line":70,"column":117}},"39":{"start":{"line":72,"column":18},"end":{"line":72,"column":35}},"40":{"start":{"line":73,"column":22},"end":{"line":73,"column":44}},"41":{"start":{"line":74,"column":4},"end":{"line":76,"column":5}},"42":{"start":{"line":75,"column":6},"end":{"line":75,"column":104}},"43":{"start":{"line":80,"column":19},"end":{"line":80,"column":78}},"44":{"start":{"line":81,"column":2},"end":{"line":120,"column":3}},"45":{"start":{"line":82,"column":21},"end":{"line":82,"column":58}},"46":{"start":{"line":83,"column":18},"end":{"line":84,"column":70}},"47":{"start":{"line":86,"column":4},"end":{"line":88,"column":5}},"48":{"start":{"line":87,"column":6},"end":{"line":87,"column":145}},"49":{"start":{"line":91,"column":4},"end":{"line":97,"column":5}},"50":{"start":{"line":92,"column":6},"end":{"line":92,"column":22}},"51":{"start":{"line":93,"column":6},"end":{"line":93,"column":24}},"52":{"start":{"line":95,"column":6},"end":{"line":95,"column":24}},"53":{"start":{"line":96,"column":6},"end":{"line":96,"column":22}},"54":{"start":{"line":99,"column":16},"end":{"line":99,"column":36}},"55":{"start":{"line":100,"column":19},"end":{"line":100,"column":32}},"56":{"start":{"line":102,"column":4},"end":{"line":119,"column":5}},"57":{"start":{"line":103,"column":6},"end":{"line":105,"column":7}},"58":{"start":{"line":104,"column":8},"end":{"line":104,"column":119}},"59":{"start":{"line":106,"column":11},"end":{"line":119,"column":5}},"60":{"start":{"line":107,"column":32},"end":{"line":107,"column":83}},"61":{"start":{"line":108,"column":6},"end":{"line":116,"column":7}},"62":{"start":{"line":109,"column":8},"end":{"line":111,"column":9}},"63":{"start":{"line":110,"column":10},"end":{"line":110,"column":107}},"64":{"start":{"line":113,"column":8},"end":{"line":115,"column":9}},"65":{"start":{"line":114,"column":10},"end":{"line":114,"column":96}},"66":{"start":{"line":118,"column":6},"end":{"line":118,"column":126}},"67":{"start":{"line":129,"column":28},"end":{"line":141,"column":1}},"68":{"start":{"line":130,"column":2},"end":{"line":132,"column":3}},"69":{"start":{"line":131,"column":4},"end":{"line":131,"column":64}},"70":{"start":{"line":133,"column":2},"end":{"line":135,"column":3}},"71":{"start":{"line":134,"column":4},"end":{"line":134,"column":78}},"72":{"start":{"line":136,"column":2},"end":{"line":140,"column":3}},"73":{"start":{"line":137,"column":4},"end":{"line":139,"column":6}},"74":{"start":{"line":143,"column":0},"end":{"line":146,"column":2}}},"fnMap":{"0":{"name":"(anonymous_0)","decl":{"start":{"line":6,"column":28},"end":{"line":6,"column":29}},"loc":{"start":{"line":6,"column":38},"end":{"line":121,"column":1}},"line":6},"1":{"name":"(anonymous_1)","decl":{"start":{"line":129,"column":28},"end":{"line":129,"column":29}},"loc":{"start":{"line":129,"column":54},"end":{"line":141,"column":1}},"line":129}},"branchMap":{"0":{"loc":{"start":{"line":7,"column":19},"end":{"line":7,"column":83}},"type":"cond-expr","locations":[{"start":{"line":7,"column":49},"end":{"line":7,"column":62}},{"start":{"line":7,"column":65},"end":{"line":7,"column":83}}],"line":7},"1":{"loc":{"start":{"line":8,"column":2},"end":{"line":10,"column":3}},"type":"if","locations":[{"start":{"line":8,"column":2},"end":{"line":10,"column":3}},{"start":{},"end":{}}],"line":8},"2":{"loc":{"start":{"line":8,"column":6},"end":{"line":8,"column":41}},"type":"binary-expr","locations":[{"start":{"line":8,"column":6},"end":{"line":8,"column":15}},{"start":{"line":8,"column":19},"end":{"line":8,"column":41}}],"line":8},"3":{"loc":{"start":{"line":12,"column":14},"end":{"line":12,"column":63}},"type":"cond-expr","locations":[{"start":{"line":12,"column":39},"end":{"line":12,"column":47}},{"start":{"line":12,"column":50},"end":{"line":12,"column":63}}],"line":12},"4":{"loc":{"start":{"line":13,"column":2},"end":{"line":13,"column":53}},"type":"if","locations":[{"start":{"line":13,"column":2},"end":{"line":13,"column":53}},{"start":{},"end":{}}],"line":13},"5":{"loc":{"start":{"line":16,"column":2},"end":{"line":18,"column":3}},"type":"if","locations":[{"start":{"line":16,"column":2},"end":{"line":18,"column":3}},{"start":{},"end":{}}],"line":16},"6":{"loc":{"start":{"line":20,"column":17},"end":{"line":20,"column":72}},"type":"cond-expr","locations":[{"start":{"line":20,"column":45},"end":{"line":20,"column":56}},{"start":{"line":20,"column":59},"end":{"line":20,"column":72}}],"line":20},"7":{"loc":{"start":{"line":21,"column":2},"end":{"line":21,"column":56}},"type":"if","locations":[{"start":{"line":21,"column":2},"end":{"line":21,"column":56}},{"start":{},"end":{}}],"line":21},"8":{"loc":{"start":{"line":23,"column":22},"end":{"line":23,"column":90}},"type":"cond-expr","locations":[{"start":{"line":23,"column":55},"end":{"line":23,"column":71}},{"start":{"line":23,"column":74},"end":{"line":23,"column":90}}],"line":23},"9":{"loc":{"start":{"line":24,"column":2},"end":{"line":62,"column":3}},"type":"if","locations":[{"start":{"line":24,"column":2},"end":{"line":62,"column":3}},{"start":{},"end":{}}],"line":24},"10":{"loc":{"start":{"line":26,"column":4},"end":{"line":28,"column":5}},"type":"if","locations":[{"start":{"line":26,"column":4},"end":{"line":28,"column":5}},{"start":{},"end":{}}],"line":26},"11":{"loc":{"start":{"line":35,"column":6},"end":{"line":37,"column":60}},"type":"binary-expr","locations":[{"start":{"line":35,"column":6},"end":{"line":35,"column":23}},{"start":{"line":36,"column":7},"end":{"line":36,"column":26}},{"start":{"line":37,"column":9},"end":{"line":37,"column":22}},{"start":{"line":37,"column":27},"end":{"line":37,"column":42}},{"start":{"line":37,"column":46},"end":{"line":37,"column":57}}],"line":35},"12":{"loc":{"start":{"line":38,"column":4},"end":{"line":42,"column":5}},"type":"if","locations":[{"start":{"line":38,"column":4},"end":{"line":42,"column":5}},{"start":{},"end":{}}],"line":38},"13":{"loc":{"start":{"line":44,"column":26},"end":{"line":44,"column":100}},"type":"cond-expr","locations":[{"start":{"line":44,"column":61},"end":{"line":44,"column":79}},{"start":{"line":44,"column":82},"end":{"line":44,"column":100}}],"line":44},"14":{"loc":{"start":{"line":45,"column":4},"end":{"line":61,"column":5}},"type":"if","locations":[{"start":{"line":45,"column":4},"end":{"line":61,"column":5}},{"start":{},"end":{}}],"line":45},"15":{"loc":{"start":{"line":47,"column":6},"end":{"line":51,"column":7}},"type":"if","locations":[{"start":{"line":47,"column":6},"end":{"line":51,"column":7}},{"start":{},"end":{}}],"line":47},"16":{"loc":{"start":{"line":56,"column":6},"end":{"line":60,"column":7}},"type":"if","locations":[{"start":{"line":56,"column":6},"end":{"line":60,"column":7}},{"start":{},"end":{}}],"line":56},"17":{"loc":{"start":{"line":65,"column":24},"end":{"line":65,"column":98}},"type":"cond-expr","locations":[{"start":{"line":65,"column":59},"end":{"line":65,"column":77}},{"start":{"line":65,"column":80},"end":{"line":65,"column":98}}],"line":65},"18":{"loc":{"start":{"line":66,"column":2},"end":{"line":77,"column":3}},"type":"if","locations":[{"start":{"line":66,"column":2},"end":{"line":77,"column":3}},{"start":{},"end":{}}],"line":66},"19":{"loc":{"start":{"line":66,"column":6},"end":{"line":66,"column":58}},"type":"binary-expr","locations":[{"start":{"line":66,"column":6},"end":{"line":66,"column":19}},{"start":{"line":66,"column":23},"end":{"line":66,"column":58}}],"line":66},"20":{"loc":{"start":{"line":69,"column":4},"end":{"line":71,"column":5}},"type":"if","locations":[{"start":{"line":69,"column":4},"end":{"line":71,"column":5}},{"start":{},"end":{}}],"line":69},"21":{"loc":{"start":{"line":74,"column":4},"end":{"line":76,"column":5}},"type":"if","locations":[{"start":{"line":74,"column":4},"end":{"line":76,"column":5}},{"start":{},"end":{}}],"line":74},"22":{"loc":{"start":{"line":74,"column":8},"end":{"line":74,"column":43}},"type":"binary-expr","locations":[{"start":{"line":74,"column":8},"end":{"line":74,"column":21}},{"start":{"line":74,"column":25},"end":{"line":74,"column":43}}],"line":74},"23":{"loc":{"start":{"line":80,"column":19},"end":{"line":80,"column":78}},"type":"cond-expr","locations":[{"start":{"line":80,"column":49},"end":{"line":80,"column":62}},{"start":{"line":80,"column":65},"end":{"line":80,"column":78}}],"line":80},"24":{"loc":{"start":{"line":81,"column":2},"end":{"line":120,"column":3}},"type":"if","locations":[{"start":{"line":81,"column":2},"end":{"line":120,"column":3}},{"start":{},"end":{}}],"line":81},"25":{"loc":{"start":{"line":81,"column":6},"end":{"line":81,"column":48}},"type":"binary-expr","locations":[{"start":{"line":81,"column":6},"end":{"line":81,"column":14}},{"start":{"line":81,"column":18},"end":{"line":81,"column":48}}],"line":81},"26":{"loc":{"start":{"line":83,"column":18},"end":{"line":84,"column":70}},"type":"binary-expr","locations":[{"start":{"line":83,"column":18},"end":{"line":83,"column":70}},{"start":{"line":84,"column":18},"end":{"line":84,"column":70}}],"line":83},"27":{"loc":{"start":{"line":86,"column":4},"end":{"line":88,"column":5}},"type":"if","locations":[{"start":{"line":86,"column":4},"end":{"line":88,"column":5}},{"start":{},"end":{}}],"line":86},"28":{"loc":{"start":{"line":91,"column":4},"end":{"line":97,"column":5}},"type":"if","locations":[{"start":{"line":91,"column":4},"end":{"line":97,"column":5}},{"start":{"line":94,"column":11},"end":{"line":97,"column":5}}],"line":91},"29":{"loc":{"start":{"line":102,"column":4},"end":{"line":119,"column":5}},"type":"if","locations":[{"start":{"line":102,"column":4},"end":{"line":119,"column":5}},{"start":{"line":106,"column":11},"end":{"line":119,"column":5}}],"line":102},"30":{"loc":{"start":{"line":103,"column":6},"end":{"line":105,"column":7}},"type":"if","locations":[{"start":{"line":103,"column":6},"end":{"line":105,"column":7}},{"start":{},"end":{}}],"line":103},"31":{"loc":{"start":{"line":103,"column":10},"end":{"line":103,"column":42}},"type":"binary-expr","locations":[{"start":{"line":103,"column":10},"end":{"line":103,"column":24}},{"start":{"line":103,"column":28},"end":{"line":103,"column":42}}],"line":103},"32":{"loc":{"start":{"line":106,"column":11},"end":{"line":119,"column":5}},"type":"if","locations":[{"start":{"line":106,"column":11},"end":{"line":119,"column":5}},{"start":{"line":117,"column":11},"end":{"line":119,"column":5}}],"line":106},"33":{"loc":{"start":{"line":108,"column":6},"end":{"line":116,"column":7}},"type":"if","locations":[{"start":{"line":108,"column":6},"end":{"line":116,"column":7}},{"start":{"line":112,"column":13},"end":{"line":116,"column":7}}],"line":108},"34":{"loc":{"start":{"line":109,"column":8},"end":{"line":111,"column":9}},"type":"if","locations":[{"start":{"line":109,"column":8},"end":{"line":111,"column":9}},{"start":{},"end":{}}],"line":109},"35":{"loc":{"start":{"line":109,"column":12},"end":{"line":109,"column":34}},"type":"binary-expr","locations":[{"start":{"line":109,"column":12},"end":{"line":109,"column":19}},{"start":{"line":109,"column":23},"end":{"line":109,"column":34}}],"line":109},"36":{"loc":{"start":{"line":113,"column":8},"end":{"line":115,"column":9}},"type":"if","locations":[{"start":{"line":113,"column":8},"end":{"line":115,"column":9}},{"start":{},"end":{}}],"line":113},"37":{"loc":{"start":{"line":113,"column":12},"end":{"line":113,"column":35}},"type":"binary-expr","locations":[{"start":{"line":113,"column":12},"end":{"line":113,"column":19}},{"start":{"line":113,"column":23},"end":{"line":113,"column":35}}],"line":113},"38":{"loc":{"start":{"line":130,"column":2},"end":{"line":132,"column":3}},"type":"if","locations":[{"start":{"line":130,"column":2},"end":{"line":132,"column":3}},{"start":{},"end":{}}],"line":130},"39":{"loc":{"start":{"line":133,"column":2},"end":{"line":135,"column":3}},"type":"if","locations":[{"start":{"line":133,"column":2},"end":{"line":135,"column":3}},{"start":{},"end":{}}],"line":133},"40":{"loc":{"start":{"line":136,"column":2},"end":{"line":140,"column":3}},"type":"if","locations":[{"start":{"line":136,"column":2},"end":{"line":140,"column":3}},{"start":{},"end":{}}],"line":136},"41":{"loc":{"start":{"line":136,"column":31},"end":{"line":136,"column":55}},"type":"binary-expr","locations":[{"start":{"line":136,"column":31},"end":{"line":136,"column":42}},{"start":{"line":136,"column":46},"end":{"line":136,"column":55}}],"line":136}},"s":{"0":1,"1":0,"2":0,"3":0,"4":0,"5":0,"6":0,"7":0,"8":0,"9":0,"10":0,"11":0,"12":0,"13":0,"14":0,"15":0,"16":0,"17":0,"18":0,"19":0,"20":0,"21":0,"22":0,"23":0,"24":0,"25":0,"26":0,"27":0,"28":0,"29":0,"30":0,"31":0,"32":0,"33":0,"34":0,"35":0,"36":0,"37":0,"38":0,"39":0,"40":0,"41":0,"42":0,"43":0,"44":0,"45":0,"46":0,"47":0,"48":0,"49":0,"50":0,"51":0,"52":0,"53":0,"54":0,"55":0,"56":0,"57":0,"58":0,"59":0,"60":0,"61":0,"62":0,"63":0,"64":0,"65":0,"66":0,"67":1,"68":4,"69":1,"70":3,"71":0,"72":3,"73":1,"74":1},"f":{"0":0,"1":4},"b":{"0":[0,0],"1":[0,0],"2":[0,0],"3":[0,0],"4":[0,0],"5":[0,0],"6":[0,0],"7":[0,0],"8":[0,0],"9":[0,0],"10":[0,0],"11":[0,0,0,0,0],"12":[0,0],"13":[0,0],"14":[0,0],"15":[0,0],"16":[0,0],"17":[0,0],"18":[0,0],"19":[0,0],"20":[0,0],"21":[0,0],"22":[0,0],"23":[0,0],"24":[0,0],"25":[0,0],"26":[0,0],"27":[0,0],"28":[0,0],"29":[0,0],"30":[0,0],"31":[0,0],"32":[0,0],"33":[0,0],"34":[0,0],"35":[0,0],"36":[0,0],"37":[0,0],"38":[1,3],"39":[0,3],"40":[1,2],"41":[3,0]},"_coverageSchema":"1a1c01bbd47fc00a2c39e90264f33305004495a9","hash":"f035ab6bb51feabb0afeb0abc7f634d031e60e85"}
,"D:\\quan ly dang vien\\backend\\src\\infrastructure\\audit\\auditContext.js": {"path":"D:\\quan ly dang vien\\backend\\src\\infrastructure\\audit\\auditContext.js","statementMap":{"0":{"start":{"line":1,"column":30},"end":{"line":1,"column":57}},"1":{"start":{"line":3,"column":19},"end":{"line":3,"column":42}},"2":{"start":{"line":8,"column":31},"end":{"line":18,"column":1}},"3":{"start":{"line":9,"column":18},"end":{"line":16,"column":3}},"4":{"start":{"line":17,"column":2},"end":{"line":17,"column":32}},"5":{"start":{"line":24,"column":24},"end":{"line":24,"column":57}},"6":{"start":{"line":24,"column":30},"end":{"line":24,"column":57}},"7":{"start":{"line":26,"column":0},"end":{"line":26,"column":61}}},"fnMap":{"0":{"name":"(anonymous_0)","decl":{"start":{"line":8,"column":31},"end":{"line":8,"column":32}},"loc":{"start":{"line":8,"column":51},"end":{"line":18,"column":1}},"line":8},"1":{"name":"(anonymous_1)","decl":{"start":{"line":24,"column":24},"end":{"line":24,"column":25}},"loc":{"start":{"line":24,"column":30},"end":{"line":24,"column":57}},"line":24}},"branchMap":{"0":{"loc":{"start":{"line":10,"column":13},"end":{"line":10,"column":37}},"type":"binary-expr","locations":[{"start":{"line":10,"column":13},"end":{"line":10,"column":29}},{"start":{"line":10,"column":33},"end":{"line":10,"column":37}}],"line":10},"1":{"loc":{"start":{"line":12,"column":6},"end":{"line":15,"column":10}},"type":"binary-expr","locations":[{"start":{"line":12,"column":6},"end":{"line":12,"column":12}},{"start":{"line":13,"column":6},"end":{"line":13,"column":36}},{"start":{"line":14,"column":6},"end":{"line":14,"column":35}},{"start":{"line":15,"column":6},"end":{"line":15,"column":10}}],"line":12},"2":{"loc":{"start":{"line":24,"column":30},"end":{"line":24,"column":57}},"type":"binary-expr","locations":[{"start":{"line":24,"column":30},"end":{"line":24,"column":51}},{"start":{"line":24,"column":55},"end":{"line":24,"column":57}}],"line":24}},"s":{"0":1,"1":1,"2":1,"3":0,"4":0,"5":1,"6":2,"7":1},"f":{"0":0,"1":2},"b":{"0":[0,0],"1":[0,0,0,0],"2":[2,2]},"_coverageSchema":"1a1c01bbd47fc00a2c39e90264f33305004495a9","hash":"8b10b23d74303cfc24c2b020d7bf89ef293b28f3"}
,"D:\\quan ly dang vien\\backend\\src\\infrastructure\\database\\prisma.js": {"path":"D:\\quan ly dang vien\\backend\\src\\infrastructure\\database\\prisma.js","statementMap":{"0":{"start":{"line":2,"column":23},"end":{"line":2,"column":49}},"1":{"start":{"line":3,"column":28},"end":{"line":3,"column":60}},"2":{"start":{"line":7,"column":4},"end":{"line":7,"column":39}},"3":{"start":{"line":11,"column":4},"end":{"line":11,"column":38}},"4":{"start":{"line":18,"column":4},"end":{"line":18,"column":39}},"5":{"start":{"line":20,"column":15},"end":{"line":295,"column":2}},"6":{"start":{"line":31,"column":8},"end":{"line":35,"column":9}},"7":{"start":{"line":32,"column":10},"end":{"line":32,"column":55}},"8":{"start":{"line":34,"column":10},"end":{"line":34,"column":73}},"9":{"start":{"line":36,"column":8},"end":{"line":36,"column":68}},"10":{"start":{"line":37,"column":8},"end":{"line":37,"column":27}},"11":{"start":{"line":48,"column":8},"end":{"line":50,"column":9}},"12":{"start":{"line":49,"column":10},"end":{"line":49,"column":55}},"13":{"start":{"line":51,"column":8},"end":{"line":51,"column":68}},"14":{"start":{"line":52,"column":8},"end":{"line":52,"column":27}},"15":{"start":{"line":55,"column":8},"end":{"line":57,"column":9}},"16":{"start":{"line":56,"column":10},"end":{"line":56,"column":55}},"17":{"start":{"line":58,"column":8},"end":{"line":58,"column":68}},"18":{"start":{"line":59,"column":8},"end":{"line":59,"column":27}},"19":{"start":{"line":70,"column":39},"end":{"line":70,"column":56}},"20":{"start":{"line":71,"column":23},"end":{"line":71,"column":40}},"21":{"start":{"line":73,"column":8},"end":{"line":85,"column":9}},"22":{"start":{"line":74,"column":28},"end":{"line":74,"column":48}},"23":{"start":{"line":75,"column":10},"end":{"line":84,"column":12}},"24":{"start":{"line":86,"column":8},"end":{"line":86,"column":22}},"25":{"start":{"line":97,"column":39},"end":{"line":97,"column":56}},"26":{"start":{"line":98,"column":24},"end":{"line":98,"column":28}},"27":{"start":{"line":100,"column":8},"end":{"line":107,"column":9}},"28":{"start":{"line":101,"column":10},"end":{"line":106,"column":11}},"29":{"start":{"line":102,"column":29},"end":{"line":102,"column":68}},"30":{"start":{"line":103,"column":12},"end":{"line":103,"column":73}},"31":{"start":{"line":109,"column":23},"end":{"line":109,"column":40}},"32":{"start":{"line":111,"column":8},"end":{"line":127,"column":9}},"33":{"start":{"line":112,"column":31},"end":{"line":112,"column":54}},"34":{"start":{"line":113,"column":31},"end":{"line":113,"column":51}},"35":{"start":{"line":114,"column":23},"end":{"line":114,"column":62}},"36":{"start":{"line":115,"column":10},"end":{"line":126,"column":11}},"37":{"start":{"line":116,"column":12},"end":{"line":125,"column":14}},"38":{"start":{"line":128,"column":8},"end":{"line":128,"column":22}},"39":{"start":{"line":139,"column":39},"end":{"line":139,"column":56}},"40":{"start":{"line":140,"column":29},"end":{"line":140,"column":33}},"41":{"start":{"line":142,"column":8},"end":{"line":149,"column":9}},"42":{"start":{"line":143,"column":10},"end":{"line":148,"column":11}},"43":{"start":{"line":144,"column":29},"end":{"line":144,"column":68}},"44":{"start":{"line":145,"column":12},"end":{"line":145,"column":78}},"45":{"start":{"line":151,"column":23},"end":{"line":151,"column":40}},"46":{"start":{"line":153,"column":8},"end":{"line":182,"column":9}},"47":{"start":{"line":154,"column":31},"end":{"line":154,"column":51}},"48":{"start":{"line":155,"column":10},"end":{"line":181,"column":11}},"49":{"start":{"line":156,"column":33},"end":{"line":156,"column":61}},"50":{"start":{"line":157,"column":25},"end":{"line":157,"column":64}},"51":{"start":{"line":158,"column":12},"end":{"line":169,"column":13}},"52":{"start":{"line":159,"column":14},"end":{"line":168,"column":16}},"53":{"start":{"line":171,"column":12},"end":{"line":180,"column":14}},"54":{"start":{"line":183,"column":8},"end":{"line":183,"column":22}},"55":{"start":{"line":194,"column":39},"end":{"line":194,"column":56}},"56":{"start":{"line":195,"column":24},"end":{"line":195,"column":28}},"57":{"start":{"line":197,"column":8},"end":{"line":204,"column":9}},"58":{"start":{"line":198,"column":10},"end":{"line":203,"column":11}},"59":{"start":{"line":199,"column":29},"end":{"line":199,"column":68}},"60":{"start":{"line":200,"column":12},"end":{"line":200,"column":73}},"61":{"start":{"line":207,"column":8},"end":{"line":215,"column":9}},"62":{"start":{"line":208,"column":27},"end":{"line":208,"column":66}},"63":{"start":{"line":209,"column":10},"end":{"line":212,"column":13}},"64":{"start":{"line":214,"column":10},"end":{"line":214,"column":37}},"65":{"start":{"line":217,"column":8},"end":{"line":232,"column":9}},"66":{"start":{"line":218,"column":31},"end":{"line":218,"column":54}},"67":{"start":{"line":219,"column":29},"end":{"line":221,"column":22}},"68":{"start":{"line":222,"column":10},"end":{"line":231,"column":12}},"69":{"start":{"line":233,"column":8},"end":{"line":233,"column":22}},"70":{"start":{"line":244,"column":39},"end":{"line":244,"column":56}},"71":{"start":{"line":245,"column":30},"end":{"line":245,"column":32}},"72":{"start":{"line":247,"column":8},"end":{"line":254,"column":9}},"73":{"start":{"line":248,"column":10},"end":{"line":253,"column":11}},"74":{"start":{"line":249,"column":29},"end":{"line":249,"column":68}},"75":{"start":{"line":250,"column":12},"end":{"line":250,"column":77}},"76":{"start":{"line":257,"column":8},"end":{"line":265,"column":9}},"77":{"start":{"line":258,"column":27},"end":{"line":258,"column":66}},"78":{"start":{"line":259,"column":10},"end":{"line":262,"column":13}},"79":{"start":{"line":264,"column":10},"end":{"line":264,"column":37}},"80":{"start":{"line":267,"column":8},"end":{"line":290,"column":9}},"81":{"start":{"line":272,"column":22},"end":{"line":272,"column":70}},"82":{"start":{"line":272,"column":49},"end":{"line":272,"column":53}},"83":{"start":{"line":273,"column":29},"end":{"line":275,"column":22}},"84":{"start":{"line":276,"column":10},"end":{"line":289,"column":12}},"85":{"start":{"line":285,"column":50},"end":{"line":285,"column":65}},"86":{"start":{"line":291,"column":8},"end":{"line":291,"column":22}},"87":{"start":{"line":297,"column":0},"end":{"line":297,"column":24}}},"fnMap":{"0":{"name":"(anonymous_0)","decl":{"start":{"line":30,"column":6},"end":{"line":30,"column":7}},"loc":{"start":{"line":30,"column":47},"end":{"line":38,"column":7}},"line":30},"1":{"name":"(anonymous_1)","decl":{"start":{"line":47,"column":6},"end":{"line":47,"column":7}},"loc":{"start":{"line":47,"column":46},"end":{"line":53,"column":7}},"line":47},"2":{"name":"(anonymous_2)","decl":{"start":{"line":54,"column":6},"end":{"line":54,"column":7}},"loc":{"start":{"line":54,"column":45},"end":{"line":60,"column":7}},"line":54},"3":{"name":"(anonymous_3)","decl":{"start":{"line":69,"column":6},"end":{"line":69,"column":7}},"loc":{"start":{"line":69,"column":43},"end":{"line":87,"column":7}},"line":69},"4":{"name":"(anonymous_4)","decl":{"start":{"line":96,"column":6},"end":{"line":96,"column":7}},"loc":{"start":{"line":96,"column":43},"end":{"line":129,"column":7}},"line":96},"5":{"name":"(anonymous_5)","decl":{"start":{"line":138,"column":6},"end":{"line":138,"column":7}},"loc":{"start":{"line":138,"column":43},"end":{"line":184,"column":7}},"line":138},"6":{"name":"(anonymous_6)","decl":{"start":{"line":193,"column":6},"end":{"line":193,"column":7}},"loc":{"start":{"line":193,"column":43},"end":{"line":234,"column":7}},"line":193},"7":{"name":"(anonymous_7)","decl":{"start":{"line":243,"column":6},"end":{"line":243,"column":7}},"loc":{"start":{"line":243,"column":47},"end":{"line":292,"column":7}},"line":243},"8":{"name":"(anonymous_8)","decl":{"start":{"line":272,"column":42},"end":{"line":272,"column":43}},"loc":{"start":{"line":272,"column":49},"end":{"line":272,"column":53}},"line":272},"9":{"name":"(anonymous_9)","decl":{"start":{"line":285,"column":43},"end":{"line":285,"column":44}},"loc":{"start":{"line":285,"column":50},"end":{"line":285,"column":65}},"line":285}},"branchMap":{"0":{"loc":{"start":{"line":31,"column":8},"end":{"line":35,"column":9}},"type":"if","locations":[{"start":{"line":31,"column":8},"end":{"line":35,"column":9}},{"start":{},"end":{}}],"line":31},"1":{"loc":{"start":{"line":48,"column":8},"end":{"line":50,"column":9}},"type":"if","locations":[{"start":{"line":48,"column":8},"end":{"line":50,"column":9}},{"start":{},"end":{}}],"line":48},"2":{"loc":{"start":{"line":55,"column":8},"end":{"line":57,"column":9}},"type":"if","locations":[{"start":{"line":55,"column":8},"end":{"line":57,"column":9}},{"start":{},"end":{}}],"line":55},"3":{"loc":{"start":{"line":73,"column":8},"end":{"line":85,"column":9}},"type":"if","locations":[{"start":{"line":73,"column":8},"end":{"line":85,"column":9}},{"start":{},"end":{}}],"line":73},"4":{"loc":{"start":{"line":73,"column":12},"end":{"line":73,"column":48}},"type":"binary-expr","locations":[{"start":{"line":73,"column":12},"end":{"line":73,"column":37}},{"start":{"line":73,"column":41},"end":{"line":73,"column":48}}],"line":73},"5":{"loc":{"start":{"line":80,"column":12},"end":{"line":80,"column":34}},"type":"binary-expr","locations":[{"start":{"line":80,"column":12},"end":{"line":80,"column":21}},{"start":{"line":80,"column":25},"end":{"line":80,"column":34}}],"line":80},"6":{"loc":{"start":{"line":100,"column":8},"end":{"line":107,"column":9}},"type":"if","locations":[{"start":{"line":100,"column":8},"end":{"line":107,"column":9}},{"start":{},"end":{}}],"line":100},"7":{"loc":{"start":{"line":100,"column":12},"end":{"line":100,"column":48}},"type":"binary-expr","locations":[{"start":{"line":100,"column":12},"end":{"line":100,"column":37}},{"start":{"line":100,"column":41},"end":{"line":100,"column":48}}],"line":100},"8":{"loc":{"start":{"line":111,"column":8},"end":{"line":127,"column":9}},"type":"if","locations":[{"start":{"line":111,"column":8},"end":{"line":127,"column":9}},{"start":{},"end":{}}],"line":111},"9":{"loc":{"start":{"line":111,"column":12},"end":{"line":111,"column":61}},"type":"binary-expr","locations":[{"start":{"line":111,"column":12},"end":{"line":111,"column":21}},{"start":{"line":111,"column":25},"end":{"line":111,"column":50}},{"start":{"line":111,"column":54},"end":{"line":111,"column":61}}],"line":111},"10":{"loc":{"start":{"line":115,"column":10},"end":{"line":126,"column":11}},"type":"if","locations":[{"start":{"line":115,"column":10},"end":{"line":126,"column":11}},{"start":{},"end":{}}],"line":115},"11":{"loc":{"start":{"line":121,"column":14},"end":{"line":121,"column":57}},"type":"binary-expr","locations":[{"start":{"line":121,"column":14},"end":{"line":121,"column":23}},{"start":{"line":121,"column":27},"end":{"line":121,"column":57}}],"line":121},"12":{"loc":{"start":{"line":142,"column":8},"end":{"line":149,"column":9}},"type":"if","locations":[{"start":{"line":142,"column":8},"end":{"line":149,"column":9}},{"start":{},"end":{}}],"line":142},"13":{"loc":{"start":{"line":142,"column":12},"end":{"line":142,"column":48}},"type":"binary-expr","locations":[{"start":{"line":142,"column":12},"end":{"line":142,"column":37}},{"start":{"line":142,"column":41},"end":{"line":142,"column":48}}],"line":142},"14":{"loc":{"start":{"line":153,"column":8},"end":{"line":182,"column":9}},"type":"if","locations":[{"start":{"line":153,"column":8},"end":{"line":182,"column":9}},{"start":{},"end":{}}],"line":153},"15":{"loc":{"start":{"line":153,"column":12},"end":{"line":153,"column":48}},"type":"binary-expr","locations":[{"start":{"line":153,"column":12},"end":{"line":153,"column":37}},{"start":{"line":153,"column":41},"end":{"line":153,"column":48}}],"line":153},"16":{"loc":{"start":{"line":155,"column":10},"end":{"line":181,"column":11}},"type":"if","locations":[{"start":{"line":155,"column":10},"end":{"line":181,"column":11}},{"start":{"line":170,"column":17},"end":{"line":181,"column":11}}],"line":155},"17":{"loc":{"start":{"line":158,"column":12},"end":{"line":169,"column":13}},"type":"if","locations":[{"start":{"line":158,"column":12},"end":{"line":169,"column":13}},{"start":{},"end":{}}],"line":158},"18":{"loc":{"start":{"line":164,"column":16},"end":{"line":164,"column":59}},"type":"binary-expr","locations":[{"start":{"line":164,"column":16},"end":{"line":164,"column":25}},{"start":{"line":164,"column":29},"end":{"line":164,"column":59}}],"line":164},"19":{"loc":{"start":{"line":176,"column":14},"end":{"line":176,"column":36}},"type":"binary-expr","locations":[{"start":{"line":176,"column":14},"end":{"line":176,"column":23}},{"start":{"line":176,"column":27},"end":{"line":176,"column":36}}],"line":176},"20":{"loc":{"start":{"line":197,"column":8},"end":{"line":204,"column":9}},"type":"if","locations":[{"start":{"line":197,"column":8},"end":{"line":204,"column":9}},{"start":{},"end":{}}],"line":197},"21":{"loc":{"start":{"line":197,"column":12},"end":{"line":197,"column":48}},"type":"binary-expr","locations":[{"start":{"line":197,"column":12},"end":{"line":197,"column":37}},{"start":{"line":197,"column":41},"end":{"line":197,"column":48}}],"line":197},"22":{"loc":{"start":{"line":207,"column":8},"end":{"line":215,"column":9}},"type":"if","locations":[{"start":{"line":207,"column":8},"end":{"line":215,"column":9}},{"start":{"line":213,"column":15},"end":{"line":215,"column":9}}],"line":207},"23":{"loc":{"start":{"line":211,"column":54},"end":{"line":211,"column":73}},"type":"binary-expr","locations":[{"start":{"line":211,"column":54},"end":{"line":211,"column":61}},{"start":{"line":211,"column":65},"end":{"line":211,"column":73}}],"line":211},"24":{"loc":{"start":{"line":217,"column":8},"end":{"line":232,"column":9}},"type":"if","locations":[{"start":{"line":217,"column":8},"end":{"line":232,"column":9}},{"start":{},"end":{}}],"line":217},"25":{"loc":{"start":{"line":217,"column":12},"end":{"line":217,"column":61}},"type":"binary-expr","locations":[{"start":{"line":217,"column":12},"end":{"line":217,"column":21}},{"start":{"line":217,"column":25},"end":{"line":217,"column":50}},{"start":{"line":217,"column":54},"end":{"line":217,"column":61}}],"line":217},"26":{"loc":{"start":{"line":219,"column":29},"end":{"line":221,"column":22}},"type":"cond-expr","locations":[{"start":{"line":220,"column":14},"end":{"line":220,"column":27}},{"start":{"line":221,"column":14},"end":{"line":221,"column":22}}],"line":219},"27":{"loc":{"start":{"line":227,"column":12},"end":{"line":227,"column":55}},"type":"binary-expr","locations":[{"start":{"line":227,"column":12},"end":{"line":227,"column":21}},{"start":{"line":227,"column":25},"end":{"line":227,"column":55}}],"line":227},"28":{"loc":{"start":{"line":247,"column":8},"end":{"line":254,"column":9}},"type":"if","locations":[{"start":{"line":247,"column":8},"end":{"line":254,"column":9}},{"start":{},"end":{}}],"line":247},"29":{"loc":{"start":{"line":247,"column":12},"end":{"line":247,"column":48}},"type":"binary-expr","locations":[{"start":{"line":247,"column":12},"end":{"line":247,"column":37}},{"start":{"line":247,"column":41},"end":{"line":247,"column":48}}],"line":247},"30":{"loc":{"start":{"line":257,"column":8},"end":{"line":265,"column":9}},"type":"if","locations":[{"start":{"line":257,"column":8},"end":{"line":265,"column":9}},{"start":{"line":263,"column":15},"end":{"line":265,"column":9}}],"line":257},"31":{"loc":{"start":{"line":261,"column":54},"end":{"line":261,"column":73}},"type":"binary-expr","locations":[{"start":{"line":261,"column":54},"end":{"line":261,"column":61}},{"start":{"line":261,"column":65},"end":{"line":261,"column":73}}],"line":261},"32":{"loc":{"start":{"line":267,"column":8},"end":{"line":290,"column":9}},"type":"if","locations":[{"start":{"line":267,"column":8},"end":{"line":290,"column":9}},{"start":{},"end":{}}],"line":267},"33":{"loc":{"start":{"line":268,"column":10},"end":{"line":270,"column":17}},"type":"binary-expr","locations":[{"start":{"line":268,"column":10},"end":{"line":268,"column":36}},{"start":{"line":269,"column":10},"end":{"line":269,"column":35}},{"start":{"line":270,"column":10},"end":{"line":270,"column":17}}],"line":268},"34":{"loc":{"start":{"line":273,"column":29},"end":{"line":275,"column":22}},"type":"cond-expr","locations":[{"start":{"line":274,"column":14},"end":{"line":274,"column":27}},{"start":{"line":275,"column":14},"end":{"line":275,"column":22}}],"line":273},"35":{"loc":{"start":{"line":281,"column":12},"end":{"line":281,"column":36}},"type":"binary-expr","locations":[{"start":{"line":281,"column":12},"end":{"line":281,"column":25}},{"start":{"line":281,"column":29},"end":{"line":281,"column":36}}],"line":281}},"s":{"0":1,"1":1,"2":1,"3":1,"4":1,"5":1,"6":2,"7":1,"8":1,"9":1,"10":1,"11":2,"12":1,"13":2,"14":2,"15":2,"16":1,"17":2,"18":2,"19":0,"20":0,"21":0,"22":0,"23":0,"24":0,"25":0,"26":0,"27":0,"28":0,"29":0,"30":0,"31":0,"32":0,"33":0,"34":0,"35":0,"36":0,"37":0,"38":0,"39":0,"40":0,"41":0,"42":0,"43":0,"44":0,"45":0,"46":0,"47":0,"48":0,"49":0,"50":0,"51":0,"52":0,"53":0,"54":0,"55":1,"56":1,"57":1,"58":0,"59":0,"60":0,"61":1,"62":1,"63":1,"64":0,"65":1,"66":0,"67":0,"68":0,"69":1,"70":1,"71":1,"72":1,"73":0,"74":0,"75":0,"76":1,"77":1,"78":1,"79":0,"80":1,"81":0,"82":0,"83":0,"84":0,"85":0,"86":1,"87":1},"f":{"0":2,"1":2,"2":2,"3":0,"4":0,"5":0,"6":1,"7":1,"8":0,"9":0},"b":{"0":[1,1],"1":[1,1],"2":[1,1],"3":[0,0],"4":[0,0],"5":[0,0],"6":[0,0],"7":[0,0],"8":[0,0],"9":[0,0,0],"10":[0,0],"11":[0,0],"12":[0,0],"13":[0,0],"14":[0,0],"15":[0,0],"16":[0,0],"17":[0,0],"18":[0,0],"19":[0,0],"20":[0,1],"21":[1,1],"22":[1,0],"23":[1,1],"24":[0,1],"25":[1,0,0],"26":[0,0],"27":[0,0],"28":[0,1],"29":[1,1],"30":[1,0],"31":[1,1],"32":[0,1],"33":[1,0,0],"34":[0,0],"35":[0,0]},"_coverageSchema":"1a1c01bbd47fc00a2c39e90264f33305004495a9","hash":"4655890bfdfb0df5cbe3650ac6fffbc8b37917c2"}
,"D:\\quan ly dang vien\\backend\\src\\infrastructure\\database\\extensions\\auditWriter.js": {"path":"D:\\quan ly dang vien\\backend\\src\\infrastructure\\database\\extensions\\auditWriter.js","statementMap":{"0":{"start":{"line":2,"column":23},"end":{"line":2,"column":45}},"1":{"start":{"line":11,"column":2},"end":{"line":11,"column":74}},"2":{"start":{"line":11,"column":28},"end":{"line":11,"column":74}},"3":{"start":{"line":12,"column":18},"end":{"line":12,"column":20}},"4":{"start":{"line":13,"column":18},"end":{"line":13,"column":20}},"5":{"start":{"line":14,"column":18},"end":{"line":14,"column":77}},"6":{"start":{"line":16,"column":2},"end":{"line":31,"column":3}},"7":{"start":{"line":17,"column":4},"end":{"line":24,"column":5}},"8":{"start":{"line":23,"column":6},"end":{"line":23,"column":15}},"9":{"start":{"line":25,"column":19},"end":{"line":25,"column":31}},"10":{"start":{"line":26,"column":19},"end":{"line":26,"column":31}},"11":{"start":{"line":27,"column":4},"end":{"line":30,"column":5}},"12":{"start":{"line":28,"column":6},"end":{"line":28,"column":58}},"13":{"start":{"line":29,"column":6},"end":{"line":29,"column":58}},"14":{"start":{"line":33,"column":2},"end":{"line":33,"column":53}},"15":{"start":{"line":33,"column":41},"end":{"line":33,"column":53}},"16":{"start":{"line":34,"column":2},"end":{"line":34,"column":30}},"17":{"start":{"line":43,"column":2},"end":{"line":43,"column":53}},"18":{"start":{"line":43,"column":41},"end":{"line":43,"column":53}},"19":{"start":{"line":44,"column":20},"end":{"line":44,"column":22}},"20":{"start":{"line":46,"column":2},"end":{"line":74,"column":3}},"21":{"start":{"line":48,"column":4},"end":{"line":55,"column":5}},"22":{"start":{"line":53,"column":6},"end":{"line":53,"column":34}},"23":{"start":{"line":54,"column":6},"end":{"line":54,"column":15}},"24":{"start":{"line":57,"column":4},"end":{"line":72,"column":5}},"25":{"start":{"line":63,"column":6},"end":{"line":70,"column":7}},"26":{"start":{"line":69,"column":8},"end":{"line":69,"column":31}},"27":{"start":{"line":71,"column":6},"end":{"line":71,"column":15}},"28":{"start":{"line":73,"column":4},"end":{"line":73,"column":27}},"29":{"start":{"line":75,"column":2},"end":{"line":75,"column":19}},"30":{"start":{"line":99,"column":2},"end":{"line":117,"column":3}},"31":{"start":{"line":100,"column":15},"end":{"line":100,"column":27}},"32":{"start":{"line":101,"column":16},"end":{"line":101,"column":26}},"33":{"start":{"line":102,"column":4},"end":{"line":114,"column":6}},"34":{"start":{"line":116,"column":4},"end":{"line":116,"column":63}},"35":{"start":{"line":126,"column":2},"end":{"line":126,"column":31}},"36":{"start":{"line":126,"column":14},"end":{"line":126,"column":31}},"37":{"start":{"line":127,"column":2},"end":{"line":127,"column":32}},"38":{"start":{"line":127,"column":16},"end":{"line":127,"column":32}},"39":{"start":{"line":128,"column":2},"end":{"line":128,"column":48}},"40":{"start":{"line":128,"column":24},"end":{"line":128,"column":48}},"41":{"start":{"line":129,"column":2},"end":{"line":129,"column":34}},"42":{"start":{"line":129,"column":17},"end":{"line":129,"column":34}},"43":{"start":{"line":130,"column":2},"end":{"line":130,"column":50}},"44":{"start":{"line":130,"column":25},"end":{"line":130,"column":50}},"45":{"start":{"line":131,"column":2},"end":{"line":131,"column":31}},"46":{"start":{"line":141,"column":23},"end":{"line":141,"column":77}},"47":{"start":{"line":142,"column":2},"end":{"line":142,"column":34}},"48":{"start":{"line":145,"column":0},"end":{"line":151,"column":2}}},"fnMap":{"0":{"name":"computeDiff","decl":{"start":{"line":10,"column":9},"end":{"line":10,"column":20}},"loc":{"start":{"line":10,"column":39},"end":{"line":35,"column":1}},"line":10},"1":{"name":"sanitizeData","decl":{"start":{"line":42,"column":9},"end":{"line":42,"column":21}},"loc":{"start":{"line":42,"column":28},"end":{"line":76,"column":1}},"line":42},"2":{"name":"writeAuditLog","decl":{"start":{"line":89,"column":15},"end":{"line":89,"column":28}},"loc":{"start":{"line":98,"column":2},"end":{"line":118,"column":1}},"line":98},"3":{"name":"extractIdFromWhere","decl":{"start":{"line":125,"column":9},"end":{"line":125,"column":27}},"loc":{"start":{"line":125,"column":35},"end":{"line":132,"column":1}},"line":125},"4":{"name":"getBaseModelAccessor","decl":{"start":{"line":140,"column":9},"end":{"line":140,"column":29}},"loc":{"start":{"line":140,"column":53},"end":{"line":143,"column":1}},"line":140}},"branchMap":{"0":{"loc":{"start":{"line":11,"column":2},"end":{"line":11,"column":74}},"type":"if","locations":[{"start":{"line":11,"column":2},"end":{"line":11,"column":74}},{"start":{},"end":{}}],"line":11},"1":{"loc":{"start":{"line":11,"column":6},"end":{"line":11,"column":26}},"type":"binary-expr","locations":[{"start":{"line":11,"column":6},"end":{"line":11,"column":14}},{"start":{"line":11,"column":18},"end":{"line":11,"column":26}}],"line":11},"2":{"loc":{"start":{"line":17,"column":4},"end":{"line":24,"column":5}},"type":"if","locations":[{"start":{"line":17,"column":4},"end":{"line":24,"column":5}},{"start":{},"end":{}}],"line":17},"3":{"loc":{"start":{"line":18,"column":6},"end":{"line":21,"column":25}},"type":"binary-expr","locations":[{"start":{"line":18,"column":6},"end":{"line":18,"column":25}},{"start":{"line":19,"column":6},"end":{"line":19,"column":25}},{"start":{"line":20,"column":6},"end":{"line":20,"column":25}},{"start":{"line":21,"column":6},"end":{"line":21,"column":25}}],"line":18},"4":{"loc":{"start":{"line":27,"column":4},"end":{"line":30,"column":5}},"type":"if","locations":[{"start":{"line":27,"column":4},"end":{"line":30,"column":5}},{"start":{},"end":{}}],"line":27},"5":{"loc":{"start":{"line":28,"column":21},"end":{"line":28,"column":57}},"type":"cond-expr","locations":[{"start":{"line":28,"column":44},"end":{"line":28,"column":50}},{"start":{"line":28,"column":53},"end":{"line":28,"column":57}}],"line":28},"6":{"loc":{"start":{"line":29,"column":21},"end":{"line":29,"column":57}},"type":"cond-expr","locations":[{"start":{"line":29,"column":44},"end":{"line":29,"column":50}},{"start":{"line":29,"column":53},"end":{"line":29,"column":57}}],"line":29},"7":{"loc":{"start":{"line":33,"column":2},"end":{"line":33,"column":53}},"type":"if","locations":[{"start":{"line":33,"column":2},"end":{"line":33,"column":53}},{"start":{},"end":{}}],"line":33},"8":{"loc":{"start":{"line":43,"column":2},"end":{"line":43,"column":53}},"type":"if","locations":[{"start":{"line":43,"column":2},"end":{"line":43,"column":53}},{"start":{},"end":{}}],"line":43},"9":{"loc":{"start":{"line":43,"column":6},"end":{"line":43,"column":39}},"type":"binary-expr","locations":[{"start":{"line":43,"column":6},"end":{"line":43,"column":11}},{"start":{"line":43,"column":15},"end":{"line":43,"column":39}}],"line":43},"10":{"loc":{"start":{"line":48,"column":4},"end":{"line":55,"column":5}},"type":"if","locations":[{"start":{"line":48,"column":4},"end":{"line":55,"column":5}},{"start":{},"end":{}}],"line":48},"11":{"loc":{"start":{"line":49,"column":6},"end":{"line":51,"column":40}},"type":"binary-expr","locations":[{"start":{"line":49,"column":6},"end":{"line":49,"column":43}},{"start":{"line":50,"column":6},"end":{"line":50,"column":44}},{"start":{"line":51,"column":6},"end":{"line":51,"column":40}}],"line":49},"12":{"loc":{"start":{"line":57,"column":4},"end":{"line":72,"column":5}},"type":"if","locations":[{"start":{"line":57,"column":4},"end":{"line":72,"column":5}},{"start":{},"end":{}}],"line":57},"13":{"loc":{"start":{"line":58,"column":6},"end":{"line":61,"column":30}},"type":"binary-expr","locations":[{"start":{"line":58,"column":6},"end":{"line":58,"column":20}},{"start":{"line":59,"column":6},"end":{"line":59,"column":31}},{"start":{"line":60,"column":6},"end":{"line":60,"column":27}},{"start":{"line":61,"column":6},"end":{"line":61,"column":30}}],"line":58},"14":{"loc":{"start":{"line":63,"column":6},"end":{"line":70,"column":7}},"type":"if","locations":[{"start":{"line":63,"column":6},"end":{"line":70,"column":7}},{"start":{},"end":{}}],"line":63},"15":{"loc":{"start":{"line":64,"column":8},"end":{"line":67,"column":32}},"type":"binary-expr","locations":[{"start":{"line":64,"column":8},"end":{"line":64,"column":17}},{"start":{"line":65,"column":8},"end":{"line":65,"column":31}},{"start":{"line":66,"column":8},"end":{"line":66,"column":33}},{"start":{"line":67,"column":8},"end":{"line":67,"column":32}}],"line":64},"16":{"loc":{"start":{"line":110,"column":6},"end":{"line":110,"column":46}},"type":"cond-expr","locations":[{"start":{"line":110,"column":16},"end":{"line":110,"column":39}},{"start":{"line":110,"column":42},"end":{"line":110,"column":46}}],"line":110},"17":{"loc":{"start":{"line":111,"column":6},"end":{"line":111,"column":46}},"type":"cond-expr","locations":[{"start":{"line":111,"column":16},"end":{"line":111,"column":39}},{"start":{"line":111,"column":42},"end":{"line":111,"column":46}}],"line":111},"18":{"loc":{"start":{"line":112,"column":6},"end":{"line":112,"column":23}},"type":"binary-expr","locations":[{"start":{"line":112,"column":6},"end":{"line":112,"column":15}},{"start":{"line":112,"column":19},"end":{"line":112,"column":23}}],"line":112},"19":{"loc":{"start":{"line":126,"column":2},"end":{"line":126,"column":31}},"type":"if","locations":[{"start":{"line":126,"column":2},"end":{"line":126,"column":31}},{"start":{},"end":{}}],"line":126},"20":{"loc":{"start":{"line":127,"column":2},"end":{"line":127,"column":32}},"type":"if","locations":[{"start":{"line":127,"column":2},"end":{"line":127,"column":32}},{"start":{},"end":{}}],"line":127},"21":{"loc":{"start":{"line":128,"column":2},"end":{"line":128,"column":48}},"type":"if","locations":[{"start":{"line":128,"column":2},"end":{"line":128,"column":48}},{"start":{},"end":{}}],"line":128},"22":{"loc":{"start":{"line":129,"column":2},"end":{"line":129,"column":34}},"type":"if","locations":[{"start":{"line":129,"column":2},"end":{"line":129,"column":34}},{"start":{},"end":{}}],"line":129},"23":{"loc":{"start":{"line":130,"column":2},"end":{"line":130,"column":50}},"type":"if","locations":[{"start":{"line":130,"column":2},"end":{"line":130,"column":50}},{"start":{},"end":{}}],"line":130}},"s":{"0":1,"1":0,"2":0,"3":0,"4":0,"5":0,"6":0,"7":0,"8":0,"9":0,"10":0,"11":0,"12":0,"13":0,"14":0,"15":0,"16":0,"17":0,"18":0,"19":0,"20":0,"21":0,"22":0,"23":0,"24":0,"25":0,"26":0,"27":0,"28":0,"29":0,"30":0,"31":0,"32":0,"33":0,"34":0,"35":0,"36":0,"37":0,"38":0,"39":0,"40":0,"41":0,"42":0,"43":0,"44":0,"45":0,"46":3,"47":3,"48":1},"f":{"0":0,"1":0,"2":0,"3":0,"4":3},"b":{"0":[0,0],"1":[0,0],"2":[0,0],"3":[0,0,0,0],"4":[0,0],"5":[0,0],"6":[0,0],"7":[0,0],"8":[0,0],"9":[0,0],"10":[0,0],"11":[0,0,0],"12":[0,0],"13":[0,0,0,0],"14":[0,0],"15":[0,0,0,0],"16":[0,0],"17":[0,0],"18":[0,0],"19":[0,0],"20":[0,0],"21":[0,0],"22":[0,0],"23":[0,0]},"_coverageSchema":"1a1c01bbd47fc00a2c39e90264f33305004495a9","hash":"dedbaf545f094ffa2156ddd9378c77c96556c63f"}
,"D:\\quan ly dang vien\\backend\\src\\infrastructure\\database\\extensions\\modelConfig.js": {"path":"D:\\quan ly dang vien\\backend\\src\\infrastructure\\database\\extensions\\modelConfig.js","statementMap":{"0":{"start":{"line":3,"column":23},"end":{"line":20,"column":2}},"1":{"start":{"line":22,"column":27},"end":{"line":22,"column":78}},"2":{"start":{"line":24,"column":0},"end":{"line":24,"column":56}}},"fnMap":{},"branchMap":{},"s":{"0":1,"1":1,"2":1},"f":{},"b":{},"_coverageSchema":"1a1c01bbd47fc00a2c39e90264f33305004495a9","hash":"ec80e80ea14102fa17668e477f5cfbf4bbf54790"}
,"D:\\quan ly dang vien\\backend\\src\\infrastructure\\database\\extensions\\softDelete.js": {"path":"D:\\quan ly dang vien\\backend\\src\\infrastructure\\database\\extensions\\softDelete.js","statementMap":{"0":{"start":{"line":7,"column":2},"end":{"line":7,"column":41}},"1":{"start":{"line":7,"column":14},"end":{"line":7,"column":41}},"2":{"start":{"line":9,"column":2},"end":{"line":9,"column":50}},"3":{"start":{"line":9,"column":37},"end":{"line":9,"column":50}},"4":{"start":{"line":10,"column":2},"end":{"line":10,"column":39}},"5":{"start":{"line":13,"column":38},"end":{"line":28,"column":2}},"6":{"start":{"line":37,"column":2},"end":{"line":37,"column":62}},"7":{"start":{"line":37,"column":49},"end":{"line":37,"column":62}},"8":{"start":{"line":38,"column":2},"end":{"line":38,"column":55}},"9":{"start":{"line":38,"column":14},"end":{"line":38,"column":55}},"10":{"start":{"line":39,"column":2},"end":{"line":39,"column":77}},"11":{"start":{"line":39,"column":64},"end":{"line":39,"column":77}},"12":{"start":{"line":40,"column":2},"end":{"line":45,"column":4}},"13":{"start":{"line":48,"column":0},"end":{"line":48,"column":70}}},"fnMap":{"0":{"name":"addSoftDeleteFilter","decl":{"start":{"line":6,"column":9},"end":{"line":6,"column":28}},"loc":{"start":{"line":6,"column":36},"end":{"line":11,"column":1}},"line":6},"1":{"name":"addSoftDeleteRelationFilter","decl":{"start":{"line":36,"column":9},"end":{"line":36,"column":36}},"loc":{"start":{"line":36,"column":51},"end":{"line":46,"column":1}},"line":36}},"branchMap":{"0":{"loc":{"start":{"line":7,"column":2},"end":{"line":7,"column":41}},"type":"if","locations":[{"start":{"line":7,"column":2},"end":{"line":7,"column":41}},{"start":{},"end":{}}],"line":7},"1":{"loc":{"start":{"line":9,"column":2},"end":{"line":9,"column":50}},"type":"if","locations":[{"start":{"line":9,"column":2},"end":{"line":9,"column":50}},{"start":{},"end":{}}],"line":9},"2":{"loc":{"start":{"line":37,"column":2},"end":{"line":37,"column":62}},"type":"if","locations":[{"start":{"line":37,"column":2},"end":{"line":37,"column":62}},{"start":{},"end":{}}],"line":37},"3":{"loc":{"start":{"line":38,"column":2},"end":{"line":38,"column":55}},"type":"if","locations":[{"start":{"line":38,"column":2},"end":{"line":38,"column":55}},{"start":{},"end":{}}],"line":38},"4":{"loc":{"start":{"line":39,"column":2},"end":{"line":39,"column":77}},"type":"if","locations":[{"start":{"line":39,"column":2},"end":{"line":39,"column":77}},{"start":{},"end":{}}],"line":39},"5":{"loc":{"start":{"line":39,"column":6},"end":{"line":39,"column":62}},"type":"binary-expr","locations":[{"start":{"line":39,"column":6},"end":{"line":39,"column":20}},{"start":{"line":39,"column":24},"end":{"line":39,"column":62}}],"line":39},"6":{"loc":{"start":{"line":42,"column":14},"end":{"line":44,"column":27}},"type":"cond-expr","locations":[{"start":{"line":43,"column":8},"end":{"line":43,"column":46}},{"start":{"line":44,"column":8},"end":{"line":44,"column":27}}],"line":42}},"s":{"0":3,"1":0,"2":3,"3":0,"4":3,"5":1,"6":5,"7":2,"8":3,"9":0,"10":3,"11":0,"12":3,"13":1},"f":{"0":3,"1":5},"b":{"0":[0,3],"1":[0,3],"2":[2,3],"3":[0,3],"4":[0,3],"5":[3,0],"6":[0,3]},"_coverageSchema":"1a1c01bbd47fc00a2c39e90264f33305004495a9","hash":"c6fb7be569c7bc8458875e1b36d3c6037a0752e1"}
,"D:\\quan ly dang vien\\backend\\src\\infrastructure\\excel\\memberImportParser.js": {"path":"D:\\quan ly dang vien\\backend\\src\\infrastructure\\excel\\memberImportParser.js","statementMap":{"0":{"start":{"line":1,"column":16},"end":{"line":1,"column":34}},"1":{"start":{"line":8,"column":18},"end":{"line":55,"column":1}},"2":{"start":{"line":9,"column":2},"end":{"line":9,"column":24}},"3":{"start":{"line":9,"column":12},"end":{"line":9,"column":24}},"4":{"start":{"line":10,"column":2},"end":{"line":10,"column":38}},"5":{"start":{"line":10,"column":27},"end":{"line":10,"column":38}},"6":{"start":{"line":11,"column":2},"end":{"line":13,"column":3}},"7":{"start":{"line":12,"column":4},"end":{"line":12,"column":50}},"8":{"start":{"line":14,"column":12},"end":{"line":14,"column":30}},"9":{"start":{"line":15,"column":2},"end":{"line":15,"column":24}},"10":{"start":{"line":15,"column":12},"end":{"line":15,"column":24}},"11":{"start":{"line":17,"column":2},"end":{"line":19,"column":3}},"12":{"start":{"line":18,"column":4},"end":{"line":18,"column":34}},"13":{"start":{"line":21,"column":2},"end":{"line":24,"column":3}},"14":{"start":{"line":22,"column":14},"end":{"line":22,"column":31}},"15":{"start":{"line":23,"column":4},"end":{"line":23,"column":44}},"16":{"start":{"line":23,"column":19},"end":{"line":23,"column":44}},"17":{"start":{"line":26,"column":14},"end":{"line":26,"column":28}},"18":{"start":{"line":27,"column":2},"end":{"line":36,"column":3}},"19":{"start":{"line":28,"column":14},"end":{"line":28,"column":34}},"20":{"start":{"line":29,"column":14},"end":{"line":29,"column":38}},"21":{"start":{"line":30,"column":14},"end":{"line":30,"column":34}},"22":{"start":{"line":31,"column":4},"end":{"line":31,"column":70}},"23":{"start":{"line":31,"column":45},"end":{"line":31,"column":70}},"24":{"start":{"line":32,"column":9},"end":{"line":36,"column":3}},"25":{"start":{"line":33,"column":14},"end":{"line":33,"column":38}},"26":{"start":{"line":34,"column":14},"end":{"line":34,"column":34}},"27":{"start":{"line":35,"column":4},"end":{"line":35,"column":57}},"28":{"start":{"line":35,"column":32},"end":{"line":35,"column":57}},"29":{"start":{"line":38,"column":14},"end":{"line":38,"column":28}},"30":{"start":{"line":39,"column":2},"end":{"line":51,"column":3}},"31":{"start":{"line":40,"column":14},"end":{"line":40,"column":34}},"32":{"start":{"line":41,"column":14},"end":{"line":41,"column":38}},"33":{"start":{"line":42,"column":14},"end":{"line":42,"column":34}},"34":{"start":{"line":43,"column":4},"end":{"line":43,"column":70}},"35":{"start":{"line":43,"column":45},"end":{"line":43,"column":70}},"36":{"start":{"line":44,"column":9},"end":{"line":51,"column":3}},"37":{"start":{"line":45,"column":18},"end":{"line":45,"column":38}},"38":{"start":{"line":46,"column":18},"end":{"line":46,"column":38}},"39":{"start":{"line":47,"column":4},"end":{"line":50,"column":5}},"40":{"start":{"line":48,"column":6},"end":{"line":49,"column":48}},"41":{"start":{"line":48,"column":24},"end":{"line":48,"column":61}},"42":{"start":{"line":49,"column":11},"end":{"line":49,"column":48}},"43":{"start":{"line":53,"column":17},"end":{"line":53,"column":30}},"44":{"start":{"line":54,"column":2},"end":{"line":54,"column":49}},"45":{"start":{"line":62,"column":21},"end":{"line":74,"column":1}},"46":{"start":{"line":63,"column":2},"end":{"line":63,"column":25}},"47":{"start":{"line":63,"column":12},"end":{"line":63,"column":25}},"48":{"start":{"line":64,"column":2},"end":{"line":64,"column":43}},"49":{"start":{"line":64,"column":32},"end":{"line":64,"column":43}},"50":{"start":{"line":65,"column":14},"end":{"line":65,"column":46}},"51":{"start":{"line":66,"column":2},"end":{"line":73,"column":4}},"52":{"start":{"line":81,"column":23},"end":{"line":98,"column":1}},"53":{"start":{"line":82,"column":2},"end":{"line":82,"column":46}},"54":{"start":{"line":82,"column":12},"end":{"line":82,"column":46}},"55":{"start":{"line":83,"column":14},"end":{"line":83,"column":32}},"56":{"start":{"line":84,"column":2},"end":{"line":84,"column":46}},"57":{"start":{"line":84,"column":12},"end":{"line":84,"column":46}},"58":{"start":{"line":86,"column":21},"end":{"line":86,"column":44}},"59":{"start":{"line":87,"column":14},"end":{"line":87,"column":19}},"60":{"start":{"line":88,"column":2},"end":{"line":93,"column":3}},"61":{"start":{"line":89,"column":4},"end":{"line":92,"column":5}},"62":{"start":{"line":90,"column":6},"end":{"line":90,"column":29}},"63"
[...]
57,"column":9},"end":{"line":357,"column":71}},"144":{"start":{"line":357,"column":47},"end":{"line":357,"column":71}},"145":{"start":{"line":361,"column":4},"end":{"line":363,"column":9}},"146":{"start":{"line":365,"column":19},"end":{"line":365,"column":21}},"147":{"start":{"line":366,"column":2},"end":{"line":371,"column":3}},"148":{"start":{"line":367,"column":4},"end":{"line":370,"column":7}},"149":{"start":{"line":373,"column":2},"end":{"line":404,"column":4}},"150":{"start":{"line":414,"column":31},"end":{"line":455,"column":1}},"151":{"start":{"line":415,"column":2},"end":{"line":416,"column":71}},"152":{"start":{"line":416,"column":4},"end":{"line":416,"column":71}},"153":{"start":{"line":417,"column":2},"end":{"line":418,"column":69}},"154":{"start":{"line":418,"column":4},"end":{"line":418,"column":69}},"155":{"start":{"line":420,"column":21},"end":{"line":420,"column":39}},"156":{"start":{"line":421,"column":2},"end":{"line":421,"column":70}},"157":{"start":{"line":421,"column":25},"end":{"line":421,"column":70}},"158":{"start":{"line":423,"column":18},"end":{"line":426,"column":3}},"159":{"start":{"line":428,"column":2},"end":{"line":428,"column":74}},"160":{"start":{"line":428,"column":28},"end":{"line":428,"column":74}},"161":{"start":{"line":431,"column":24},"end":{"line":443,"column":3}},"162":{"start":{"line":433,"column":43},"end":{"line":433,"column":47}},"163":{"start":{"line":445,"column":2},"end":{"line":452,"column":4}},"164":{"start":{"line":454,"column":2},"end":{"line":454,"column":23}},"165":{"start":{"line":457,"column":0},"end":{"line":463,"column":2}}},"fnMap":{"0":{"name":"(anonymous_0)","decl":{"start":{"line":17,"column":29},"end":{"line":17,"column":30}},"loc":{"start":{"line":17,"column":58},"end":{"line":161,"column":1}},"line":17},"1":{"name":"(anonymous_1)","decl":{"start":{"line":41,"column":41},"end":{"line":41,"column":42}},"loc":{"start":{"line":41,"column":48},"end":{"line":51,"column":3}},"line":41},"2":{"name":"(anonymous_2)","decl":{"start":{"line":60,"column":26},"end":{"line":60,"column":27}},"loc":{"start":{"line":60,"column":33},"end":{"line":95,"column":3}},"line":60},"3":{"name":"(anonymous_3)","decl":{"start":{"line":107,"column":4},"end":{"line":107,"column":5}},"loc":{"start":{"line":107,"column":11},"end":{"line":107,"column":41}},"line":107},"4":{"name":"(anonymous_4)","decl":{"start":{"line":111,"column":11},"end":{"line":111,"column":12}},"loc":{"start":{"line":111,"column":18},"end":{"line":111,"column":62}},"line":111},"5":{"name":"(anonymous_5)","decl":{"start":{"line":119,"column":44},"end":{"line":119,"column":45}},"loc":{"start":{"line":119,"column":51},"end":{"line":119,"column":55}},"line":119},"6":{"name":"(anonymous_6)","decl":{"start":{"line":172,"column":30},"end":{"line":172,"column":31}},"loc":{"start":{"line":172,"column":71},"end":{"line":247,"column":1}},"line":172},"7":{"name":"(anonymous_7)","decl":{"start":{"line":186,"column":28},"end":{"line":186,"column":29}},"loc":{"start":{"line":186,"column":42},"end":{"line":213,"column":3}},"line":186},"8":{"name":"(anonymous_8)","decl":{"start":{"line":202,"column":38},"end":{"line":202,"column":39}},"loc":{"start":{"line":202,"column":45},"end":{"line":202,"column":49}},"line":202},"9":{"name":"(anonymous_9)","decl":{"start":{"line":257,"column":29},"end":{"line":257,"column":30}},"loc":{"start":{"line":257,"column":72},"end":{"line":311,"column":1}},"line":257},"10":{"name":"(anonymous_10)","decl":{"start":{"line":272,"column":36},"end":{"line":272,"column":37}},"loc":{"start":{"line":272,"column":43},"end":{"line":272,"column":47}},"line":272},"11":{"name":"(anonymous_11)","decl":{"start":{"line":319,"column":30},"end":{"line":319,"column":31}},"loc":{"start":{"line":319,"column":53},"end":{"line":405,"column":1}},"line":319},"12":{"name":"(anonymous_12)","decl":{"start":{"line":335,"column":41},"end":{"line":335,"column":42}},"loc":{"start":{"line":335,"column":48},"end":{"line":345,"column":3}},"line":335},"13":{"name":"(anonymous_13)","decl":{"start":{"line":348,"column":9},"end":{"line":348,"column":10}},"loc":{"start":{"line":348,"column":16},"end":{"line":348,"column":36}},"line":348},"14":{"name":"(anonymous_14)","decl":{"start":{"line":353,"column":22},"end":{"line":353,"column":23}},"loc":{"start":{"line":353,"column":29},"end":{"line":358,"column":3}},"line":353},"15":{"name":"(anonymous_15)","decl":{"start":{"line":414,"column":31},"end":{"line":414,"column":32}},"loc":{"start":{"line":414,"column":60},"end":{"line":455,"column":1}},"line":414},"16":{"name":"(anonymous_16)","decl":{"start":{"line":433,"column":36},"end":{"line":433,"column":37}},"loc":{"start":{"line":433,"column":43},"end":{"line":433,"column":47}},"line":433}},"branchMap":{"0":{"loc":{"start":{"line":18,"column":2},"end":{"line":19,"column":67}},"type":"if","locations":[{"start":{"line":18,"column":2},"end":{"line":19,"column":67}},{"start":{},"end":{}}],"line":18},"1":{"loc":{"start":{"line":20,"column":2},"end":{"line":21,"column":69}},"type":"if","locations":[{"start":{"line":20,"column":2},"end":{"line":21,"column":69}},{"start":{},"end":{}}],"line":20},"2":{"loc":{"start":{"line":24,"column":2},"end":{"line":24,"column":70}},"type":"if","locations":[{"start":{"line":24,"column":2},"end":{"line":24,"column":70}},{"start":{},"end":{}}],"line":24},"3":{"loc":{"start":{"line":37,"column":2},"end":{"line":38,"column":65}},"type":"if","locations":[{"start":{"line":37,"column":2},"end":{"line":38,"column":65}},{"start":{},"end":{}}],"line":37},"4":{"loc":{"start":{"line":42,"column":4},"end":{"line":49,"column":5}},"type":"if","locations":[{"start":{"line":42,"column":4},"end":{"line":49,"column":5}},{"start":{},"end":{}}],"line":42},"5":{"loc":{"start":{"line":42,"column":8},"end":{"line":42,"column":58}},"type":"binary-expr","locations":[{"start":{"line":42,"column":8},"end":{"line":42,"column":25}},{"start":{"line":42,"column":29},"end":{"line":42,"column":58}}],"line":42},"6":{"loc":{"start":{"line":53,"column":2},"end":{"line":56,"column":6}},"type":"if","locations":[{"start":{"line":53,"column":2},"end":{"line":56,"column":6}},{"start":{},"end":{}}],"line":53},"7":{"loc":{"start":{"line":62,"column":4},"end":{"line":63,"column":29}},"type":"if","locations":[{"start":{"line":62,"column":4},"end":{"line":63,"column":29}},{"start":{},"end":{}}],"line":62},"8":{"loc":{"start":{"line":62,"column":8},"end":{"line":62,"column":72}},"type":"binary-expr","locations":[{"start":{"line":62,"column":8},"end":{"line":62,"column":38}},{"start":{"line":62,"column":42},"end":{"line":62,"column":72}}],"line":62},"9":{"loc":{"start":{"line":64,"column":4},"end":{"line":64,"column":61}},"type":"if","locations":[{"start":{"line":64,"column":4},"end":{"line":64,"column":61}},{"start":{},"end":{}}],"line":64},"10":{"loc":{"start":{"line":65,"column":4},"end":{"line":65,"column":61}},"type":"if","locations":[{"start":{"line":65,"column":4},"end":{"line":65,"column":61}},{"start":{},"end":{}}],"line":65},"11":{"loc":{"start":{"line":66,"column":4},"end":{"line":66,"column":59}},"type":"if","locations":[{"start":{"line":66,"column":4},"end":{"line":66,"column":59}},{"start":{},"end":{}}],"line":66},"12":{"loc":{"start":{"line":67,"column":4},"end":{"line":67,"column":57}},"type":"if","locations":[{"start":{"line":67,"column":4},"end":{"line":67,"column":57}},{"start":{},"end":{}}],"line":67},"13":{"loc":{"start":{"line":68,"column":4},"end":{"line":70,"column":5}},"type":"if","locations":[{"start":{"line":68,"column":4},"end":{"line":70,"column":5}},{"start":{},"end":{}}],"line":68},"14":{"loc":{"start":{"line":74,"column":4},"end":{"line":83,"column":5}},"type":"if","locations":[{"start":{"line":74,"column":4},"end":{"line":83,"column":5}},{"start":{},"end":{}}],"line":74},"15":{"loc":{"start":{"line":74,"column":8},"end":{"line":74,"column":58}},"type":"binary-expr","locations":[{"start":{"line":74,"column":8},"end":{"line":74,"column":25}},{"start":{"line":74,"column":29},"end":{"line":74,"column":58}}],"line":74},"16":{"loc":{"start":{"line":80,"column":6},"end":{"line":82,"column":7}},"type":"if","locations":[{"start":{"line":80,"column":6},"end":{"line":82,"column":7}},{"start":{},"end":{}}],"line":80},"17":{"loc":{"start":{"line":85,"column":4},"end":{"line":88,"column":5}},"type":"if","locations":[{"start":{"line":85,"column":4},"end":{"line":88,"column":5}},{"start":{},"end":{}}],"line":85},"18":{"loc":{"start":{"line":86,"column":6},"end":{"line":86,"column":61}},"type":"if","locations":[{"start":{"line":86,"column":6},"end":{"line":86,"column":61}},{"start":{},"end":{}}],"line":86},"19":{"loc":{"start":{"line":87,"column":6},"end":{"line":87,"column":77}},"type":"if","locations":[{"start":{"line":87,"column":6},"end":{"line":87,"column":77}},{"start":{},"end":{}}],"line":87},"20":{"loc":{"start":{"line":90,"column":4},"end":{"line":94,"column":5}},"type":"if","locations":[{"start":{"line":90,"column":4},"end":{"line":94,"column":5}},{"start":{},"end":{}}],"line":90},"21":{"loc":{"start":{"line":92,"column":11},"end":{"line":92,"column":67}},"type":"binary-expr","locations":[{"start":{"line":92,"column":11},"end":{"line":92,"column":40}},{"start":{"line":92,"column":44},"end":{"line":92,"column":67}}],"line":92},"22":{"loc":{"start":{"line":97,"column":2},"end":{"line":103,"column":3}},"type":"if","locations":[{"start":{"line":97,"column":2},"end":{"line":103,"column":3}},{"start":{},"end":{}}],"line":97},"23":{"loc":{"start":{"line":109,"column":2},"end":{"line":114,"column":3}},"type":"if","locations":[{"start":{"line":109,"column":2},"end":{"line":114,"column":3}},{"start":{},"end":{}}],"line":109},"24":{"loc":{"start":{"line":111,"column":18},"end":{"line":111,"column":62}},"type":"binary-expr","locations":[{"start":{"line":111,"column":18},"end":{"line":111,"column":47}},{"start":{"line":111,"column":51},"end":{"line":111,"column":62}}],"line":111},"25":{"loc":{"start":{"line":141,"column":4},"end":{"line":155,"column":5}},"type":"if","locations":[{"start":{"line":141,"column":4},"end":{"line":155,"column":5}},{"start":{},"end":{}}],"line":141},"26":{"loc":{"start":{"line":145,"column":18},"end":{"line":145,"column":38}},"type":"binary-expr","locations":[{"start":{"line":145,"column":18},"end":{"line":145,"column":26}},{"start":{"line":145,"column":30},"end":{"line":145,"column":38}}],"line":145},"27":{"loc":{"start":{"line":146,"column":20},"end":{"line":146,"column":40}},"type":"binary-expr","locations":[{"start":{"line":146,"column":20},"end":{"line":146,"column":28}},{"start":{"line":146,"column":32},"end":{"line":146,"column":40}}],"line":146},"28":{"loc":{"start":{"line":173,"column":2},"end":{"line":174,"column":69}},"type":"if","locations":[{"start":{"line":173,"column":2},"end":{"line":174,"column":69}},{"start":{},"end":{}}],"line":173},"29":{"loc":{"start":{"line":176,"column":2},"end":{"line":176,"column":70}},"type":"if","locations":[{"start":{"line":176,"column":2},"end":{"line":176,"column":70}},{"start":{},"end":{}}],"line":176},"30":{"loc":{"start":{"line":182,"column":2},"end":{"line":182,"column":74}},"type":"if","locations":[{"start":{"line":182,"column":2},"end":{"line":182,"column":74}},{"start":{},"end":{}}],"line":182},"31":{"loc":{"start":{"line":191,"column":21},"end":{"line":191,"column":46}},"type":"binary-expr","locations":[{"start":{"line":191,"column":21},"end":{"line":191,"column":38}},{"start":{"line":191,"column":42},"end":{"line":191,"column":46}}],"line":191},"32":{"loc":{"start":{"line":192,"column":21},"end":{"line":192,"column":46}},"type":"binary-expr","locations":[{"start":{"line":192,"column":21},"end":{"line":192,"column":38}},{"start":{"line":192,"column":42},"end":{"line":192,"column":46}}],"line":192},"33":{"loc":{"start":{"line":193,"column":22},"end":{"line":193,"column":48}},"type":"binary-expr","locations":[{"start":{"line":193,"column":22},"end":{"line":193,"column":40}},{"start":{"line":193,"column":44},"end":{"line":193,"column":48}}],"line":193},"34":{"loc":{"start":{"line":194,"column":21},"end":{"line":194,"column":46}},"type":"binary-expr","locations":[{"start":{"line":194,"column":21},"end":{"line":194,"column":38}},{"start":{"line":194,"column":42},"end":{"line":194,"column":46}}],"line":194},"35":{"loc":{"start":{"line":209,"column":21},"end":{"line":209,"column":49}},"type":"binary-expr","locations":[{"start":{"line":209,"column":21},"end":{"line":209,"column":41}},{"start":{"line":209,"column":45},"end":{"line":209,"column":49}}],"line":209},"36":{"loc":{"start":{"line":210,"column":21},"end":{"line":210,"column":49}},"type":"binary-expr","locations":[{"start":{"line":210,"column":21},"end":{"line":210,"column":41}},{"start":{"line":210,"column":45},"end":{"line":210,"column":49}}],"line":210},"37":{"loc":{"start":{"line":227,"column":4},"end":{"line":241,"column":5}},"type":"if","locations":[{"start":{"line":227,"column":4},"end":{"line":241,"column":5}},{"start":{},"end":{}}],"line":227},"38":{"loc":{"start":{"line":258,"column":2},"end":{"line":259,"column":77}},"type":"if","locations":[{"start":{"line":258,"column":2},"end":{"line":259,"column":77}},{"start":{},"end":{}}],"line":258},"39":{"loc":{"start":{"line":260,"column":2},"end":{"line":261,"column":49}},"type":"if","locations":[{"start":{"line":260,"column":2},"end":{"line":261,"column":49}},{"start":{},"end":{}}],"line":260},"40":{"loc":{"start":{"line":260,"column":6},"end":{"line":260,"column":49}},"type":"binary-expr","locations":[{"start":{"line":260,"column":6},"end":{"line":260,"column":19}},{"start":{"line":260,"column":23},"end":{"line":260,"column":49}}],"line":260},"41":{"loc":{"start":{"line":264,"column":2},"end":{"line":264,"column":70}},"type":"if","locations":[{"start":{"line":264,"column":2},"end":{"line":264,"column":70}},{"start":{},"end":{}}],"line":264},"42":{"loc":{"start":{"line":296,"column":4},"end":{"line":305,"column":5}},"type":"if","locations":[{"start":{"line":296,"column":4},"end":{"line":305,"column":5}},{"start":{},"end":{}}],"line":296},"43":{"loc":{"start":{"line":321,"column":2},"end":{"line":321,"column":70}},"type":"if","locations":[{"start":{"line":321,"column":2},"end":{"line":321,"column":70}},{"start":{},"end":{}}],"line":321},"44":{"loc":{"start":{"line":324,"column":2},"end":{"line":324,"column":59}},"type":"if","locations":[{"start":{"line":324,"column":2},"end":{"line":324,"column":59}},{"start":{},"end":{}}],"line":324},"45":{"loc":{"start":{"line":336,"column":4},"end":{"line":343,"column":5}},"type":"if","locations":[{"start":{"line":336,"column":4},"end":{"line":343,"column":5}},{"start":{},"end":{}}],"line":336},"46":{"loc":{"start":{"line":336,"column":8},"end":{"line":336,"column":58}},"type":"binary-expr","locations":[{"start":{"line":336,"column":8},"end":{"line":336,"column":25}},{"start":{"line":336,"column":29},"end":{"line":336,"column":58}}],"line":336},"47":{"loc":{"start":{"line":354,"column":4},"end":{"line":357,"column":71}},"type":"if","locations":[{"start":{"line":354,"column":4},"end":{"line":357,"column":71}},{"start":{"line":355,"column":9},"end":{"line":357,"column":71}}],"line":354},"48":{"loc":{"start":{"line":355,"column":9},"end":{"line":357,"column":71}},"type":"if","locations":[{"start":{"line":355,"column":9},"end":{"line":357,"column":71}},{"start":{"line":356,"column":9},"end":{"line":357,"column":71}}],"line":355},"49":{"loc":{"start":{"line":356,"column":9},"end":{"line":357,"column":71}},"type":"if","locations":[{"start":{"line":356,"column":9},"end":{"line":357,"column":71}},{"start":{"line":357,"column":9},"end":{"line":357,"column":71}}],"line":356},"50":{"loc":{"start":{"line":357,"column":9},"end":{"line":357,"column":71}},"type":"if","locations":[{"start":{"line":357,"column":9},"end":{"line":357,"column":71}},{"start":{},"end":{}}],"line":357},"51":{"loc":{"start":{"line":361,"column":4},"end":{"line":363,"column":9}},"type":"cond-expr","locations":[{"start":{"line":362,"column":8},"end":{"line":362,"column":59}},{"start":{"line":363,"column":8},"end":{"line":363,"column":9}}],"line":361},"52":{"loc":{"start":{"line":366,"column":2},"end":{"line":371,"column":3}},"type":"if","locations":[{"start":{"line":366,"column":2},"end":{"line":371,"column":3}},{"start":{},"end":{}}],"line":366},"53":{"loc":{"start":{"line":384,"column":10},"end":{"line":386,"column":15}},"type":"cond-expr","locations":[{"start":{"line":385,"column":14},"end":{"line":385,"column":61}},{"start":{"line":386,"column":14},"end":{"line":386,"column":15}}],"line":384},"54":{"loc":{"start":{"line":391,"column":10},"end":{"line":393,"column":15}},"type":"cond-expr","locations":[{"start":{"line":392,"column":14},"end":{"line":392,"column":67}},{"start":{"line":393,"column":14},"end":{"line":393,"column":15}}],"line":391},"55":{"loc":{"start":{"line":398,"column":10},"end":{"line":400,"column":15}},"type":"cond-expr","locations":[{"start":{"line":399,"column":14},"end":{"line":399,"column":72}},{"start":{"line":400,"column":14},"end":{"line":400,"column":15}}],"line":398},"56":{"loc":{"start":{"line":415,"column":2},"end":{"line":416,"column":71}},"type":"if","locations":[{"start":{"line":415,"column":2},"end":{"line":416,"column":71}},{"start":{},"end":{}}],"line":415},"57":{"loc":{"start":{"line":417,"column":2},"end":{"line":418,"column":69}},"type":"if","locations":[{"start":{"line":417,"column":2},"end":{"line":418,"column":69}},{"start":{},"end":{}}],"line":417},"58":{"loc":{"start":{"line":421,"column":2},"end":{"line":421,"column":70}},"type":"if","locations":[{"start":{"line":421,"column":2},"end":{"line":421,"column":70}},{"start":{},"end":{}}],"line":421},"59":{"loc":{"start":{"line":428,"column":2},"end":{"line":428,"column":74}},"type":"if","locations":[{"start":{"line":428,"column":2},"end":{"line":428,"column":74}},{"start":{},"end":{}}],"line":428}},"s":{"0":1,"1":1,"2":1,"3":1,"4":1,"5":1,"6":1,"7":1,"8":1,"9":10,"10":1,"11":9,"12":1,"13":8,"14":8,"15":1,"16":7,"17":7,"18":1,"19":6,"20":7,"21":6,"22":6,"23":6,"24":6,"25":1,"26":6,"27":1,"28":5,"29":5,"30":5,"31":5,"32":1,"33":5,"34":1,"35":5,"36":1,"37":5,"38":1,"39":5,"40":1,"41":5,"42":0,"43":5,"44":5,"45":5,"46":5,"47":5,"48":5,"49":4,"50":5,"51":4,"52":1,"53":4,"54":1,"55":5,"56":1,"57":5,"58":1,"59":1,"60":1,"61":4,"62":4,"63":4,"64":1,"65":1,"66":1,"67":3,"68":3,"69":3,"70":3,"71":3,"72":3,"73":2,"74":2,"75":1,"76":3,"77":1,"78":4,"79":1,"80":3,"81":3,"82":0,"83":3,"84":3,"85":1,"86":2,"87":2,"88":2,"89":2,"90":2,"91":2,"92":2,"93":2,"94":1,"95":1,"96":1,"97":2,"98":1,"99":4,"100":1,"101":3,"102":1,"103":2,"104":2,"105":0,"106":2,"107":2,"108":2,"109":2,"110":2,"111":2,"112":2,"113":1,"114":1,"115":1,"116":2,"117":1,"118":3,"119":3,"120":0,"121":3,"122":3,"123":1,"124":2,"125":2,"126":11,"127":10,"128":10,"129":10,"130":10,"131":1,"132":2,"133":10,"134":2,"135":2,"136":2,"137":9,"138":2,"139":7,"140":5,"141":2,"142":1,"143":1,"144":1,"145":2,"146":2,"147":2,"148":1,"149":2,"150":1,"151":4,"152":1,"153":3,"154":1,"155":2,"156":2,"157":0,"158":2,"159":2,"160":1,"161":1,"162":1,"163":1,"164":1,"165":1},"f":{"0":10,"1":7,"2":5,"3":4,"4":1,"5":3,"6":4,"7":2,"8":2,"9":4,"10":2,"11":3,"12":11,"13":10,"14":9,"15":4,"16":1},"b":{"0":[1,9],"1":[1,8],"2":[1,7],"3":[1,6],"4":[6,1],"5":[7,6],"6":[1,5],"7":[1,4],"8":[5,5],"9":[1,4],"10":[1,4],"11":[1,4],"12":[1,4],"13":[0,5],"14":[5,0],"15":[5,5],"16":[4,1],"17":[4,1],"18":[1,3],"19":[1,3],"20":[1,4],"21":[1,1],"22":[1,4],"23":[1,3],"24":[1,0],"25":[2,0],"26":[2,0],"27":[2,0],"28":[1,3],"29":[0,3],"30":[1,2],"31":[2,2],"32":[2,0],"33":[2,2],"34":[2,2],"35":[2,0],"36":[2,0],"37":[1,0],"38":[1,3],"39":[1,2],"40":[3,3],"41":[0,2],"42":[1,0],"43":[0,3],"44":[1,2],"45":[10,1],"46":[11,10],"47":[2,7],"48":[5,2],"49":[1,1],"50":[1,0],"51":[2,0],"52":[1,1],"53":[2,0],"54":[2,0],"55":[2,0],"56":[1,3],"57":[1,2],"58":[0,2],"59":[1,1]},"_coverageSchema":"1a1c01bbd47fc00a2c39e90264f33305004495a9","hash":"c7859aaaa225fec9571e6c68880467a136ad81d7"}
}
