TN:
SF:src\domain\constants\member.constants.js
FNF:0
FNH:0
DA:2,11
DA:8,11
DA:16,11
DA:21,11
DA:52,11
LF:5
LH:5
BRF:0
BRH:0
end_of_record
TN:
SF:src\domain\mappers\decision.mapper.js
FN:6,(anonymous_0)
FN:26,(anonymous_1)
FN:33,(anonymous_2)
FNF:3
FNH:3
FNDA:5,(anonymous_0)
FNDA:3,(anonymous_1)
FNDA:2,(anonymous_2)
DA:6,1
DA:7,5
DA:8,3
DA:26,3
DA:33,2
DA:41,1
LF:6
LH:6
BRDA:7,0,0,2
BRDA:7,0,1,3
BRDA:26,1,0,1
BRDA:33,2,0,1
BRF:4
BRH:4
end_of_record
TN:
SF:src\domain\mappers\member.mapper.js
FN:7,(anonymous_0)
FN:43,(anonymous_1)
FN:136,(anonymous_2)
FNF:3
FNH:3
FNDA:10,(anonymous_0)
FNDA:8,(anonymous_1)
FNDA:4,(anonymous_2)
DA:7,2
DA:8,10
DA:9,8
DA:10,8
DA:11,8
DA:12,18
DA:13,18
DA:14,17
DA:15,17
DA:17,8
DA:19,8
DA:20,8
DA:21,8
DA:23,8
DA:24,2
DA:25,6
DA:26,1
DA:27,1
DA:28,5
DA:29,4
DA:30,4
DA:31,4
DA:34,8
DA:43,2
DA:44,8
DA:46,6
DA:47,6
DA:48,6
DA:49,6
DA:50,6
DA:51,6
DA:52,6
DA:54,6
DA:136,4
DA:146,2
LF:35
LH:35
BRDA:8,0,0,2
BRDA:8,0,1,8
BRDA:8,1,0,10
BRDA:8,1,1,9
BRDA:13,2,0,1
BRDA:13,2,1,17
BRDA:15,3,0,16
BRDA:15,3,1,1
BRDA:23,4,0,2
BRDA:23,4,1,6
BRDA:25,5,0,1
BRDA:25,5,1,5
BRDA:28,6,0,4
BRDA:28,6,1,1
BRDA:43,7,0,3
BRDA:44,8,0,2
BRDA:44,8,1,6
BRDA:46,9,0,6
BRDA:46,9,1,2
BRDA:47,10,0,6
BRDA:47,10,1,2
BRDA:48,11,0,6
BRDA:48,11,1,2
BRDA:49,12,0,6
BRDA:49,12,1,2
BRDA:50,13,0,6
BRDA:50,13,1,2
BRDA:51,14,0,6
BRDA:51,14,1,2
BRDA:52,15,0,6
BRDA:52,15,1,2
BRDA:57,16,0,3
BRDA:57,16,1,3
BRDA:72,17,0,6
BRDA:72,17,1,2
BRDA:73,18,0,6
BRDA:73,18,1,2
BRDA:74,19,0,6
BRDA:74,19,1,2
BRDA:76,20,0,6
BRDA:76,20,1,2
BRDA:77,21,0,6
BRDA:77,21,1,2
BRDA:78,22,0,6
BRDA:78,22,1,2
BRDA:79,23,0,6
BRDA:79,23,1,2
BRDA:80,24,0,6
BRDA:80,24,1,2
BRDA:81,25,0,6
BRDA:81,25,1,2
BRDA:82,26,0,6
BRDA:82,26,1,2
BRDA:83,27,0,6
BRDA:83,27,1,2
BRDA:84,28,0,6
BRDA:84,28,1,2
BRDA:87,29,0,6
BRDA:87,29,1,2
BRDA:88,30,0,6
BRDA:88,30,1,2
BRDA:89,31,0,6
BRDA:89,31,1,2
BRDA:90,32,0,6
BRDA:90,32,1,2
BRDA:91,33,0,6
BRDA:91,33,1,2
BRDA:94,34,0,6
BRDA:94,34,1,2
BRDA:95,35,0,6
BRDA:95,35,1,2
BRDA:96,36,0,6
BRDA:96,36,1,2
BRDA:98,37,0,6
BRDA:98,37,1,2
BRDA:101,38,0,6
BRDA:101,38,1,2
BRDA:105,39,0,6
BRDA:105,39,1,2
BRDA:106,40,0,6
BRDA:106,40,1,2
BRDA:108,41,0,6
BRDA:108,41,1,2
BRDA:109,42,0,6
BRDA:109,42,1,5
BRDA:110,43,0,6
BRDA:110,43,1,2
BRDA:111,44,0,6
BRDA:111,44,1,2
BRDA:112,45,0,6
BRDA:112,45,1,5
BRDA:113,46,0,6
BRDA:113,46,1,2
BRDA:114,47,0,6
BRDA:114,47,1,2
BRDA:115,48,0,6
BRDA:115,48,1,2
BRDA:117,49,0,6
BRDA:117,49,1,3
BRDA:118,50,0,6
BRDA:118,50,1,5
BRDA:119,51,0,6
BRDA:119,51,1,4
BRDA:120,52,0,6
BRDA:120,52,1,5
BRDA:121,53,0,6
BRDA:121,53,1,2
BRDA:122,54,0,6
BRDA:122,54,1,5
BRDA:125,55,0,6
BRDA:125,55,1,2
BRDA:126,56,0,6
BRDA:126,56,1,2
BRDA:127,57,0,6
BRDA:127,57,1,5
BRDA:128,58,0,6
BRDA:128,58,1,5
BRDA:130,59,0,6
BRDA:130,59,1,5
BRDA:131,60,0,6
BRDA:131,60,1,5
BRDA:132,61,0,6
BRDA:132,61,1,5
BRDA:134,62,0,6
BRDA:134,62,1,1
BRDA:135,63,0,6
BRDA:135,63,1,1
BRDA:136,64,0,6
BRDA:136,64,1,1
BRDA:140,65,0,6
BRDA:140,65,1,1
BRDA:141,66,0,6
BRDA:141,66,1,1
BRDA:142,67,0,6
BRDA:142,67,1,5
BRF:135
BRH:135
end_of_record
TN:
SF:src\domain\validators\member.validation.js
FN:6,(anonymous_0)
FN:129,(anonymous_1)
FNF:2
FNH:1
FNDA:0,(anonymous_0)
FNDA:4,(anonymous_1)
DA:6,1
DA:7,0
DA:8,0
DA:9,0
DA:12,0
DA:13,0
DA:15,0
DA:16,0
DA:17,0
DA:20,0
DA:21,0
DA:23,0
DA:24,0
DA:25,0
DA:26,0
DA:27,0
DA:31,0
DA:32,0
DA:33,0
DA:35,0
DA:38,0
DA:39,0
DA:44,0
DA:45,0
DA:46,0
DA:47,0
DA:48,0
DA:54,0
DA:55,0
DA:56,0
DA:57,0
DA:65,0
DA:66,0
DA:67,0
DA:68,0
DA:69,0
DA:70,0
DA:72,0
DA:73,0
DA:74,0
DA:75,0
DA:80,0
DA:81,0
DA:82,0
DA:83,0
DA:86,0
DA:87,0
DA:91,0
DA:92,0
DA:93,0
DA:95,0
DA:96,0
DA:99,0
DA:100,0
DA:102,0
DA:103,0
DA:104,0
DA:106,0
DA:107,0
DA:108,0
DA:109,0
DA:110,0
DA:113,0
DA:114,0
DA:118,0
DA:129,1
DA:130,4
DA:131,1
DA:133,3
DA:134,0
DA:136,3
DA:137,1
DA:143,1
LF:73
LH:8
BRDA:7,0,0,0
BRDA:7,0,1,0
BRDA:8,1,0,0
BRDA:8,1,1,0
BRDA:8,2,0,0
BRDA:8,2,1,0
BRDA:12,3,0,0
BRDA:12,3,1,0
BRDA:13,4,0,0
BRDA:13,4,1,0
BRDA:16,5,0,0
BRDA:16,5,1,0
BRDA:20,6,0,0
BRDA:20,6,1,0
BRDA:21,7,0,0
BRDA:21,7,1,0
BRDA:23,8,0,0
BRDA:23,8,1,0
BRDA:24,9,0,0
BRDA:24,9,1,0
BRDA:26,10,0,0
BRDA:26,10,1,0
BRDA:35,11,0,0
BRDA:35,11,1,0
BRDA:35,11,2,0
BRDA:35,11,3,0
BRDA:35,11,4,0
BRDA:38,12,0,0
BRDA:38,12,1,0
BRDA:44,13,0,0
BRDA:44,13,1,0
BRDA:45,14,0,0
BRDA:45,14,1,0
BRDA:47,15,0,0
BRDA:47,15,1,0
BRDA:56,16,0,0
BRDA:56,16,1,0
BRDA:65,17,0,0
BRDA:65,17,1,0
BRDA:66,18,0,0
BRDA:66,18,1,0
BRDA:66,19,0,0
BRDA:66,19,1,0
BRDA:69,20,0,0
BRDA:69,20,1,0
BRDA:74,21,0,0
BRDA:74,21,1,0
BRDA:74,22,0,0
BRDA:74,22,1,0
BRDA:80,23,0,0
BRDA:80,23,1,0
BRDA:81,24,0,0
BRDA:81,24,1,0
BRDA:81,25,0,0
BRDA:81,25,1,0
BRDA:83,26,0,0
BRDA:83,26,1,0
BRDA:86,27,0,0
BRDA:86,27,1,0
BRDA:91,28,0,0
BRDA:91,28,1,0
BRDA:102,29,0,0
BRDA:102,29,1,0
BRDA:103,30,0,0
BRDA:103,30,1,0
BRDA:103,31,0,0
BRDA:103,31,1,0
BRDA:106,32,0,0
BRDA:106,32,1,0
BRDA:108,33,0,0
BRDA:108,33,1,0
BRDA:109,34,0,0
BRDA:109,34,1,0
BRDA:109,35,0,0
BRDA:109,35,1,0
BRDA:113,36,0,0
BRDA:113,36,1,0
BRDA:113,37,0,0
BRDA:113,37,1,0
BRDA:130,38,0,1
BRDA:130,38,1,3
BRDA:133,39,0,0
BRDA:133,39,1,3
BRDA:136,40,0,1
BRDA:136,40,1,2
BRDA:136,41,0,3
BRDA:136,41,1,0
BRF:87
BRH:6
end_of_record
TN:
SF:src\infrastructure\audit\auditContext.js
FN:8,(anonymous_0)
FN:24,(anonymous_1)
FNF:2
FNH:1
FNDA:0,(anonymous_0)
FNDA:2,(anonymous_1)
DA:1,1
DA:3,1
DA:8,1
DA:9,0
DA:17,0
DA:24,2
DA:26,1
LF:7
LH:5
BRDA:10,0,0,0
BRDA:10,0,1,0
BRDA:12,1,0,0
BRDA:12,1,1,0
BRDA:12,1,2,0
BRDA:12,1,3,0
BRDA:24,2,0,2
BRDA:24,2,1,2
BRF:8
BRH:2
end_of_record
TN:
SF:src\infrastructure\database\prisma.js
FN:30,(anonymous_0)
FN:47,(anonymous_1)
FN:54,(anonymous_2)
FN:69,(anonymous_3)
FN:96,(anonymous_4)
FN:138,(anonymous_5)
FN:193,(anonymous_6)
FN:243,(anonymous_7)
FN:272,(anonymous_8)
FN:285,(anonymous_9)
FNF:10
FNH:5
FNDA:2,(anonymous_0)
FNDA:2,(anonymous_1)
FNDA:2,(anonymous_2)
FNDA:0,(anonymous_3)
FNDA:0,(anonymous_4)
FNDA:0,(anonymous_5)
FNDA:1,(anonymous_6)
FNDA:1,(anonymous_7)
FNDA:0,(anonymous_8)
FNDA:0,(anonymous_9)
DA:2,1
DA:3,1
DA:7,1
DA:11,1
DA:18,1
DA:20,1
DA:31,2
DA:32,1
DA:34,1
DA:36,1
DA:37,1
DA:48,2
DA:49,1
DA:51,2
DA:52,2
DA:55,2
DA:56,1
DA:58,2
DA:59,2
DA:70,0
DA:71,0
DA:73,0
DA:74,0
DA:75,0
DA:86,0
DA:97,0
DA:98,0
DA:100,0
DA:101,0
DA:102,0
DA:103,0
DA:109,0
DA:111,0
DA:112,0
DA:113,0
DA:114,0
DA:115,0
DA:116,0
DA:128,0
DA:139,0
DA:140,0
DA:142,0
DA:143,0
DA:144,0
DA:145,0
DA:151,0
DA:153,0
DA:154,0
DA:155,0
DA:156,0
DA:157,0
DA:158,0
DA:159,0
DA:171,0
DA:183,0
DA:194,1
DA:195,1
DA:197,1
DA:198,0
DA:199,0
DA:200,0
DA:207,1
DA:208,1
DA:209,1
DA:214,0
DA:217,1
DA:218,0
DA:219,0
DA:222,0
DA:233,1
DA:244,1
DA:245,1
DA:247,1
DA:248,0
DA:249,0
DA:250,0
DA:257,1
DA:258,1
DA:259,1
DA:264,0
DA:267,1
DA:272,0
DA:273,0
DA:276,0
DA:285,0
DA:291,1
DA:297,1
LF:87
LH:36
BRDA:31,0,0,1
BRDA:31,0,1,1
BRDA:48,1,0,1
BRDA:48,1,1,1
BRDA:55,2,0,1
BRDA:55,2,1,1
BRDA:73,3,0,0
BRDA:73,3,1,0
BRDA:73,4,0,0
BRDA:73,4,1,0
BRDA:80,5,0,0
BRDA:80,5,1,0
BRDA:100,6,0,0
BRDA:100,6,1,0
BRDA:100,7,0,0
BRDA:100,7,1,0
BRDA:111,8,0,0
BRDA:111,8,1,0
BRDA:111,9,0,0
BRDA:111,9,1,0
BRDA:111,9,2,0
BRDA:115,10,0,0
BRDA:115,10,1,0
BRDA:121,11,0,0
BRDA:121,11,1,0
BRDA:142,12,0,0
BRDA:142,12,1,0
BRDA:142,13,0,0
BRDA:142,13,1,0
BRDA:153,14,0,0
BRDA:153,14,1,0
BRDA:153,15,0,0
BRDA:153,15,1,0
BRDA:155,16,0,0
BRDA:155,16,1,0
BRDA:158,17,0,0
BRDA:158,17,1,0
BRDA:164,18,0,0
BRDA:164,18,1,0
BRDA:176,19,0,0
BRDA:176,19,1,0
BRDA:197,20,0,0
BRDA:197,20,1,1
BRDA:197,21,0,1
BRDA:197,21,1,1
BRDA:207,22,0,1
BRDA:207,22,1,0
BRDA:211,23,0,1
BRDA:211,23,1,1
BRDA:217,24,0,0
BRDA:217,24,1,1
BRDA:217,25,0,1
BRDA:217,25,1,0
BRDA:217,25,2,0
BRDA:219,26,0,0
BRDA:219,26,1,0
BRDA:227,27,0,0
BRDA:227,27,1,0
BRDA:247,28,0,0
BRDA:247,28,1,1
BRDA:247,29,0,1
BRDA:247,29,1,1
BRDA:257,30,0,1
BRDA:257,30,1,0
BRDA:261,31,0,1
BRDA:261,31,1,1
BRDA:267,32,0,0
BRDA:267,32,1,1
BRDA:268,33,0,1
BRDA:268,33,1,0
BRDA:268,33,2,0
BRDA:273,34,0,0
BRDA:273,34,1,0
BRDA:281,35,0,0
BRDA:281,35,1,0
BRF:75
BRH:22
end_of_record
TN:
SF:src\infrastructure\database\extensions\auditWriter.js
FN:10,computeDiff
FN:42,sanitizeData
FN:89,writeAuditLog
FN:125,extractIdFromWhere
FN:140,getBaseModelAccessor
FNF:5
FNH:1
FNDA:0,computeDiff
FNDA:0,sanitizeData
FNDA:0,writeAuditLog
FNDA:0,extractIdFromWhere
FNDA:3,getBaseModelAccessor
DA:2,1
DA:11,0
DA:12,0
DA:13,0
DA:14,0
DA:16,0
DA:17,0
DA:23,0
DA:25,0
DA:26,0
DA:27,0
DA:28,0
DA:29,0
DA:33,0
DA:34,0
DA:43,0
DA:44,0
DA:46,0
DA:48,0
DA:53,0
DA:54,0
DA:57,0
DA:63,0
DA:69,0
DA:71,0
DA:73,0
DA:75,0
DA:99,0
DA:100,0
DA:101,0
DA:102,0
DA:116,0
DA:126,0
DA:127,0
DA:128,0
DA:129,0
DA:130,0
DA:131,0
DA:141,3
DA:142,3
DA:145,1
LF:41
LH:4
BRDA:11,0,0,0
BRDA:11,0,1,0
BRDA:11,1,0,0
BRDA:11,1,1,0
BRDA:17,2,0,0
BRDA:17,2,1,0
BRDA:18,3,0,0
BRDA:18,3,1,0
BRDA:18,3,2,0
BRDA:18,3,3,0
BRDA:27,4,0,0
BRDA:27,4,1,0
BRDA:28,5,0,0
BRDA:28,5,1,0
BRDA:29,6,0,0
BRDA:29,6,1,0
BRDA:33,7,0,0
BRDA:33,7,1,0
BRDA:43,8,0,0
BRDA:43,8,1,0
BRDA:43,9,0,0
BRDA:43,9,1,0
BRDA:48,10,0,0
BRDA:48,10,1,0
BRDA:49,11,0,0
BRDA:49,11,1,0
BRDA:49,11,2,0
BRDA:57,12,0,0
BRDA:57,12,1,0
BRDA:58,13,0,0
BRDA:58,13,1,0
BRDA:58,13,2,0
BRDA:58,13,3,0
BRDA:63,14,0,0
BRDA:63,14,1,0
BRDA:64,15,0,0
BRDA:64,15,1,0
BRDA:64,15,2,0
BRDA:64,15,3,0
BRDA:110,16,0,0
BRDA:110,16,1,0
BRDA:111,17,0,0
BRDA:111,17,1,0
BRDA:112,18,0,0
BRDA:112,18,1,0
BRDA:126,19,0,0
BRDA:126,19,1,0
BRDA:127,20,0,0
BRDA:127,20,1,0
BRDA:128,21,0,0
BRDA:128,21,1,0
BRDA:129,22,0,0
BRDA:129,22,1,0
BRDA:130,23,0,0
BRDA:130,23,1,0
BRF:55
BRH:0
end_of_record
TN:
SF:src\infrastructure\database\extensions\modelConfig.js
FNF:0
FNH:0
DA:3,1
DA:22,1
DA:24,1
LF:3
LH:3
BRF:0
BRH:0
end_of_record
TN:
SF:src\infrastructure\database\extensions\softDelete.js
FN:6,addSoftDeleteFilter
FN:36,addSoftDeleteRelationFilter
FNF:2
FNH:2
FNDA:3,addSoftDeleteFilter
FNDA:5,addSoftDeleteRelationFilter
DA:7,3
DA:9,3
DA:10,3
DA:13,1
DA:37,5
DA:38,3
DA:39,3
DA:40,3
DA:48,1
LF:9
LH:9
BRDA:7,0,0,0
BRDA:7,0,1,3
BRDA:9,1,0,0
BRDA:9,1,1,3
BRDA:37,2,0,2
BRDA:37,2,1,3
BRDA:38,3,0,0
BRDA:38,3,1,3
BRDA:39,4,0,0
BRDA:39,4,1,3
BRDA:39,5,0,3
BRDA:39,5,1,0
BRDA:42,6,0,0
BRDA:42,6,1,3
BRF:14
BRH:8
end_of_record
TN:
SF:src\infrastructure\excel\memberImportParser.js
FN:8,(anonymous_0)
FN:62,(anonymous_1)
FN:81,(anonymous_2)
FN:105,(anonymous_3)
FN:110,(anonymous_4)
FN:122,(anonymous_5)
FN:128,(anonymous_6)
FN:141,(anonymous_7)
FN:147,(anonymous_8)
FN:150,(anonymous_9)
FN:158,(anonymous_10)
FN:163,(anonymous_11)
FNF:12
FNH:3
FNDA:60,(anonymous_0)
FNDA:60,(anonymous_1)
FNDA:0,(anonymous_2)
FNDA:88,(anonymous_3)
FNDA:0,(anonymous_4)
FNDA:0,(anonymous_5)
FNDA:0,(anonymous_6)
FNDA:0,(anonymous_7)
FNDA:0,(anonymous_8)
FNDA:0,(anonymous_9)
FNDA:0,(anonymous_10)
FNDA:0,(anonymous_11)
DA:1,1
DA:8,1
DA:9,60
DA:10,0
DA:11,0
DA:12,0
DA:14,0
DA:15,0
DA:17,0
DA:18,0
DA:21,0
DA:22,0
DA:23,0
DA:26,0
DA:27,0
DA:28,0
DA:29,0
DA:30,0
DA:31,0
DA:32,0
DA:33,0
DA:34,0
DA:35,0
DA:38,0
DA:39,0
DA:40,0
DA:41,0
DA:42,0
DA:43,0
DA:44,0
DA:45,0
DA:46,0
DA:47,0
DA:48,0
DA:49,0
DA:53,0
DA:54,0
DA:62,1
DA:63,60
DA:64,0
DA:65,0
DA:66,0
DA:81,1
DA:82,0
DA:83,0
DA:84,0
DA:86,0
DA:87,0
DA:88,0
DA:89,0
DA:90,0
DA:91,0
DA:95,0
DA:96,0
DA:97,0
DA:105,1
DA:106,88
DA:107,0
DA:109,0
DA:110,0
DA:111,0
DA:112,0
DA:114,0
DA:122,1
DA:123,0
DA:124,0
DA:125,0
DA:126,0
DA:127,0
DA:128,0
DA:129,0
DA:130,0
DA:131,0
DA:133,0
DA:141,1
DA:142,0
DA:143,0
DA:144,0
DA:146,0
DA:147,0
DA:148,0
DA:149,0
DA:150,0
DA:151,0
DA:153,0
DA:156,0
DA:158,0
DA:159,0
DA:160,0
DA:161,0
DA:162,0
DA:163,0
DA:164,0
DA:165,0
DA:168,0
DA:170,0
DA:173,1
LF:97
LH:11
BRDA:9,0,0,60
BRDA:9,0,1,0
BRDA:10,1,0,0
BRDA:10,1,1,0
BRDA:11,2,0,0
BRDA:11,2,1,0
BRDA:15,3,0,0
BRDA:15,3,1,0
BRDA:17,4,0,0
BRDA:17,4,1,0
BRDA:17,5,0,0
BRDA:17,5,1,0
BRDA:21,6,0,0
BRDA:21,6,1,0
BRDA:23,7,0,0
BRDA:23,7,1,0
BRDA:27,8,0,0
BRDA:27,8,1,0
BRDA:31,9,0,0
BRDA:31,9,1,0
BRDA:31,10,0,0
BRDA:31,10,1,0
BRDA:31,10,2,0
BRDA:32,11,0,0
BRDA:32,11,1,0
BRDA:35,12,0,0
BRDA:35,12,1,0
BRDA:35,13,0,0
BRDA:35,13,1,0
BRDA:39,14,0,0
BRDA:39,14,1,0
BRDA:43,15,0,0
BRDA:43,15,1,0
BRDA:43,16,0,0
BRDA:43,16,1,0
BRDA:43,16,2,0
BRDA:44,17,0,0
BRDA:44,17,1,0
BRDA:47,18,0,0
BRDA:47,18,1,0
BRDA:47,19,0,0
BRDA:47,19,1,0
BRDA:48,20,0,0
BRDA:48,20,1,0
BRDA:54,21,0,0
BRDA:54,21,1,0
BRDA:63,22,0,60
BRDA:63,22,1,0
BRDA:64,23,0,0
BRDA:64,23,1,0
BRDA:67,24,0,0
BRDA:67,24,1,0
BRDA:67,24,2,0
BRDA:67,24,3,0
BRDA:67,24,4,0
BRDA:67,24,5,0
BRDA:82,25,0,0
BRDA:82,25,1,0
BRDA:84,26,0,0
BRDA:84,26,1,0
BRDA:89,27,0,0
BRDA:89,27,1,0
BRDA:96,28,0,0
BRDA:96,28,1,0
BRDA:106,29,0,88
BRDA:106,29,1,0
BRDA:106,30,0,88
BRDA:106,30,1,0
BRDA:107,31,0,0
BRDA:107,31,1,0
BRDA:111,32,0,0
BRDA:111,32,1,0
BRDA:123,33,0,0
BRDA:123,33,1,0
BRDA:125,34,0,0
BRDA:125,34,1,0
BRDA:125,35,0,0
BRDA:125,35,1,0
BRDA:126,36,0,0
BRDA:126,36,1,0
BRDA:127,37,0,0
BRDA:127,37,1,0
BRDA:128,38,0,0
BRDA:128,38,1,0
BRDA:129,39,0,0
BRDA:129,39,1,0
BRDA:130,40,0,0
BRDA:130,40,1,0
BRDA:148,41,0,0
BRDA:148,41,1,0
BRDA:156,42,0,0
BRDA:156,42,1,0
BRDA:158,43,0,0
BRDA:158,43,1,0
BRDA:164,44,0,0
BRDA:164,44,1,0
BRDA:165,45,0,0
BRDA:165,45,1,0
BRF:98
BRH:4
end_of_record
TN:
SF:src\repositories\member\member.repository.js
FN:46,(anonymous_0)
FN:49,(anonymous_1)
FN:58,(anonymous_2)
FN:68,(anonymous_3)
FN:79,(anonymous_4)
FN:91,(anonymous_5)
FN:103,(anonymous_6)
FN:113,(anonymous_7)
FN:126,(anonymous_8)
FN:136,(anonymous_9)
FN:150,(anonymous_10)
FN:164,(anonymous_11)
FN:178,(anonymous_12)
FN:192,(anonymous_13)
FN:206,(anonymous_14)
FN:219,(anonymous_15)
FN:228,(anonymous_16)
FN:237,(anonymous_17)
FN:247,(anonymous_18)
FN:256,(anonymous_19)
FN:265,(anonymous_20)
FNF:21
FNH:0
FNDA:0,(anonymous_0)
FNDA:0,(anonymous_1)
FNDA:0,(anonymous_2)
FNDA:0,(anonymous_3)
FNDA:0,(anonymous_4)
FNDA:0,(anonymous_5)
FNDA:0,(anonymous_6)
FNDA:0,(anonymous_7)
FNDA:0,(anonymous_8)
FNDA:0,(anonymous_9)
FNDA:0,(anonymous_10)
FNDA:0,(anonymous_11)
FNDA:0,(anonymous_12)
FNDA:0,(anonymous_13)
FNDA:0,(anonymous_14)
FNDA:0,(anonymous_15)
FNDA:0,(anonymous_16)
FNDA:0,(anonymous_17)
FNDA:0,(anonymous_18)
FNDA:0,(anonymous_19)
FNDA:0,(anonymous_20)
DA:1,1
DA:7,1
DA:31,1
DA:47,0
DA:50,0
DA:59,0
DA:69,0
DA:70,0
DA:71,0
DA:80,0
DA:92,0
DA:93,0
DA:95,0
DA:104,0
DA:114,0
DA:127,0
DA:137,0
DA:151,0
DA:165,0
DA:179,0
DA:193,0
DA:207,0
DA:220,0
DA:229,0
DA:238,0
DA:248,0
DA:257,0
DA:266,0
DA:273,1
LF:29
LH:4
BRDA:58,0,0,0
BRDA:68,1,0,0
BRDA:70,2,0,0
BRDA:70,2,1,0
BRDA:70,3,0,0
BRDA:70,3,1,0
BRDA:92,4,0,0
BRDA:92,4,1,0
BRDA:92,5,0,0
BRDA:92,5,1,0
BRF:10
BRH:0
end_of_record
TN:
SF:src\services\auth.service.js
FN:15,(anonymous_0)
FN:30,(anonymous_1)
FN:42,(anonymous_2)
FN:90,(anonymous_3)
FN:126,(anonymous_4)
FN:159,(anonymous_5)
FN:175,(anonymous_6)
FN:180,(anonymous_7)
FNF:8
FNH:8
FNDA:2,(anonymous_0)
FNDA:1,(anonymous_1)
FNDA:4,(anonymous_2)
FNDA:6,(anonymous_3)
FNDA:3,(anonymous_4)
FNDA:2,(anonymous_5)
FNDA:4,(anonymous_6)
FNDA:3,(anonymous_7)
DA:1,1
DA:2,1
DA:3,1
DA:7,1
DA:15,1
DA:16,2
DA:30,1
DA:31,1
DA:42,1
DA:43,4
DA:44,4
DA:45,1
DA:48,3
DA:49,1
DA:54,2
DA:55,2
DA:56,1
DA:57,1
DA:60,1
DA:61,1
DA:63,1
DA:68,1
DA:90,1
DA:91,6
DA:92,1
DA:95,5
DA:96,5
DA:98,4
DA:99,4
DA:100,1
DA:103,3
DA:104,1
DA:107,2
DA:108,1
DA:111,1
DA:113,1
DA:115,4
DA:126,1
DA:127,3
DA:128,3
DA:129,1
DA:132,2
DA:133,1
DA:136,1
DA:159,1
DA:160,2
DA:161,2
DA:162,1
DA:164,1
DA:165,1
DA:175,1
DA:176,4
DA:177,1
DA:180,3
DA:181,3
DA:182,2
DA:183,2
DA:185,2
DA:187,2
DA:188,2
DA:191,3
DA:192,1
DA:197,2
DA:198,2
DA:199,1
DA:202,1
DA:203,1
DA:208,1
DA:211,1
LF:69
LH:69
BRDA:44,0,0,1
BRDA:44,0,1,3
BRDA:48,1,0,1
BRDA:48,1,1,2
BRDA:55,2,0,1
BRDA:55,2,1,1
BRDA:91,3,0,1
BRDA:91,3,1,5
BRDA:99,4,0,1
BRDA:99,4,1,3
BRDA:103,5,0,1
BRDA:103,5,1,2
BRDA:107,6,0,1
BRDA:107,6,1,1
BRDA:128,7,0,1
BRDA:128,7,1,2
BRDA:132,8,0,1
BRDA:132,8,1,1
BRDA:144,9,0,1
BRDA:144,9,1,0
BRDA:176,10,0,1
BRDA:176,10,1,3
BRDA:181,11,0,1
BRDA:181,11,1,2
BRDA:181,12,0,3
BRDA:181,12,1,3
BRDA:188,13,0,2
BRDA:188,13,1,2
BRDA:188,13,2,2
BRDA:188,13,3,2
BRDA:191,14,0,1
BRDA:191,14,1,2
BRDA:198,15,0,1
BRDA:198,15,1,1
BRF:34
BRH:33
end_of_record
TN:
SF:src\services\notification.service.js
FN:13,(anonymous_0)
FN:44,(anonymous_1)
FN:59,(anonymous_2)
FN:77,(anonymous_3)
FN:99,(anonymous_4)
FN:132,(anonymous_5)
FN:138,(anonymous_6)
FN:156,(anonymous_7)
FN:165,(anonymous_8)
FN:174,(anonymous_9)
FNF:10
FNH:10
FNDA:2,(anonymous_0)
FNDA:1,(anonymous_1)
FNDA:3,(anonymous_2)
FNDA:1,(anonymous_3)
FNDA:1,(anonymous_4)
FNDA:2,(anonymous_5)
FNDA:2,(anonymous_6)
FNDA:1,(anonymous_7)
FNDA:1,(anonymous_8)
FNDA:2,(anonymous_9)
DA:1,1
DA:2,1
DA:13,1
DA:17,2
DA:18,2
DA:19,1
DA:22,2
DA:31,2
DA:44,1
DA:45,1
DA:59,1
DA:60,3
DA:61,3
DA:62,2
DA:63,1
DA:66,1
DA:69,1
DA:77,1
DA:78,1
DA:85,1
DA:99,1
DA:108,1
DA:117,1
DA:132,1
DA:136,2
DA:138,2
DA:148,1
DA:149,1
DA:156,1
DA:157,1
DA:165,1
DA:166,1
DA:174,2
DA:188,1
LF:34
LH:34
BRDA:15,0,0,0
BRDA:15,1,0,1
BRDA:15,2,0,1
BRDA:15,3,0,1
BRDA:18,4,0,1
BRDA:18,4,1,1
BRDA:61,5,0,1
BRDA:61,5,1,2
BRDA:62,6,0,1
BRDA:62,6,1,1
BRDA:110,7,0,1
BRDA:110,7,1,0
BRDA:114,8,0,1
BRDA:114,8,1,1
BRDA:115,9,0,1
BRDA:115,9,1,1
BRDA:136,10,0,1
BRDA:136,10,1,1
BRDA:136,11,0,2
BRDA:136,11,1,2
BRDA:140,12,0,2
BRDA:140,12,1,0
BRDA:144,13,0,2
BRDA:144,13,1,2
BRDA:145,14,0,2
BRDA:145,14,1,2
BRDA:178,15,0,2
BRDA:178,15,1,1
BRDA:178,15,2,1
BRF:29
BRH:26
end_of_record
TN:
SF:src\services\org.service.js
FN:7,(anonymous_0)
FN:9,(anonymous_1)
FN:23,(anonymous_2)
FN:46,(anonymous_3)
FN:75,(anonymous_4)
FNF:5
FNH:5
FNDA:1,(anonymous_0)
FNDA:1,(anonymous_1)
FNDA:2,(anonymous_2)
FNDA:4,(anonymous_3)
FNDA:3,(anonymous_4)
DA:1,1
DA:7,1
DA:8,1
DA:9,1
DA:23,1
DA:24,2
DA:25,2
DA:26,1
DA:29,1
DA:31,1
DA:46,1
DA:47,4
DA:48,4
DA:49,1
DA:52,3
DA:53,2
DA:54,2
DA:55,1
DA:59,2
DA:61,2
DA:75,1
DA:76,3
DA:77,3
DA:78,1
DA:83,2
DA:84,2
DA:85,1
DA:88,1
DA:89,1
DA:92,1
LF:30
LH:30
BRDA:25,0,0,1
BRDA:25,0,1,1
BRDA:48,1,0,1
BRDA:48,1,1,3
BRDA:52,2,0,2
BRDA:52,2,1,1
BRDA:52,3,0,3
BRDA:52,3,1,3
BRDA:54,4,0,1
BRDA:54,4,1,1
BRDA:77,5,0,1
BRDA:77,5,1,2
BRDA:84,6,0,1
BRDA:84,6,1,1
BRF:14
BRH:14
end_of_record
TN:
SF:src\services\user.service.js
FN:11,(anonymous_0)
FN:25,(anonymous_1)
FN:28,(anonymous_2)
FN:45,(anonymous_3)
FN:107,(anonymous_4)
FN:159,(anonymous_5)
FN:182,(anonymous_6)
FNF:7
FNH:7
FNDA:7,(anonymous_0)
FNDA:1,(anonymous_1)
FNDA:1,(anonymous_2)
FNDA:6,(anonymous_3)
FNDA:5,(anonymous_4)
FNDA:3,(anonymous_5)
FNDA:3,(anonymous_6)
DA:1,1
DA:2,1
DA:3,1
DA:4,1
DA:11,1
DA:12,7
DA:13,5
DA:14,5
DA:15,5
DA:16,5
DA:17,5
DA:25,1
DA:26,1
DA:28,1
DA:45,1
DA:46,6
DA:48,6
DA:49,1
DA:54,5
DA:55,1
DA:60,4
DA:61,4
DA:62,1
DA:66,3
DA:67,1
DA:70,2
DA:71,1
DA:72,1
DA:73,1
DA:77,1
DA:79,1
DA:88,1
DA:107,1
DA:108,5
DA:110,5
DA:111,5
DA:112,1
DA:115,4
DA:116,1
DA:119,3
DA:120,3
DA:122,3
DA:123,1
DA:126,2
DA:127,1
DA:128,1
DA:129,1
DA:133,1
DA:141,1
DA:159,1
DA:160,3
DA:161,3
DA:162,1
DA:165,2
DA:166,1
DA:171,1
DA:172,1
DA:173,1
DA:182,1
DA:183,3
DA:184,3
DA:185,1
DA:188,2
DA:189,1
DA:192,1
DA:193,1
DA:196,1
LF:67
LH:67
BRDA:12,0,0,2
BRDA:12,0,1,5
BRDA:12,1,0,7
BRDA:12,1,1,7
BRDA:17,2,0,5
BRDA:17,2,1,5
BRDA:17,2,2,5
BRDA:17,2,3,5
BRDA:25,3,0,0
BRDA:34,4,0,0
BRDA:34,4,1,1
BRDA:48,5,0,1
BRDA:48,5,1,5
BRDA:48,6,0,6
BRDA:48,6,1,6
BRDA:48,6,2,5
BRDA:48,6,3,5
BRDA:54,7,0,1
BRDA:54,7,1,4
BRDA:61,8,0,1
BRDA:61,8,1,3
BRDA:66,9,0,1
BRDA:66,9,1,2
BRDA:66,10,0,3
BRDA:66,10,1,2
BRDA:70,11,0,1
BRDA:70,11,1,1
BRDA:72,12,0,1
BRDA:72,12,1,0
BRDA:84,13,0,1
BRDA:84,13,1,1
BRDA:94,14,0,0
BRDA:94,14,1,1
BRDA:111,15,0,1
BRDA:111,15,1,4
BRDA:115,16,0,1
BRDA:115,16,1,3
BRDA:115,17,0,4
BRDA:115,17,1,1
BRDA:119,18,0,3
BRDA:119,18,1,2
BRDA:120,19,0,2
BRDA:120,19,1,1
BRDA:122,20,0,1
BRDA:122,20,1,2
BRDA:122,21,0,3
BRDA:122,21,1,1
BRDA:126,22,0,1
BRDA:126,22,1,1
BRDA:128,23,0,1
BRDA:128,23,1,0
BRDA:134,24,0,1
BRDA:134,24,1,0
BRDA:135,25,0,0
BRDA:135,25,1,1
BRDA:137,26,0,0
BRDA:137,26,1,1
BRDA:137,27,0,0
BRDA:137,27,1,0
BRDA:138,28,0,0
BRDA:138,28,1,1
BRDA:147,29,0,0
BRDA:147,29,1,1
BRDA:161,30,0,1
BRDA:161,30,1,2
BRDA:165,31,0,1
BRDA:165,31,1,1
BRDA:184,32,0,1
BRDA:184,32,1,2
BRDA:188,33,0,1
BRDA:188,33,1,1
BRF:71
BRH:59
end_of_record
TN:
SF:src\services\badge\badgeCommand.service.js
FN:16,(anonymous_0)
FN:53,(anonymous_1)
FN:74,(anonymous_2)
FN:97,(anonymous_3)
FNF:4
FNH:4
FNDA:4,(anonymous_0)
FNDA:4,(anonymous_1)
FNDA:2,(anonymous_2)
FNDA:5,(anonymous_3)
DA:1,1
DA:2,1
DA:5,1
DA:6,1
DA:7,1
DA:16,1
DA:17,4
DA:19,4
DA:20,1
DA:23,3
DA:24,3
DA:27,2
DA:32,2
DA:33,1
DA:38,1
DA:53,1
DA:54,4
DA:56,3
DA:57,3
DA:59,2
DA:61,2
DA:62,1
DA:65,1
DA:74,1
DA:75,2
DA:77,2
DA:78,2
DA:80,2
DA:82,2
DA:83,1
DA:86,1
DA:97,1
DA:98,5
DA:99,1
DA:102,5
DA:103,5
DA:105,4
DA:106,4
DA:107,3
DA:109,2
DA:122,2
DA:125,2
DA:127,2
DA:128,2
DA:129,2
DA:130,1
DA:131,2
DA:132,1
DA:133,2
DA:134,1
DA:139,2
DA:142,1
LF:52
LH:52
BRDA:19,0,0,1
BRDA:19,0,1,3
BRDA:19,1,0,4
BRDA:19,1,1,3
BRDA:24,2,0,1
BRDA:24,2,1,2
BRDA:32,3,0,1
BRDA:32,3,1,1
BRDA:54,4,0,1
BRDA:54,4,1,3
BRDA:57,5,0,1
BRDA:57,5,1,2
BRDA:61,6,0,1
BRDA:61,6,1,1
BRDA:75,7,0,0
BRDA:75,7,1,2
BRDA:78,8,0,0
BRDA:78,8,1,2
BRDA:82,9,0,1
BRDA:82,9,1,1
BRDA:98,10,0,1
BRDA:98,10,1,4
BRDA:102,11,0,5
BRDA:102,11,1,1
BRDA:102,11,2,1
BRDA:103,12,0,1
BRDA:103,12,1,4
BRDA:106,13,0,1
BRDA:106,13,1,3
BRDA:107,14,0,1
BRDA:107,14,1,2
BRDA:112,15,0,2
BRDA:112,15,1,2
BRDA:113,16,0,2
BRDA:113,16,1,1
BRDA:113,16,2,1
BRDA:114,17,0,2
BRDA:114,17,1,2
BRDA:115,18,0,2
BRDA:115,18,1,1
BRDA:122,19,0,2
BRDA:122,19,1,1
BRDA:122,19,2,1
BRDA:125,20,0,2
BRDA:125,20,1,0
BRDA:128,21,0,1
BRDA:128,21,1,1
BRDA:129,22,0,1
BRDA:129,22,1,1
BRDA:131,23,0,1
BRDA:131,23,1,1
BRDA:133,24,0,1
BRDA:133,24,1,1
BRDA:134,25,0,1
BRDA:134,25,1,0
BRF:55
BRH:51
end_of_record
TN:
SF:src\services\badge\badgeDetection.service.js
FN:19,(anonymous_0)
FN:35,(anonymous_1)
FN:50,(anonymous_2)
FN:56,(anonymous_3)
FN:62,(anonymous_4)
FN:65,(anonymous_5)
FNF:6
FNH:6
FNDA:2,(anonymous_0)
FNDA:5,(anonymous_1)
FNDA:3,(anonymous_2)
FNDA:1,(anonymous_3)
FNDA:4,(anonymous_4)
FNDA:2,(anonymous_5)
DA:1,1
DA:2,1
DA:3,1
DA:4,1
DA:7,1
DA:8,1
DA:9,1
DA:10,1
DA:19,1
DA:20,2
DA:21,2
DA:22,2
DA:23,3
DA:24,1
DA:25,1
DA:27,0
DA:35,1
DA:36,5
DA:37,5
DA:39,5
DA:40,5
DA:41,1
DA:44,5
DA:48,5
DA:50,3
DA:51,3
DA:55,3
DA:56,3
DA:57,1
DA:58,1
DA:59,1
DA:62,4
DA:63,3
DA:64,3
DA:65,2
DA:68,3
DA:69,3
DA:71,3
DA:72,3
DA:73,3
DA:75,3
DA:76,3
DA:77,3
DA:83,3
DA:86,2
DA:88,2
DA:89,2
DA:96,2
DA:97,2
DA:103,3
DA:104,2
DA:108,3
DA:109,2
DA:110,2
DA:116,1
DA:120,3
DA:123,1
LF:57
LH:56
BRDA:22,0,0,3
BRDA:22,0,1,3
BRDA:23,1,0,2
BRDA:23,1,1,1
BRDA:25,2,0,1
BRDA:25,2,1,0
BRDA:35,3,0,4
BRDA:40,4,0,1
BRDA:40,4,1,4
BRDA:40,5,0,5
BRDA:40,5,1,1
BRDA:48,6,0,2
BRDA:48,6,1,3
BRDA:57,7,0,1
BRDA:57,7,1,0
BRDA:73,8,0,0
BRDA:73,8,1,3
BRDA:75,9,0,3
BRDA:75,9,1,2
BRDA:76,10,0,3
BRDA:76,10,1,3
BRDA:83,11,0,1
BRDA:83,11,1,2
BRDA:86,12,0,2
BRDA:86,12,1,0
BRDA:96,13,0,2
BRDA:96,13,1,0
BRDA:103,14,0,2
BRDA:103,14,1,1
BRF:29
BRH:24
end_of_record
TN:
SF:src\services\badge\badgeMilestoneSync.service.js
FN:10,(anonymous_0)
FNF:1
FNH:1
FNDA:6,(anonymous_0)
DA:1,1
DA:10,1
DA:11,6
DA:12,6
DA:13,6
DA:17,6
DA:19,4
DA:21,4
DA:27,2
DA:28,2
DA:29,1
DA:31,1
DA:34,4
DA:41,1
LF:14
LH:14
BRDA:10,0,0,1
BRDA:11,1,0,6
BRDA:11,1,1,1
BRDA:17,2,0,2
BRDA:17,2,1,4
BRDA:19,3,0,4
BRDA:19,3,1,1
BRDA:21,4,0,2
BRDA:21,4,1,2
BRDA:22,5,0,4
BRDA:22,5,1,3
BRDA:22,5,2,2
BRDA:22,5,3,2
BRDA:28,6,0,1
BRDA:28,6,1,1
BRF:15
BRH:15
end_of_record
TN:
SF:src\services\badge\badgeNotification.service.js
FN:17,(anonymous_0)
FN:40,(anonymous_1)
FN:65,(anonymous_2)
FNF:3
FNH:3
FNDA:4,(anonymous_0)
FNDA:3,(anonymous_1)
FNDA:5,(anonymous_2)
DA:1,1
DA:3,1
DA:17,1
DA:18,4
DA:19,3
DA:20,3
DA:22,2
DA:40,1
DA:41,3
DA:42,3
DA:44,2
DA:65,1
DA:73,5
DA:74,4
DA:75,4
DA:77,3
DA:80,3
DA:84,3
DA:100,1
LF:19
LH:19
BRDA:18,0,0,1
BRDA:18,0,1,3
BRDA:18,1,0,4
BRDA:18,1,1,3
BRDA:18,1,2,3
BRDA:20,2,0,1
BRDA:20,2,1,2
BRDA:28,3,0,2
BRDA:28,3,1,1
BRDA:42,4,0,1
BRDA:42,4,1,2
BRDA:45,5,0,2
BRDA:45,5,1,1
BRDA:47,6,0,2
BRDA:47,6,1,1
BRDA:48,7,0,2
BRDA:48,7,1,1
BRDA:50,8,0,2
BRDA:50,8,1,1
BRDA:73,9,0,1
BRDA:73,9,1,4
BRDA:75,10,0,1
BRDA:75,10,1,3
BRDA:77,11,0,2
BRDA:77,11,1,1
BRDA:78,12,0,2
BRDA:78,12,1,1
BRDA:79,13,0,1
BRDA:79,13,1,0
BRDA:80,14,0,2
BRDA:80,14,1,1
BRDA:85,15,0,3
BRDA:85,15,1,1
BRDA:86,16,0,2
BRDA:86,16,1,1
BRDA:92,17,0,3
BRDA:92,17,1,1
BRDA:95,18,0,3
BRDA:95,18,1,2
BRF:39
BRH:38
end_of_record
TN:
SF:src\services\badge\badgeOfflineImport.service.js
FN:14,(anonymous_0)
FN:54,(anonymous_1)
FNF:2
FNH:2
FNDA:2,(anonymous_0)
FNDA:3,(anonymous_1)
DA:1,1
DA:4,1
DA:5,1
DA:6,1
DA:14,1
DA:15,2
DA:16,1
DA:20,1
DA:22,1
DA:23,3
DA:24,3
DA:25,2
DA:27,2
DA:33,2
DA:34,1
DA:41,1
DA:45,1
DA:54,1
DA:55,3
DA:57,3
DA:58,4
DA:59,4
DA:60,4
DA:62,3
DA:63,1
DA:64,1
DA:66,1
DA:70,2
DA:72,2
DA:73,1
DA:87,1
DA:89,1
DA:99,1
DA:102,2
DA:105,3
DA:108,1
LF:36
LH:36
BRDA:15,0,0,1
BRDA:15,0,1,1
BRDA:23,1,0,3
BRDA:23,1,1,1
BRDA:24,2,0,1
BRDA:24,2,1,2
BRDA:24,3,0,3
BRDA:24,3,1,2
BRDA:24,3,2,2
BRDA:33,4,0,1
BRDA:33,4,1,1
BRDA:39,5,0,1
BRDA:39,5,1,1
BRDA:58,6,0,4
BRDA:58,6,1,1
BRDA:59,7,0,4
BRDA:59,7,1,0
BRDA:60,8,0,1
BRDA:60,8,1,3
BRDA:60,9,0,4
BRDA:60,9,1,3
BRDA:60,9,2,3
BRDA:62,10,0,1
BRDA:62,10,1,2
BRDA:72,11,0,1
BRDA:72,11,1,1
BRDA:76,12,0,1
BRDA:76,12,1,1
BRDA:79,13,0,1
BRDA:79,13,1,1
BRDA:80,14,0,1
BRDA:80,14,1,1
BRDA:81,15,0,1
BRDA:81,15,1,1
BRDA:82,16,0,0
BRDA:82,16,1,1
BRDA:83,17,0,1
BRDA:83,17,1,1
BRDA:84,18,0,1
BRDA:84,18,1,1
BRDA:94,19,0,0
BRDA:94,19,1,1
BRDA:97,20,0,1
BRDA:97,20,1,1
BRF:44
BRH:41
end_of_record
TN:
SF:src\services\badge\badgeOrgCommand.service.js
FN:17,(anonymous_0)
FN:24,(anonymous_1)
FN:31,(anonymous_2)
FN:40,(anonymous_3)
FN:55,(anonymous_4)
FN:91,(anonymous_5)
FN:103,(anonymous_6)
FN:118,(anonymous_7)
FN:136,(anonymous_8)
FN:171,(anonymous_9)
FN:184,(anonymous_10)
FNF:11
FNH:11
FNDA:9,(anonymous_0)
FNDA:9,(anonymous_1)
FNDA:9,(anonymous_2)
FNDA:5,(anonymous_3)
FNDA:2,(anonymous_4)
FNDA:4,(anonymous_5)
FNDA:2,(anonymous_6)
FNDA:2,(anonymous_7)
FNDA:2,(anonymous_8)
FNDA:5,(anonymous_9)
FNDA:2,(anonymous_10)
DA:1,1
DA:2,1
DA:3,1
DA:4,1
DA:5,1
DA:6,1
DA:7,1
DA:8,1
DA:9,1
DA:17,1
DA:18,9
DA:19,9
DA:20,9
DA:24,9
DA:25,9
DA:31,9
DA:40,1
DA:41,5
DA:42,1
DA:44,4
DA:45,4
DA:46,4
DA:47,1
DA:50,3
DA:51,3
DA:52,1
DA:55,2
DA:56,2
DA:61,2
DA:70,2
DA:71,2
DA:77,1
DA:80,2
DA:91,1
DA:92,4
DA:93,1
DA:96,3
DA:97,3
DA:98,1
DA:101,2
DA:103,2
DA:104,2
DA:116,2
DA:118,2
DA:119,2
DA:132,2
DA:135,2
DA:136,2
DA:140,2
DA:149,2
DA:150,2
DA:158,1
DA:161,2
DA:171,1
DA:172,5
DA:173,1
DA:175,4
DA:176,1
DA:179,3
DA:180,3
DA:181,1
DA:184,2
DA:185,2
DA:190,2
DA:199,2
DA:200,2
DA:209,1
DA:212,2
DA:215,1
LF:69
LH:69
BRDA:25,0,0,9
BRDA:25,0,1,0
BRDA:41,1,0,1
BRDA:41,1,1,4
BRDA:46,2,0,1
BRDA:46,2,1,3
BRDA:51,3,0,1
BRDA:51,3,1,2
BRDA:92,4,0,1
BRDA:92,4,1,3
BRDA:97,5,0,1
BRDA:97,5,1,2
BRDA:107,6,0,2
BRDA:107,6,1,2
BRDA:108,7,0,2
BRDA:108,7,1,0
BRDA:109,8,0,2
BRDA:109,8,1,2
BRDA:110,9,0,2
BRDA:110,9,1,0
BRDA:123,10,0,2
BRDA:123,10,1,0
BRDA:123,10,2,0
BRDA:124,11,0,2
BRDA:124,11,1,0
BRDA:172,12,0,1
BRDA:172,12,1,4
BRDA:175,13,0,1
BRDA:175,13,1,3
BRDA:175,14,0,4
BRDA:175,14,1,4
BRDA:180,15,0,1
BRDA:180,15,1,2
BRF:33
BRH:27
end_of_record
TN:
SF:src\services\badge\badgeQuery.service.js
FN:10,(anonymous_0)
FN:15,(anonymous_1)
FN:16,(anonymous_2)
FN:45,(anonymous_3)
FNF:4
FNH:4
FNDA:2,(anonymous_0)
FNDA:3,(anonymous_1)
FNDA:12,(anonymous_2)
FNDA:1,(anonymous_3)
DA:1,1
DA:2,1
DA:3,1
DA:10,1
DA:11,2
DA:12,2
DA:13,1
DA:14,1
DA:15,1
DA:16,3
DA:17,12
DA:18,2
DA:19,2
DA:23,1
DA:25,1
DA:32,2
DA:45,2
DA:78,1
LF:18
LH:18
BRDA:12,0,0,1
BRDA:12,0,1,1
BRDA:17,1,0,2
BRDA:17,1,1,10
BRDA:48,2,0,1
BRDA:48,2,1,0
BRDA:49,3,0,1
BRDA:49,3,1,0
BRDA:51,4,0,1
BRDA:51,4,1,0
BRDA:63,5,0,0
BRDA:63,5,1,1
BRF:12
BRH:8
end_of_record
TN:
SF:src\services\badge\badgeScheduler.service.js
FN:13,(anonymous_0)
FN:29,(anonymous_1)
FNF:2
FNH:2
FNDA:4,(anonymous_0)
FNDA:6,(anonymous_1)
DA:2,5
DA:4,5
DA:5,5
DA:7,5
DA:13,5
DA:14,4
DA:15,4
DA:16,3
DA:20,1
DA:29,5
DA:30,6
DA:31,5
DA:32,5
DA:33,5
DA:36,5
LF:15
LH:15
BRDA:29,0,0,1
BRDA:30,1,0,1
BRDA:30,1,1,5
BRDA:33,2,0,5
BRDA:33,2,1,0
BRF:5
BRH:4
end_of_record
TN:
SF:src\services\db\backup.service.js
FN:11,(anonymous_0)
FN:57,(anonymous_1)
FN:58,(anonymous_2)
FNF:3
FNH:3
FNDA:7,(anonymous_0)
FNDA:5,(anonymous_1)
FNDA:5,(anonymous_2)
DA:2,1
DA:3,1
DA:4,1
DA:11,1
DA:12,7
DA:13,7
DA:14,7
DA:15,1
DA:19,6
DA:20,6
DA:21,6
DA:22,1
DA:25,5
DA:27,5
DA:28,5
DA:29,1
DA:32,5
DA:33,5
DA:34,5
DA:37,5
DA:43,5
DA:44,5
DA:45,7
DA:46,5
DA:47,5
DA:52,5
DA:53,5
DA:55,5
DA:57,5
DA:58,5
DA:59,5
DA:60,1
DA:61,1
DA:63,4
DA:68,4
DA:69,4
DA:70,3
DA:71,3
DA:73,3
DA:74,2
DA:75,2
DA:76,2
DA:77,1
DA:78,1
DA:82,1
DA:88,4
DA:92,2
DA:93,2
DA:97,1
LF:49
LH:49
BRDA:14,0,0,1
BRDA:14,0,1,6
BRDA:21,1,0,1
BRDA:21,1,1,5
BRDA:28,2,0,1
BRDA:28,2,1,4
BRDA:45,3,0,5
BRDA:45,3,1,2
BRDA:45,4,0,7
BRDA:45,4,1,6
BRDA:59,5,0,1
BRDA:59,5,1,4
BRDA:76,6,0,1
BRDA:76,6,1,1
BRF:14
BRH:14
end_of_record
TN:
SF:src\services\db\backupScheduler.service.js
FN:13,(anonymous_0)
FN:34,(anonymous_1)
FNF:2
FNH:2
FNDA:5,(anonymous_0)
FNDA:6,(anonymous_1)
DA:2,5
DA:4,5
DA:5,5
DA:7,5
DA:13,5
DA:14,5
DA:15,5
DA:16,5
DA:17,4
DA:19,1
DA:34,5
DA:35,6
DA:37,5
DA:38,5
DA:39,5
DA:41,5
DA:46,5
LF:17
LH:17
BRDA:34,0,0,6
BRDA:35,1,0,1
BRDA:35,1,1,5
BRDA:39,2,0,5
BRDA:39,2,1,0
BRF:5
BRH:4
end_of_record
TN:
SF:src\services\decision\decision.service.js
FN:18,(anonymous_0)
FN:32,(anonymous_1)
FN:46,(anonymous_2)
FN:99,(anonymous_3)
FN:168,(anonymous_4)
FNF:5
FNH:5
FNDA:1,(anonymous_0)
FNDA:2,(anonymous_1)
FNDA:6,(anonymous_2)
FNDA:5,(anonymous_3)
FNDA:3,(anonymous_4)
DA:1,1
DA:4,1
DA:5,1
DA:10,1
DA:11,1
DA:18,1
DA:19,1
DA:20,1
DA:21,1
DA:23,1
DA:24,1
DA:32,1
DA:33,2
DA:34,2
DA:35,1
DA:37,1
DA:46,1
DA:47,6
DA:48,6
DA:49,1
DA:51,5
DA:52,1
DA:54,4
DA:55,1
DA:58,3
DA:59,3
DA:60,1
DA:65,2
DA:66,2
DA:68,2
DA:69,1
DA:70,1
DA:71,1
DA:72,1
DA:75,2
DA:85,2
DA:89,2
DA:99,1
DA:100,5
DA:101,5
DA:102,5
DA:103,1
DA:106,4
DA:107,2
DA:110,2
DA:111,1
DA:115,3
DA:116,3
DA:118,3
DA:123,3
DA:124,2
DA:125,2
DA:127,1
DA:130,3
DA:131,3
DA:134,3
DA:135,1
DA:136,1
DA:137,1
DA:140,3
DA:153,3
DA:154,2
DA:160,3
DA:168,1
DA:169,3
DA:170,3
DA:171,1
DA:174,2
DA:175,2
DA:176,2
DA:178,1
DA:182,2
DA:183,2
DA:186,1
LF:74
LH:74
BRDA:18,0,0,0
BRDA:20,1,0,1
BRDA:20,1,1,0
BRDA:34,2,0,1
BRDA:34,2,1,1
BRDA:48,3,0,1
BRDA:48,3,1,5
BRDA:48,4,0,6
BRDA:48,4,1,5
BRDA:51,5,0,1
BRDA:51,5,1,4
BRDA:51,6,0,5
BRDA:51,6,1,4
BRDA:54,7,0,1
BRDA:54,7,1,3
BRDA:59,8,0,1
BRDA:59,8,1,2
BRDA:68,9,0,1
BRDA:68,9,1,1
BRDA:77,10,0,2
BRDA:77,10,1,2
BRDA:102,11,0,1
BRDA:102,11,1,4
BRDA:106,12,0,2
BRDA:106,12,1,2
BRDA:106,13,0,4
BRDA:106,13,1,3
BRDA:110,14,0,1
BRDA:110,14,1,1
BRDA:118,15,0,3
BRDA:118,15,1,0
BRDA:119,16,0,3
BRDA:119,16,1,3
BRDA:119,16,2,1
BRDA:123,17,0,2
BRDA:123,17,1,1
BRDA:134,18,0,1
BRDA:134,18,1,2
BRDA:141,19,0,2
BRDA:141,19,1,1
BRDA:143,20,0,0
BRDA:143,20,1,3
BRDA:145,21,0,0
BRDA:145,21,1,3
BRDA:147,22,0,0
BRDA:147,22,1,3
BRDA:153,23,0,2
BRDA:153,23,1,1
BRDA:170,24,0,1
BRDA:170,24,1,2
BRDA:174,25,0,2
BRDA:174,25,1,0
BRF:52
BRH:45
end_of_record
TN:
SF:src\services\decision\decisionResolver.service.js
FN:15,(anonymous_0)
FNF:1
FNH:1
FNDA:7,(anonymous_0)
DA:1,1
DA:2,1
DA:15,1
DA:16,7
DA:18,7
DA:24,2
DA:27,2
DA:28,1
DA:37,6
DA:38,4
DA:41,4
DA:42,1
DA:49,3
DA:50,3
DA:51,3
DA:53,3
DA:54,1
DA:55,1
DA:56,1
DA:59,3
DA:76,3
DA:85,2
DA:93,1
LF:23
LH:23
BRDA:18,0,0,2
BRDA:18,0,1,5
BRDA:19,1,0,7
BRDA:19,1,1,3
BRDA:19,1,2,3
BRDA:19,1,3,3
BRDA:27,2,0,1
BRDA:27,2,1,1
BRDA:37,3,0,4
BRDA:37,3,1,2
BRDA:37,4,0,6
BRDA:37,4,1,4
BRDA:41,5,0,1
BRDA:41,5,1,3
BRDA:45,6,0,1
BRDA:45,6,1,1
BRDA:46,7,0,1
BRDA:46,7,1,1
BRDA:53,8,0,1
BRDA:53,8,1,2
BRDA:64,9,0,3
BRDA:64,9,1,2
BRDA:66,10,0,0
BRDA:66,10,1,3
BRDA:68,11,0,0
BRDA:68,11,1,3
BRF:26
BRH:24
end_of_record
TN:
SF:src\services\files\attachmentUpload.service.js
FN:14,(anonymous_0)
FNF:1
FNH:1
FNDA:3,(anonymous_0)
DA:3,1
DA:6,1
DA:14,1
DA:15,3
DA:16,2
DA:19,1
LF:6
LH:6
BRDA:15,0,0,3
BRDA:15,0,1,1
BRDA:15,0,2,0
BRF:3
BRH:2
end_of_record
TN:
SF:src\services\member\member.service.js
FN:24,(anonymous_0)
FN:31,(anonymous_1)
FN:55,(anonymous_2)
FN:86,(anonymous_3)
FN:113,(anonymous_4)
FN:417,(anonymous_5)
FN:426,(anonymous_6)
FN:434,(anonymous_7)
FN:435,(anonymous_8)
FN:436,(anonymous_9)
FN:444,(anonymous_10)
FN:451,(anonymous_11)
FN:452,(anonymous_12)
FN:453,(anonymous_13)
FN:461,(anonymous_14)
FN:473,(anonymous_15)
FN:474,(anonymous_16)
FN:475,(anonymous_17)
FN:515,(anonymous_18)
FN:516,(anonymous_19)
FN:517,(anonymous_20)
FN:555,(anonymous_21)
FN:556,(anonymous_22)
FN:557,(anonymous_23)
FN:570,(anonymous_24)
FN:588,(anonymous_25)
FN:594,(anonymous_26)
FN:607,(anonymous_27)
FN:627,(anonymous_28)
FN:629,(anonymous_29)
FN:642,(anonymous_30)
FN:661,(anonymous_31)
FN:673,(anonymous_32)
FN:680,(anonymous_33)
FN:689,(anonymous_34)
FN:701,(anonymous_35)
FN:711,(anonymous_36)
FN:716,(anonymous_37)
FN:725,(anonymous_38)
FNF:39
FNH:23
FNDA:2,(anonymous_0)
FNDA:1,(anonymous_1)
FNDA:10,(anonymous_2)
FNDA:8,(anonymous_3)
FNDA:8,(anonymous_4)
FNDA:8,(anonymous_5)
FNDA:1,(anonymous_6)
FNDA:0,(anonymous_7)
FNDA:1,(anonymous_8)
FNDA:1,(anonymous_9)
FNDA:0,(anonymous_10)
FNDA:0,(anonymous_11)
FNDA:0,(anonymous_12)
FNDA:0,(anonymous_13)
FNDA:0,(anonymous_14)
FNDA:0,(anonymous_15)
FNDA:0,(anonymous_16)
FNDA:0,(anonymous_17)
FNDA:0,(anonymous_18)
FNDA:0,(anonymous_19)
FNDA:0,(anonymous_20)
FNDA:0,(anonymous_21)
FNDA:1,(anonymous_22)
FNDA:0,(anonymous_23)
FNDA:11,(anonymous_24)
FNDA:3,(anonymous_25)
FNDA:2,(anonymous_26)
FNDA:0,(anonymous_27)
FNDA:3,(anonymous_28)
FNDA:2,(anonymous_29)
FNDA:2,(anonymous_30)
FNDA:1,(anonymous_31)
FNDA:4,(anonymous_32)
FNDA:2,(anonymous_33)
FNDA:3,(anonymous_34)
FNDA:2,(anonymous_35)
FNDA:2,(anonymous_36)
FNDA:0,(anonymous_37)
FNDA:2,(anonymous_38)
DA:1,1
DA:2,1
DA:3,1
DA:4,1
DA:7,1
DA:8,1
DA:11,1
DA:12,1
DA:13,1
DA:24,1
DA:31,2
DA:33,2
DA:34,2
DA:35,2
DA:36,0
DA:37,0
DA:39,2
DA:43,2
DA:44,1
DA:55,1
DA:56,10
DA:58,10
DA:59,10
DA:64,10
DA:67,9
DA:68,9
DA:73,9
DA:74,1
DA:86,1
DA:87,8
DA:89,8
DA:97,8
DA:98,5
DA:99,5
DA:101,3
DA:103,8
DA:113,1
DA:170,8
DA:172,8
DA:212,8
DA:285,8
DA:308,8
DA:352,8
DA:375,8
DA:389,8
DA:417,1
DA:419,8
DA:420,8
DA:423,8
DA:424,1
DA:426,1
DA:434,0
DA:435,1
DA:436,1
DA:441,8
DA:442,0
DA:444,0
DA:451,0
DA:452,0
DA:453,0
DA:458,8
DA:459,0
DA:461,0
DA:473,0
DA:474,0
DA:475,0
DA:480,8
DA:481,0
DA:482,0
DA:483,0
DA:484,0
DA:485,0
DA:487,0
DA:488,0
DA:489,0
DA:490,0
DA:491,0
DA:494,0
DA:495,0
DA:496,0
DA:497,0
DA:500,0
DA:512,0
DA:515,0
DA:516,0
DA:517,0
DA:522,8
DA:523,1
DA:524,1
DA:525,1
DA:526,1
DA:528,1
DA:529,1
DA:530,0
DA:531,1
DA:532,1
DA:535,1
DA:536,1
DA:537,1
DA:540,1
DA:552,1
DA:555,0
DA:556,1
DA:557,0
DA:570,1
DA:571,11
DA:572,10
DA:574,8
DA:575,8
DA:577,8
DA:578,8
DA:580,8
DA:588,1
DA:589,3
DA:593,3
DA:594,3
DA:595,2
DA:596,2
DA:600,3
DA:601,2
DA:606,1
DA:607,1
DA:608,0
DA:612,0
DA:615,1
DA:626,3
DA:627,3
DA:629,3
DA:630,2
DA:631,2
DA:632,2
DA:642,2
DA:643,2
DA:644,1
DA:648,1
DA:654,1
DA:660,2
DA:661,1
DA:663,2
DA:673,1
DA:674,4
DA:675,4
DA:676,3
DA:677,1
DA:679,2
DA:680,2
DA:689,1
DA:690,3
DA:691,3
DA:692,3
DA:696,1
DA:698,2
DA:699,2
DA:700,2
DA:701,2
DA:711,1
DA:712,2
DA:713,1
DA:714,1
DA:715,1
DA:716,1
DA:725,1
DA:726,2
DA:727,1
DA:730,1
LF:165
LH:128
BRDA:35,0,0,0
BRDA:35,0,1,2
BRDA:35,1,0,2
BRDA:35,1,1,0
BRDA:58,2,0,10
BRDA:58,2,1,0
BRDA:58,3,0,10
BRDA:58,3,1,10
BRDA:60,4,0,6
BRDA:60,4,1,4
BRDA:64,5,0,1
BRDA:64,5,1,9
BRDA:67,6,0,9
BRDA:67,6,1,0
BRDA:67,7,0,9
BRDA:67,7,1,9
BRDA:69,8,0,5
BRDA:69,8,1,4
BRDA:73,9,0,1
BRDA:73,9,1,8
BRDA:92,10,0,8
BRDA:92,10,1,8
BRDA:97,11,0,5
BRDA:97,11,1,3
BRDA:174,12,0,8
BRDA:174,12,1,0
BRDA:174,13,0,0
BRDA:174,13,1,0
BRDA:176,14,0,0
BRDA:176,14,1,8
BRDA:178,15,0,5
BRDA:178,15,1,3
BRDA:179,16,0,5
BRDA:179,16,1,0
BRDA:181,17,0,8
BRDA:181,17,1,0
BRDA:181,18,0,0
BRDA:181,18,1,0
BRDA:182,19,0,8
BRDA:182,19,1,0
BRDA:182,20,0,0
BRDA:182,20,1,0
BRDA:183,21,0,0
BRDA:183,21,1,8
BRDA:183,22,0,5
BRDA:183,22,1,3
BRDA:184,23,0,0
BRDA:184,23,1,8
BRDA:184,24,0,5
BRDA:184,24,1,3
BRDA:186,25,0,0
BRDA:186,25,1,8
BRDA:186,26,0,5
BRDA:186,26,1,3
BRDA:187,27,0,0
BRDA:187,27,1,8
BRDA:187,28,0,5
BRDA:187,28,1,3
BRDA:188,29,0,0
BRDA:188,29,1,8
BRDA:188,30,0,5
BRDA:188,30,1,3
BRDA:189,31,0,0
BRDA:189,31,1,8
BRDA:189,32,0,5
BRDA:189,32,1,3
BRDA:191,33,0,0
BRDA:191,33,1,8
BRDA:193,34,0,5
BRDA:193,34,1,3
BRDA:197,35,0,0
BRDA:197,35,1,8
BRDA:199,36,0,5
BRDA:199,36,1,3
BRDA:203,37,0,0
BRDA:203,37,1,8
BRDA:205,38,0,5
BRDA:205,38,1,3
BRDA:208,39,0,0
BRDA:208,39,1,8
BRDA:208,40,0,5
BRDA:208,40,1,3
BRDA:209,41,0,0
BRDA:209,41,1,8
BRDA:209,42,0,5
BRDA:209,42,1,3
BRDA:214,43,0,0
BRDA:214,43,1,8
BRDA:215,44,0,0
BRDA:215,44,1,0
BRDA:218,45,0,5
BRDA:218,45,1,3
BRDA:222,46,0,0
BRDA:222,46,1,8
BRDA:222,47,0,5
BRDA:222,47,1,3
BRDA:224,48,0,0
BRDA:224,48,1,8
BRDA:226,49,0,5
BRDA:226,49,1,3
BRDA:230,50,0,0
BRDA:230,50,1,8
BRDA:230,51,0,5
BRDA:230,51,1,3
BRDA:232,52,0,0
BRDA:232,52,1,8
BRDA:234,53,0,5
BRDA:234,53,1,3
BRDA:238,54,0,0
BRDA:238,54,1,8
BRDA:238,55,0,5
BRDA:238,55,1,3
BRDA:240,56,0,0
BRDA:240,56,1,8
BRDA:241,57,0,0
BRDA:241,57,1,0
BRDA:244,58,0,5
BRDA:244,58,1,3
BRDA:248,59,0,0
BRDA:248,59,1,8
BRDA:249,60,0,0
BRDA:249,60,1,0
BRDA:252,61,0,5
BRDA:252,61,1,3
BRDA:256,62,0,0
BRDA:256,62,1,8
BRDA:256,63,0,5
BRDA:256,63,1,3
BRDA:258,64,0,0
BRDA:258,64,1,8
BRDA:260,65,0,5
BRDA:260,65,1,3
BRDA:264,66,0,0
BRDA:264,66,1,8
BRDA:264,67,0,5
BRDA:264,67,1,3
BRDA:266,68,0,0
BRDA:266,68,1,8
BRDA:267,69,0,0
BRDA:267,69,1,0
BRDA:270,70,0,5
BRDA:270,70,1,3
BRDA:274,71,0,0
BRDA:274,71,1,8
BRDA:274,72,0,5
BRDA:274,72,1,3
BRDA:276,73,0,0
BRDA:276,73,1,8
BRDA:277,74,0,0
BRDA:277,74,1,0
BRDA:280,75,0,5
BRDA:280,75,1,3
BRDA:287,76,0,0
BRDA:287,76,1,8
BRDA:289,77,0,5
BRDA:289,77,1,3
BRDA:293,78,0,0
BRDA:293,78,1,8
BRDA:295,79,0,5
BRDA:295,79,1,3
BRDA:299,80,0,0
BRDA:299,80,1,8
BRDA:299,81,0,5
BRDA:299,81,1,3
BRDA:300,82,0,0
BRDA:300,82,1,8
BRDA:300,83,0,5
BRDA:300,83,1,3
BRDA:301,84,0,0
BRDA:301,84,1,8
BRDA:301,85,0,5
BRDA:301,85,1,3
BRDA:303,86,0,0
BRDA:303,86,1,8
BRDA:303,87,0,5
BRDA:303,87,1,3
BRDA:304,88,0,0
BRDA:304,88,1,8
BRDA:304,89,0,5
BRDA:304,89,1,3
BRDA:305,90,0,0
BRDA:305,90,1,8
BRDA:305,91,0,5
BRDA:305,91,1,3
BRDA:310,92,0,0
BRDA:310,92,1,8
BRDA:311,93,0,0
BRDA:311,93,1,0
BRDA:314,94,0,5
BRDA:314,94,1,3
BRDA:318,95,0,0
BRDA:318,95,1,8
BRDA:320,96,0,5
BRDA:320,96,1,3
BRDA:324,97,0,0
BRDA:324,97,1,8
BRDA:325,98,0,0
BRDA:325,98,1,0
BRDA:328,99,0,5
BRDA:328,99,1,3
BRDA:332,100,0,0
BRDA:332,100,1,8
BRDA:333,101,0,0
BRDA:333,101,1,0
BRDA:336,102,0,5
BRDA:336,102,1,3
BRDA:340,103,0,0
BRDA:340,103,1,8
BRDA:341,104,0,0
BRDA:341,104,1,0
BRDA:344,105,0,5
BRDA:344,105,1,3
BRDA:347,106,0,0
BRDA:347,106,1,8
BRDA:347,107,0,5
BRDA:347,107,1,3
BRDA:349,108,0,0
BRDA:349,108,1,8
BRDA:349,109,0,5
BRDA:349,109,1,3
BRDA:354,110,0,0
BRDA:354,110,1,8
BRDA:356,111,0,5
BRDA:356,111,1,3
BRDA:360,112,0,0
BRDA:360,112,1,8
BRDA:360,113,0,5
BRDA:360,113,1,3
BRDA:362,114,0,0
BRDA:362,114,1,8
BRDA:364,115,0,5
BRDA:364,115,1,3
BRDA:368,116,0,0
BRDA:368,116,1,8
BRDA:370,117,0,5
BRDA:370,117,1,3
BRDA:377,118,0,0
BRDA:377,118,1,8
BRDA:377,119,0,5
BRDA:377,119,1,3
BRDA:379,120,0,0
BRDA:379,120,1,8
BRDA:379,121,0,5
BRDA:379,121,1,3
BRDA:381,122,0,0
BRDA:381,122,1,8
BRDA:383,123,0,5
BRDA:383,123,1,3
BRDA:386,124,0,0
BRDA:386,124,1,8
BRDA:386,125,0,5
BRDA:386,125,1,3
BRDA:391,126,0,0
BRDA:391,126,1,8
BRDA:392,127,0,0
BRDA:392,127,1,0
BRDA:393,128,0,5
BRDA:393,128,1,3
BRDA:397,129,0,0
BRDA:397,129,1,8
BRDA:398,130,0,0
BRDA:398,130,1,0
BRDA:399,131,0,5
BRDA:399,131,1,3
BRDA:403,132,0,0
BRDA:403,132,1,8
BRDA:404,133,0,0
BRDA:404,133,1,0
BRDA:405,134,0,5
BRDA:405,134,1,3
BRDA:423,135,0,1
BRDA:423,135,1,7
BRDA:425,136,0,1
BRDA:425,136,1,0
BRDA:429,137,0,1
BRDA:429,137,1,0
BRDA:430,138,0,1
BRDA:430,138,1,0
BRDA:431,139,0,1
BRDA:431,139,1,0
BRDA:432,140,0,1
BRDA:432,140,1,1
BRDA:441,141,0,0
BRDA:441,141,1,8
BRDA:443,142,0,0
BRDA:443,142,1,0
BRDA:447,143,0,0
BRDA:447,143,1,0
BRDA:448,144,0,0
BRDA:448,144,1,0
BRDA:449,145,0,0
BRDA:449,145,1,0
BRDA:458,146,0,0
BRDA:458,146,1,8
BRDA:460,147,0,0
BRDA:460,147,1,0
BRDA:464,148,0,0
BRDA:464,148,1,0
BRDA:465,149,0,0
BRDA:465,149,1,0
BRDA:466,150,0,0
BRDA:466,150,1,0
BRDA:467,151,0,0
BRDA:467,151,1,0
BRDA:468,152,0,0
BRDA:468,152,1,0
BRDA:469,153,0,0
BRDA:469,153,1,0
BRDA:469,153,2,0
BRDA:470,154,0,0
BRDA:470,154,1,0
BRDA:471,155,0,0
BRDA:471,155,1,0
BRDA:480,156,0,0
BRDA:480,156,1,8
BRDA:483,157,0,0
BRDA:483,157,1,0
BRDA:484,158,0,0
BRDA:484,158,1,0
BRDA:485,159,0,0
BRDA:485,159,1,0
BRDA:488,160,0,0
BRDA:488,160,1,0
BRDA:490,161,0,0
BRDA:490,161,1,0
BRDA:490,162,0,0
BRDA:490,162,1,0
BRDA:494,163,0,0
BRDA:494,163,1,0
BRDA:503,164,0,0
BRDA:503,164,1,0
BRDA:504,165,0,0
BRDA:504,165,1,0
BRDA:505,166,0,0
BRDA:505,166,1,0
BRDA:513,167,0,0
BRDA:513,167,1,0
BRDA:522,168,0,1
BRDA:522,168,1,7
BRDA:525,169,0,1
BRDA:525,169,1,1
BRDA:526,170,0,1
BRDA:526,170,1,0
BRDA:526,170,2,0
BRDA:529,171,0,0
BRDA:529,171,1,1
BRDA:531,172,0,1
BRDA:531,172,1,0
BRDA:531,173,0,1
BRDA:531,173,1,1
BRDA:535,174,0,1
BRDA:535,174,1,0
BRDA:543,175,0,1
BRDA:543,175,1,0
BRDA:544,176,0,1
BRDA:544,176,1,0
BRDA:545,177,0,1
BRDA:545,177,1,1
BRDA:546,178,0,1
BRDA:546,178,1,1
BRDA:553,179,0,1
BRDA:553,179,1,0
BRDA:570,180,0,0
BRDA:570,181,0,0
BRDA:595,182,0,1
BRDA:595,182,1,1
BRDA:600,183,0,2
BRDA:600,183,1,1
BRDA:608,184,0,0
BRDA:608,184,1,0
BRDA:609,185,0,0
BRDA:609,185,1,0
BRDA:631,186,0,2
BRDA:631,186,1,1
BRDA:635,187,0,2
BRDA:635,187,1,2
BRDA:635,187,2,0
BRDA:643,188,0,1
BRDA:643,188,1,1
BRDA:643,189,0,2
BRDA:643,189,1,1
BRDA:648,190,0,1
BRDA:648,190,1,0
BRDA:649,191,0,1
BRDA:649,191,1,1
BRDA:649,191,2,1
BRDA:649,191,3,1
BRDA:675,192,0,1
BRDA:675,192,1,3
BRDA:676,193,0,1
BRDA:676,193,1,2
BRDA:676,194,0,3
BRDA:676,194,1,2
BRDA:692,195,0,1
BRDA:692,195,1,2
BRDA:693,196,0,3
BRDA:693,196,1,2
BRDA:693,196,2,2
BRF:398
BRH:236
end_of_record
TN:
SF:src\services\member\memberAttachment.service.js
FN:19,(anonymous_0)
FN:50,(anonymous_1)
FN:78,(anonymous_2)
FN:105,(anonymous_3)
FNF:4
FNH:4
FNDA:3,(anonymous_0)
FNDA:3,(anonymous_1)
FNDA:3,(anonymous_2)
FNDA:2,(anonymous_3)
DA:1,1
DA:2,1
DA:5,1
DA:8,1
DA:9,1
DA:19,1
DA:20,3
DA:22,2
DA:24,2
DA:32,2
DA:50,1
DA:51,3
DA:54,3
DA:58,3
DA:59,1
DA:62,2
DA:63,1
DA:66,2
DA:67,2
DA:78,1
DA:79,3
DA:81,3
DA:82,3
DA:83,1
DA:86,2
DA:87,1
DA:90,2
DA:92,2
DA:105,1
DA:106,2
DA:108,2
DA:109,2
DA:110,1
DA:113,1
DA:114,1
DA:117,1
DA:123,1
LF:37
LH:37
BRDA:26,0,0,2
BRDA:26,0,1,1
BRDA:27,1,0,2
BRDA:27,1,1,1
BRDA:58,2,0,1
BRDA:58,2,1,2
BRDA:62,3,0,1
BRDA:62,3,1,1
BRDA:82,4,0,1
BRDA:82,4,1,2
BRDA:86,5,0,1
BRDA:86,5,1,1
BRDA:109,6,0,1
BRDA:109,6,1,1
BRDA:113,7,0,1
BRDA:113,7,1,0
BRF:16
BRH:15
end_of_record
TN:
SF:src\services\member\memberEvaluation.service.js
FN:20,(anonymous_0)
FN:39,(anonymous_1)
FN:114,(anonymous_2)
FN:196,(anonymous_3)
FN:220,(anonymous_4)
FN:252,(anonymous_5)
FNF:6
FNH:6
FNDA:10,(anonymous_0)
FNDA:5,(anonymous_1)
FNDA:4,(anonymous_2)
FNDA:3,(anonymous_3)
FNDA:3,(anonymous_4)
FNDA:4,(anonymous_5)
DA:1,1
DA:4,1
DA:5,1
DA:6,1
DA:9,1
DA:10,1
DA:20,1
DA:21,10
DA:22,9
DA:23,9
DA:24,1
DA:26,8
DA:27,1
DA:39,1
DA:40,5
DA:41,4
DA:43,4
DA:46,4
DA:50,4
DA:51,2
DA:52,2
DA:53,2
DA:54,1
DA:62,3
DA:66,3
DA:67,1
DA:68,1
DA:75,2
DA:76,2
DA:77,2
DA:78,2
DA:79,2
DA:81,2
DA:92,2
DA:114,1
DA:115,4
DA:116,4
DA:117,4
DA:120,3
DA:124,1
DA:129,2
DA:130,2
DA:132,2
DA:138,2
DA:141,2
DA:145,2
DA:146,0
DA:147,0
DA:148,0
DA:149,0
DA:156,2
DA:157,2
DA:159,2
DA:161,2
DA:162,2
DA:163,2
DA:164,2
DA:166,2
DA:176,2
DA:196,1
DA:197,3
DA:198,3
DA:199,3
DA:201,2
DA:205,1
DA:210,1
DA:220,1
DA:221,3
DA:222,1
DA:224,2
DA:225,2
DA:227,1
DA:232,1
DA:252,1
DA:253,4
DA:254,1
DA:256,3
DA:257,1
DA:259,2
DA:260,2
DA:262,1
DA:267,1
DA:279,1
LF:83
LH:79
BRDA:21,0,0,1
BRDA:21,0,1,9
BRDA:23,1,0,1
BRDA:23,1,1,8
BRDA:23,2,0,9
BRDA:23,2,1,9
BRDA:23,2,2,8
BRDA:26,3,0,1
BRDA:26,3,1,7
BRDA:26,4,0,8
BRDA:26,4,1,7
BRDA:50,5,0,2
BRDA:50,5,1,2
BRDA:50,6,0,4
BRDA:50,6,1,2
BRDA:52,7,0,2
BRDA:52,7,1,0
BRDA:53,8,0,1
BRDA:53,8,1,1
BRDA:53,9,0,2
BRDA:53,9,1,2
BRDA:66,10,0,1
BRDA:66,10,1,2
BRDA:67,11,0,1
BRDA:67,11,1,0
BRDA:76,12,0,2
BRDA:76,12,1,1
BRDA:76,12,2,1
BRDA:85,13,0,2
BRDA:85,13,1,2
BRDA:117,14,0,1
BRDA:117,14,1,3
BRDA:120,15,0,1
BRDA:120,15,1,2
BRDA:121,16,0,3
BRDA:121,16,1,2
BRDA:121,16,2,2
BRDA:129,17,0,0
BRDA:129,17,1,2
BRDA:130,18,0,2
BRDA:130,18,1,0
BRDA:145,19,0,0
BRDA:145,19,1,2
BRDA:145,20,0,2
BRDA:145,20,1,0
BRDA:147,21,0,0
BRDA:147,21,1,0
BRDA:148,22,0,0
BRDA:148,22,1,0
BRDA:148,23,0,0
BRDA:148,23,1,0
BRDA:156,24,0,1
BRDA:156,24,1,1
BRDA:157,25,0,1
BRDA:157,25,1,1
BRDA:161,26,0,2
BRDA:161,26,1,2
BRDA:161,26,2,2
BRDA:162,27,0,2
BRDA:162,27,1,2
BRDA:163,28,0,2
BRDA:163,28,1,2
BRDA:164,29,0,2
BRDA:164,29,1,2
BRDA:167,30,0,0
BRDA:167,30,1,2
BRDA:169,31,0,0
BRDA:169,31,1,2
BRDA:199,32,0,1
BRDA:199,32,1,2
BRDA:201,33,0,1
BRDA:201,33,1,1
BRDA:202,34,0,2
BRDA:202,34,1,2
BRDA:202,34,2,1
BRDA:221,35,0,1
BRDA:221,35,1,2
BRDA:225,36,0,1
BRDA:225,36,1,1
BRDA:253,37,0,1
BRDA:253,37,1,3
BRDA:256,38,0,1
BRDA:256,38,1,2
BRDA:256,39,0,3
BRDA:256,39,1,2
BRDA:260,40,0,1
BRDA:260,40,1,1
BRF:87
BRH:73
end_of_record
TN:
SF:src\services\member\memberExport.service.js
FN:25,fmtDate
FN:36,v
FN:58,p
FN:82,labelValue
FN:102,sectionTitle
FN:128,tableCell
FN:163,tableRow
FN:172,emptyRow
FN:173,(anonymous_8)
FN:183,exportMemberToWord
FN:188,(anonymous_10)
FN:646,(anonymous_11)
FN:678,(anonymous_12)
FN:712,(anonymous_13)
FN:748,(anonymous_14)
FN:780,(anonymous_15)
FNF:16
FNH:16
FNDA:50,fmtDate
FNDA:343,v
FNDA:16,p
FNDA:87,labelValue
FNDA:44,sectionTitle
FNDA:176,tableCell
FNDA:40,tableRow
FNDA:5,emptyRow
FNDA:22,(anonymous_8)
FNDA:5,exportMemberToWord
FNDA:9,(anonymous_10)
FNDA:3,(anonymous_11)
FNDA:3,(anonymous_12)
FNDA:3,(anonymous_13)
FNDA:3,(anonymous_14)
FNDA:3,(anonymous_15)
DA:14,1
DA:15,1
DA:16,1
DA:17,1
DA:26,50
DA:27,42
DA:28,42
DA:37,343
DA:38,267
DA:54,1
DA:55,1
DA:56,1
DA:59,16
DA:83,87
DA:103,44
DA:129,176
DA:164,40
DA:173,22
DA:184,5
DA:185,5
DA:187,4
DA:188,9
DA:189,4
DA:191,4
DA:192,4
DA:193,4
DA:196,4
DA:265,4
DA:327,4
DA:409,4
DA:448,4
DA:571,4
DA:626,4
DA:635,4
DA:647,3
DA:657,4
DA:666,4
DA:679,3
DA:688,4
DA:697,4
DA:713,3
DA:725,4
DA:734,4
DA:749,3
DA:760,4
DA:769,4
DA:781,3
DA:791,4
DA:800,4
DA:837,4
DA:840,1
LF:51
LH:51
BRDA:26,0,0,8
BRDA:26,0,1,42
BRDA:37,1,0,76
BRDA:37,1,1,267
BRDA:37,2,0,343
BRDA:37,2,1,341
BRDA:37,2,2,341
BRDA:58,3,0,16
BRDA:60,4,0,16
BRDA:60,4,1,16
BRDA:60,5,0,16
BRDA:60,5,1,16
BRDA:61,6,0,16
BRDA:61,6,1,16
BRDA:65,7,0,16
BRDA:65,7,1,16
BRDA:66,8,0,16
BRDA:66,8,1,16
BRDA:67,9,0,16
BRDA:67,9,1,16
BRDA:68,10,0,0
BRDA:68,10,1,16
BRDA:82,11,0,87
BRDA:84,12,0,87
BRDA:84,12,1,87
BRDA:128,13,0,37
BRDA:130,14,0,119
BRDA:130,14,1,57
BRDA:131,15,0,88
BRDA:131,15,1,88
BRDA:142,16,0,176
BRDA:142,16,1,176
BRDA:146,17,0,176
BRDA:146,17,1,176
BRDA:146,17,2,88
BRDA:163,18,0,20
BRDA:164,19,0,40
BRDA:164,19,1,20
BRDA:185,20,0,1
BRDA:185,20,1,4
BRDA:191,21,0,4
BRDA:191,21,1,2
BRDA:192,22,0,4
BRDA:192,22,1,2
BRDA:193,23,0,4
BRDA:193,23,1,2
BRDA:233,24,0,4
BRDA:233,24,1,2
BRDA:603,25,0,2
BRDA:603,25,1,2
BRDA:614,26,0,0
BRDA:614,26,1,4
BRDA:620,27,0,3
BRDA:620,27,1,1
BRDA:645,28,0,3
BRDA:645,28,1,1
BRDA:645,29,0,4
BRDA:645,29,1,0
BRDA:646,30,0,3
BRDA:646,30,1,0
BRDA:675,31,0,3
BRDA:675,31,1,1
BRDA:675,32,0,4
BRDA:675,32,1,0
BRDA:676,33,0,3
BRDA:676,33,1,0
BRDA:709,34,0,3
BRDA:709,34,1,1
BRDA:709,35,0,4
BRDA:709,35,1,0
BRDA:710,36,0,3
BRDA:710,36,1,0
BRDA:745,37,0,3
BRDA:745,37,1,1
BRDA:745,38,0,4
BRDA:745,38,1,0
BRDA:746,39,0,3
BRDA:746,39,1,0
BRDA:779,40,0,3
BRDA:779,40,1,1
BRDA:779,41,0,4
BRDA:779,41,1,0
BRDA:780,42,0,3
BRDA:780,42,1,0
BRF:84
BRH:72
end_of_record
TN:
SF:src\services\member\memberImport.service.js
FN:28,(anonymous_0)
FN:106,(anonymous_1)
FN:112,(anonymous_2)
FN:123,(anonymous_3)
FN:125,(anonymous_4)
FN:136,(anonymous_5)
FN:138,(anonymous_6)
FN:141,(anonymous_7)
FN:151,(anonymous_8)
FN:153,(anonymous_9)
FN:178,(anonymous_10)
FN:216,(anonymous_11)
FN:222,(anonymous_12)
FN:224,(anonymous_13)
FN:305,(anonymous_14)
FN:320,(anonymous_15)
FN:327,(anonymous_16)
FN:328,(anonymous_17)
FN:329,(anonymous_18)
FN:330,(anonymous_19)
FN:342,(anonymous_20)
FN:368,(anonymous_21)
FN:380,(anonymous_22)
FN:489,(anonymous_23)
FN:525,(anonymous_24)
FNF:25
FNH:17
FNDA:5,(anonymous_0)
FNDA:2,(anonymous_1)
FNDA:0,(anonymous_2)
FNDA:0,(anonymous_3)
FNDA:0,(anonymous_4)
FNDA:0,(anonymous_5)
FNDA:0,(anonymous_6)
FNDA:0,(anonymous_7)
FNDA:0,(anonymous_8)
FNDA:0,(anonymous_9)
FNDA:8,(anonymous_10)
FNDA:7,(anonymous_11)
FNDA:1,(anonymous_12)
FNDA:1,(anonymous_13)
FNDA:7,(anonymous_14)
FNDA:7,(anonymous_15)
FNDA:6,(anonymous_16)
FNDA:6,(anonymous_17)
FNDA:6,(anonymous_18)
FNDA:6,(anonymous_19)
FNDA:6,(anonymous_20)
FNDA:5,(anonymous_21)
FNDA:50,(anonymous_22)
FNDA:5,(anonymous_23)
FNDA:4,(anonymous_24)
DA:1,1
DA:2,1
DA:3,1
DA:4,1
DA:11,1
DA:14,1
DA:15,1
DA:16,1
DA:17,1
DA:18,1
DA:19,1
DA:20,1
DA:21,1
DA:28,1
DA:29,5
DA:31,5
DA:32,5
DA:42,5
DA:45,3
DA:46,0
DA:56,0
DA:59,3
DA:60,3
DA:61,0
DA:62,0
DA:63,0
DA:64,0
DA:65,0
DA:66,0
DA:68,0
DA:87,0
DA:88,0
DA:97,3
DA:106,1
DA:107,2
DA:108,2
DA:109,0
DA:111,0
DA:112,0
DA:113,0
DA:116,0
DA:117,0
DA:118,0
DA:119,0
DA:123,0
DA:124,0
DA:125,0
DA:126,0
DA:127,0
DA:129,0
DA:132,0
DA:136,0
DA:137,0
DA:138,0
DA:139,0
DA:140,0
DA:141,0
DA:142,0
DA:143,0
DA:147,0
DA:151,0
DA:152,0
DA:153,0
DA:154,0
DA:155,0
DA:156,0
DA:157,0
DA:158,0
DA:162,0
DA:165,0
DA:166,0
DA:178,1
DA:185,8
DA:186,8
DA:187,8
DA:188,8
DA:189,8
DA:191,8
DA:192,1
DA:193,1
DA:194,1
DA:195,1
DA:196,1
DA:197,1
DA:198,1
DA:199,1
DA:200,1
DA:201,0
DA:204,1
DA:205,1
DA:207,0
DA:208,7
DA:209,0
DA:210,0
DA:211,0
DA:215,7
DA:216,7
DA:217,7
DA:218,1
DA:221,6
DA:222,6
DA:223,6
DA:224,1
DA:227,6
DA:228,6
DA:230,6
DA:231,7
DA:232,7
DA:237,1
DA:238,1
DA:239,1
DA:242,6
DA:243,6
DA:248,5
DA:251,5
DA:254,5
DA:255,5
DA:256,2
DA:258,1
DA:259,1
DA:262,1
DA:269,1
DA:270,1
DA:274,3
DA:277,4
DA:285,4
DA:286,4
DA:291,1
DA:300,5
DA:304,6
DA:305,6
DA:306,7
DA:307,2
DA:311,6
DA:312,6
DA:313,2
DA:314,2
DA:316,2
DA:320,7
DA:322,6
DA:327,6
DA:328,6
DA:329,6
DA:330,6
DA:342,1
DA:343,6
DA:344,6
DA:345,1
DA:346,1
DA:347,1
DA:348,1
DA:349,1
DA:351,0
DA:355,0
DA:359,5
DA:368,1
DA:369,5
DA:380,50
DA:382,5
DA:489,1
DA:490,5
DA:491,5
DA:492,5
DA:493,5
DA:498,5
DA:504,5
DA:505,5
DA:506,0
DA:507,0
DA:515,5
DA:525,1
DA:532,4
DA:535,4
DA:536,4
DA:539,4
DA:540,0
DA:541,0
DA:542,0
DA:552,4
DA:553,4
DA:554,4
DA:557,4
DA:558,4
DA:559,4
DA:563,4
DA:564,4
DA:568,0
DA:569,0
DA:570,0
DA:578,0
DA:593,4
DA:596,4
DA:597,4
DA:598,4
DA:602,4
DA:603,0
DA:604,0
DA:612,0
DA:626,4
DA:627,4
DA:628,4
DA:629,4
DA:630,4
DA:633,4
DA:637,4
DA:638,0
DA:639,0
DA:647,0
DA:661,1
LF:209
LH:141
BRDA:31,0,0,5
BRDA:31,0,1,0
BRDA:31,1,0,5
BRDA:31,1,1,5
BRDA:42,2,0,2
BRDA:42,2,1,3
BRDA:45,3,0,0
BRDA:45,3,1,3
BRDA:45,4,0,3
BRDA:45,4,1,0
BRDA:56,5,0,0
BRDA:56,5,1,0
BRDA:59,6,0,3
BRDA:59,6,1,0
BRDA:60,7,0,0
BRDA:60,7,1,3
BRDA:60,8,0,3
BRDA:60,8,1,3
BRDA:62,9,0,0
BRDA:62,9,1,0
BRDA:87,10,0,0
BRDA:87,10,1,0
BRDA:113,11,0,0
BRDA:113,11,1,0
BRDA:117,12,0,0
BRDA:117,12,1,0
BRDA:126,13,0,0
BRDA:126,13,1,0
BRDA:127,14,0,0
BRDA:127,14,1,0
BRDA:139,15,0,0
BRDA:139,15,1,0
BRDA:142,16,0,0
BRDA:142,16,1,0
BRDA:154,17,0,0
BRDA:154,17,1,0
BRDA:157,18,0,0
BRDA:157,18,1,0
BRDA:181,19,0,0
BRDA:183,20,0,6
BRDA:189,21,0,8
BRDA:189,21,1,8
BRDA:191,22,0,1
BRDA:191,22,1,7
BRDA:191,23,0,8
BRDA:191,23,1,8
BRDA:197,24,0,0
BRDA:197,24,1,1
BRDA:200,25,0,0
BRDA:200,25,1,1
BRDA:200,26,0,1
BRDA:200,26,1,1
BRDA:204,27,0,1
BRDA:204,27,1,0
BRDA:208,28,0,0
BRDA:208,28,1,7
BRDA:217,29,0,1
BRDA:217,29,1,6
BRDA:217,30,0,7
BRDA:217,30,1,7
BRDA:232,31,0,1
BRDA:232,31,1,6
BRDA:233,32,0,7
BRDA:233,32,1,1
BRDA:233,32,2,1
BRDA:255,33,0,2
BRDA:255,33,1,3
BRDA:256,34,0,1
BRDA:256,34,1,1
BRDA:264,35,0,1
BRDA:264,35,1,0
BRDA:264,36,0,1
BRDA:264,36,1,0
BRDA:265,37,0,1
BRDA:265,37,1,0
BRDA:265,37,2,0
BRDA:267,38,0,1
BRDA:267,38,1,0
BRDA:287,39,0,1
BRDA:287,39,1,3
BRDA:295,40,0,1
BRDA:295,40,1,0
BRDA:295,40,2,0
BRDA:297,41,0,1
BRDA:297,41,1,0
BRDA:306,42,0,2
BRDA:306,42,1,5
BRDA:306,43,0,7
BRDA:306,43,1,6
BRDA:312,44,0,2
BRDA:312,44,1,4
BRDA:344,45,0,1
BRDA:344,45,1,5
BRDA:346,46,0,1
BRDA:346,46,1,0
BRDA:348,47,0,1
BRDA:348,47,1,0
BRDA:348,48,0,1
BRDA:348,48,1,1
BRDA:351,49,0,0
BRDA:351,49,1,0
BRDA:352,50,0,0
BRDA:352,50,1,0
BRDA:383,51,0,5
BRDA:383,51,1,0
BRDA:384,52,0,5
BRDA:384,52,1,5
BRDA:386,53,0,5
BRDA:386,53,1,0
BRDA:386,53,2,0
BRDA:387,54,0,5
BRDA:387,54,1,5
BRDA:387,54,2,0
BRDA:388,55,0,5
BRDA:388,55,1,5
BRDA:390,56,0,5
BRDA:390,56,1,5
BRDA:391,57,0,5
BRDA:391,57,1,5
BRDA:392,58,0,5
BRDA:392,58,1,5
BRDA:393,59,0,5
BRDA:393,59,1,5
BRDA:394,60,0,5
BRDA:394,60,1,5
BRDA:395,61,0,5
BRDA:395,61,1,5
BRDA:396,62,0,5
BRDA:396,62,1,5
BRDA:397,63,0,5
BRDA:397,63,1,5
BRDA:398,64,0,5
BRDA:398,64,1,5
BRDA:400,65,0,5
BRDA:400,65,1,5
BRDA:401,66,0,5
BRDA:401,66,1,5
BRDA:402,67,0,5
BRDA:402,67,1,5
BRDA:403,68,0,5
BRDA:403,68,1,5
BRDA:404,69,0,5
BRDA:404,69,1,5
BRDA:406,70,0,5
BRDA:406,70,1,5
BRDA:407,71,0,5
BRDA:407,71,1,5
BRDA:408,72,0,5
BRDA:408,72,1,5
BRDA:410,73,0,5
BRDA:410,73,1,5
BRDA:411,74,0,5
BRDA:411,74,1,5
BRDA:412,75,0,5
BRDA:412,75,1,5
BRDA:413,76,0,5
BRDA:413,76,1,5
BRDA:414,77,0,5
BRDA:414,77,1,5
BRDA:415,78,0,5
BRDA:415,78,1,5
BRDA:416,79,0,5
BRDA:416,79,1,5
BRDA:418,80,0,5
BRDA:418,80,1,5
BRDA:422,81,0,5
BRDA:422,81,1,5
BRDA:423,82,0,5
BRDA:423,82,1,5
BRDA:424,83,0,5
BRDA:424,83,1,5
BRDA:425,84,0,5
BRDA:425,84,1,5
BRDA:428,85,0,5
BRDA:428,85,1,5
BRDA:429,86,0,5
BRDA:429,86,1,5
BRDA:431,87,0,5
BRDA:431,87,1,5
BRDA:433,88,0,5
BRDA:433,88,1,5
BRDA:434,89,0,5
BRDA:434,89,1,5
BRDA:437,90,0,5
BRDA:437,90,1,5
BRDA:438,91,0,5
BRDA:438,91,1,5
BRDA:439,92,0,5
BRDA:439,92,1,5
BRDA:440,93,0,5
BRDA:440,93,1,5
BRDA:441,94,0,5
BRDA:441,94,1,5
BRDA:443,95,0,5
BRDA:443,95,1,5
BRDA:445,96,0,5
BRDA:445,96,1,5
BRDA:447,97,0,5
BRDA:447,97,1,5
BRDA:451,98,0,5
BRDA:451,98,1,5
BRDA:456,99,0,5
BRDA:456,99,1,5
BRDA:458,100,0,5
BRDA:458,100,1,5
BRDA:460,101,0,5
BRDA:460,101,1,5
BRDA:464,102,0,5
BRDA:464,102,1,5
BRDA:466,103,0,5
BRDA:466,103,1,5
BRDA:467,104,0,5
BRDA:467,104,1,5
BRDA:468,105,0,5
BRDA:468,105,1,5
BRDA:469,106,0,5
BRDA:469,106,1,5
BRDA:470,107,0,5
BRDA:470,107,1,5
BRDA:471,108,0,5
BRDA:471,108,1,5
BRDA:472,109,0,5
BRDA:472,109,1,5
BRDA:473,110,0,5
BRDA:473,110,1,5
BRDA:474,111,0,5
BRDA:474,111,1,5
BRDA:475,112,0,5
BRDA:475,112,1,5
BRDA:477,113,0,5
BRDA:477,113,1,5
BRDA:478,114,0,5
BRDA:478,114,1,5
BRDA:506,115,0,0
BRDA:506,115,1,0
BRDA:506,116,0,0
BRDA:506,116,1,0
BRDA:508,117,0,0
BRDA:508,117,1,0
BRDA:509,118,0,0
BRDA:509,118,1,0
BRDA:510,119,0,0
BRDA:510,119,1,0
BRDA:511,120,0,0
BRDA:511,120,1,0
BRDA:540,121,0,0
BRDA:540,121,1,0
BRDA:540,122,0,0
BRDA:540,122,1,0
BRDA:544,123,0,0
BRDA:544,123,1,0
BRDA:545,124,0,0
BRDA:545,124,1,0
BRDA:546,125,0,0
BRDA:546,125,1,0
BRDA:555,126,0,4
BRDA:555,126,1,4
BRDA:560,127,0,4
BRDA:560,127,1,4
BRDA:568,128,0,0
BRDA:568,128,1,0
BRDA:568,129,0,0
BRDA:568,129,1,0
BRDA:580,130,0,0
BRDA:580,130,1,0
BRDA:581,131,0,0
BRDA:581,131,1,0
BRDA:582,132,0,0
BRDA:582,132,1,0
BRDA:583,133,0,0
BRDA:583,133,1,0
BRDA:584,134,0,0
BRDA:584,134,1,0
BRDA:585,135,0,0
BRDA:585,135,1,0
BRDA:593,136,0,0
BRDA:593,136,1,4
BRDA:599,137,0,4
BRDA:599,137,1,4
BRDA:603,138,0,0
BRDA:603,138,1,0
BRDA:603,139,0,0
BRDA:603,139,1,0
BRDA:614,140,0,0
BRDA:614,140,1,0
BRDA:615,141,0,0
BRDA:615,141,1,0
BRDA:618,142,0,0
BRDA:618,142,1,0
BRDA:629,143,0,4
BRDA:629,143,1,4
BRDA:631,144,0,0
BRDA:631,144,1,4
BRDA:634,145,0,4
BRDA:634,145,1,4
BRDA:638,146,0,0
BRDA:638,146,1,0
BRDA:638,147,0,0
BRDA:638,147,1,0
BRDA:649,148,0,0
BRDA:649,148,1,0
BRDA:650,149,0,0
BRDA:650,149,1,0
BRDA:651,150,0,0
BRDA:651,150,1,0
BRDA:652,151,0,0
BRDA:652,151,1,0
BRDA:653,152,0,0
BRDA:653,152,1,0
BRF:309
BRH:195
end_of_record
TN:
SF:src\services\member\memberRank.service.js
FN:24,(anonymous_0)
FN:78,(anonymous_1)
FN:137,(anonymous_2)
FNF:3
FNH:3
FNDA:4,(anonymous_0)
FNDA:2,(anonymous_1)
FNDA:3,(anonymous_2)
DA:1,1
DA:2,1
DA:5,1
DA:8,1
DA:11,1
DA:12,1
DA:13,1
DA:14,1
DA:24,1
DA:25,4
DA:28,3
DA:30,3
DA:31,3
DA:33,3
DA:34,3
DA:36,1
DA:37,1
DA:38,1
DA:41,1
DA:42,1
DA:46,1
DA:56,1
DA:78,1
DA:79,2
DA:80,2
DA:81,2
DA:84,1
DA:86,1
DA:90,1
DA:92,1
DA:93,1
DA:96,1
DA:99,1
DA:100,1
DA:103,1
DA:104,1
DA:108,1
DA:117,1
DA:137,1
DA:138,3
DA:139,2
DA:140,2
DA:142,1
DA:145,1
LF:44
LH:44
BRDA:30,0,0,3
BRDA:30,0,1,1
BRDA:30,0,2,1
BRDA:36,1,0,1
BRDA:36,1,1,1
BRDA:37,2,0,1
BRDA:37,2,1,0
BRDA:41,3,0,1
BRDA:41,3,1,0
BRDA:41,4,0,1
BRDA:41,4,1,1
BRDA:48,5,0,1
BRDA:48,5,1,0
BRDA:50,6,0,1
BRDA:50,6,1,1
BRDA:50,6,2,1
BRDA:81,7,0,1
BRDA:81,7,1,1
BRDA:86,8,0,1
BRDA:86,8,1,1
BRDA:86,8,2,1
BRDA:86,8,3,1
BRDA:90,9,0,1
BRDA:90,9,1,1
BRDA:96,10,0,0
BRDA:96,10,1,1
BRDA:96,11,0,1
BRDA:96,11,1,1
BRDA:97,12,0,0
BRDA:97,12,1,0
BRDA:99,13,0,1
BRDA:99,13,1,0
BRDA:103,14,0,1
BRDA:103,14,1,0
BRDA:103,15,0,1
BRDA:103,15,1,1
BRDA:109,16,0,1
BRDA:109,16,1,0
BRDA:111,17,0,1
BRDA:111,17,1,1
BRDA:111,17,2,1
BRDA:140,18,0,1
BRDA:140,18,1,1
BRF:43
BRH:34
end_of_record
TN:
SF:src\services\member\orgEvaluation.service.js
FN:17,(anonymous_0)
FN:41,(anonymous_1)
FN:60,(anonymous_2)
FN:107,(anonymous_3)
FN:111,(anonymous_4)
FN:119,(anonymous_5)
FN:172,(anonymous_6)
FN:186,(anonymous_7)
FN:202,(anonymous_8)
FN:257,(anonymous_9)
FN:272,(anonymous_10)
FN:319,(anonymous_11)
FN:335,(anonymous_12)
FN:348,(anonymous_13)
FN:353,(anonymous_14)
FN:414,(anonymous_15)
FN:433,(anonymous_16)
FNF:17
FNH:17
FNDA:10,(anonymous_0)
FNDA:7,(anonymous_1)
FNDA:5,(anonymous_2)
FNDA:4,(anonymous_3)
FNDA:1,(anonymous_4)
FNDA:3,(anonymous_5)
FNDA:4,(anonymous_6)
FNDA:2,(anonymous_7)
FNDA:2,(anonymous_8)
FNDA:4,(anonymous_9)
FNDA:2,(anonymous_10)
FNDA:3,(anonymous_11)
FNDA:11,(anonymous_12)
FNDA:10,(anonymous_13)
FNDA:9,(anonymous_14)
FNDA:4,(anonymous_15)
FNDA:1,(anonymous_16)
DA:1,1
DA:2,1
DA:3,1
DA:4,1
DA:5,1
DA:6,1
DA:7,1
DA:8,1
DA:17,1
DA:18,10
DA:19,1
DA:20,9
DA:21,1
DA:23,8
DA:24,8
DA:26,7
DA:37,7
DA:38,1
DA:41,6
DA:42,7
DA:43,6
DA:44,6
DA:46,6
DA:48,6
DA:50,1
DA:53,6
DA:54,1
DA:59,5
DA:60,5
DA:61,5
DA:62,5
DA:63,1
DA:64,5
DA:65,5
DA:66,5
DA:67,5
DA:68,5
DA:69,0
DA:73,5
DA:74,5
DA:75,5
DA:76,5
DA:78,5
DA:80,5
DA:81,4
DA:85,5
DA:86,4
DA:87,4
DA:90,5
DA:91,1
DA:97,5
DA:98,1
DA:101,1
DA:102,1
DA:106,4
DA:107,4
DA:109,4
DA:110,1
DA:111,1
DA:113,1
DA:117,3
DA:119,3
DA:129,3
DA:138,3
DA:139,3
DA:140,3
DA:141,2
DA:142,2
DA:157,1
DA:160,3
DA:172,1
DA:173,4
DA:174,1
DA:175,3
DA:176,3
DA:178,3
DA:182,3
DA:186,2
DA:188,2
DA:200,2
DA:202,2
DA:215,2
DA:224,2
DA:225,2
DA:226,2
DA:227,1
DA:228,1
DA:243,1
DA:246,2
DA:257,1
DA:258,4
DA:259,1
DA:260,3
DA:261,1
DA:263,2
DA:264,2
DA:266,2
DA:270,2
DA:272,2
DA:284,2
DA:293,2
DA:294,2
DA:295,2
DA:296,1
DA:297,1
DA:307,1
DA:310,2
DA:319,1
DA:320,3
DA:321,3
DA:323,3
DA:324,3
DA:326,2
DA:335,2
DA:336,11
DA:337,10
DA:338,10
DA:340,10
DA:342,10
DA:344,1
DA:347,2
DA:348,10
DA:350,2
DA:352,2
DA:353,2
DA:354,9
DA:355,7
DA:356,2
DA:357,1
DA:361,2
DA:365,2
DA:366,2
DA:367,1
DA:373,2
DA:414,1
DA:415,4
DA:416,1
DA:417,3
DA:418,1
DA:420,2
DA:421,2
DA:423,2
DA:428,2
DA:431,1
DA:433,1
DA:445,1
DA:454,1
DA:457,1
LF:148
LH:147
BRDA:18,0,0,1
BRDA:18,0,1,9
BRDA:20,1,0,1
BRDA:20,1,1,8
BRDA:24,2,0,1
BRDA:24,2,1,7
BRDA:37,3,0,1
BRDA:37,3,1,6
BRDA:42,4,0,6
BRDA:42,4,1,1
BRDA:42,5,0,7
BRDA:42,5,1,6
BRDA:53,6,0,1
BRDA:53,6,1,5
BRDA:62,7,0,1
BRDA:62,7,1,4
BRDA:62,8,0,5
BRDA:62,8,1,5
BRDA:64,9,0,1
BRDA:64,9,1,4
BRDA:65,10,0,1
BRDA:65,10,1,4
BRDA:66,11,0,1
BRDA:66,11,1,4
BRDA:67,12,0,1
BRDA:67,12,1,4
BRDA:68,13,0,0
BRDA:68,13,1,5
BRDA:74,14,0,5
BRDA:74,14,1,0
BRDA:74,15,0,5
BRDA:74,15,1,5
BRDA:80,16,0,4
BRDA:80,16,1,1
BRDA:85,17,0,4
BRDA:85,17,1,1
BRDA:86,18,0,1
BRDA:86,18,1,3
BRDA:87,19,0,1
BRDA:87,19,1,3
BRDA:90,20,0,1
BRDA:90,20,1,4
BRDA:92,21,0,1
BRDA:92,21,1,1
BRDA:97,22,0,1
BRDA:97,22,1,4
BRDA:109,23,0,1
BRDA:109,23,1,3
BRDA:111,24,0,1
BRDA:111,24,1,0
BRDA:141,25,0,2
BRDA:141,25,1,0
BRDA:145,26,0,2
BRDA:145,26,1,0
BRDA:146,27,0,2
BRDA:146,27,1,0
BRDA:173,28,0,1
BRDA:173,28,1,3
BRDA:176,29,0,0
BRDA:176,29,1,3
BRDA:182,30,0,1
BRDA:182,30,1,2
BRDA:191,31,0,2
BRDA:191,31,1,2
BRDA:192,32,0,2
BRDA:192,32,1,0
BRDA:193,33,0,2
BRDA:193,33,1,2
BRDA:194,34,0,2
BRDA:194,34,1,2
BRDA:209,35,0,2
BRDA:209,35,1,0
BRDA:210,36,0,2
BRDA:210,36,1,0
BRDA:227,37,0,1
BRDA:227,37,1,0
BRDA:258,38,0,1
BRDA:258,38,1,3
BRDA:260,39,0,1
BRDA:260,39,1,2
BRDA:260,40,0,3
BRDA:260,40,1,3
BRDA:264,41,0,0
BRDA:264,41,1,2
BRDA:296,42,0,1
BRDA:296,42,1,0
BRDA:321,43,0,0
BRDA:321,43,1,3
BRDA:324,44,0,1
BRDA:324,44,1,2
BRDA:336,45,0,10
BRDA:336,45,1,1
BRDA:336,46,0,11
BRDA:336,46,1,10
BRDA:354,47,0,2
BRDA:354,47,1,7
BRDA:355,48,0,5
BRDA:355,48,1,2
BRDA:356,49,0,1
BRDA:356,49,1,1
BRDA:357,50,0,1
BRDA:357,50,1,0
BRDA:361,51,0,2
BRDA:361,51,1,0
BRDA:366,52,0,1
BRDA:366,52,1,1
BRDA:384,53,0,2
BRDA:384,53,1,0
BRDA:391,54,0,2
BRDA:391,54,1,0
BRDA:398,55,0,2
BRDA:398,55,1,0
BRDA:415,56,0,1
BRDA:415,56,1,3
BRDA:417,57,0,1
BRDA:417,57,1,2
BRDA:421,58,0,0
BRDA:421,58,1,2
BRDA:428,59,0,1
BRDA:428,59,1,1
BRF:120
BRH:100
end_of_record
